<?xml version="1.0" encoding="utf-8"?><testsuites name="pytest tests"><testsuite name="pytest" errors="0" failures="0" skipped="0" tests="18" time="2.532" timestamp="2026-03-19T20:30:35.332073+00:00" hostname="agent-env-5a4290c7-e6bf-4aa1-8b0c-6bb32a333724"><testcase classname="tests.test_iteration68_forensic_rollback.TestHealthEndpoint" name="test_health_returns_ok" time="0.736" /><testcase classname="tests.test_iteration68_forensic_rollback.TestRiskConfigForensicRollback" name="test_max_position_size_reverted_to_25" time="0.069" /><testcase classname="tests.test_iteration68_forensic_rollback.TestRiskConfigForensicRollback" name="test_crypto_max_exposure_increased_to_250" time="0.068" /><testcase classname="tests.test_iteration68_forensic_rollback.TestRiskConfigForensicRollback" name="test_arb_max_exposure_reduced_to_25" time="0.296" /><testcase classname="tests.test_iteration68_forensic_rollback.TestRiskConfigForensicRollback" name="test_arb_reserved_capital_reduced_to_25" time="0.067" /><testcase classname="tests.test_iteration68_forensic_rollback.TestRiskConfigForensicRollback" name="test_max_arb_positions_reduced_to_10" time="0.073" /><testcase classname="tests.test_iteration68_forensic_rollback.TestCryptoSniperForensicRollback" name="test_max_tte_seconds_reverted_to_28800" time="0.068" /><testcase classname="tests.test_iteration68_forensic_rollback.TestCryptoSniperForensicRollback" name="test_opposite_side_held_filter_active_in_code" time="0.091" /><testcase classname="tests.test_iteration68_forensic_rollback.TestWeatherTuningUpgrades" name="test_min_edge_bps_reduced_to_350" time="0.079" /><testcase classname="tests.test_iteration68_forensic_rollback.TestWeatherTuningUpgrades" name="test_min_confidence_reduced_to_045" time="0.084" /><testcase classname="tests.test_iteration68_forensic_rollback.TestWeatherTuningUpgrades" name="test_default_size_increased_to_5" time="0.062" /><testcase classname="tests.test_iteration68_forensic_rollback.TestWeatherTuningUpgrades" name="test_max_signal_size_increased_to_12" time="0.099" /><testcase classname="tests.test_iteration68_forensic_rollback.TestTelegramMonitoring" name="test_telegram_enabled_and_configured" time="0.072" /><testcase classname="tests.test_iteration68_forensic_rollback.TestTelegramMonitoring" name="test_telegram_credentials_present" time="0.083" /><testcase classname="tests.test_iteration68_forensic_rollback.TestStateSnapshotForensicValues" name="test_state_snapshot_returns_data" time="0.078" /><testcase classname="tests.test_iteration68_forensic_rollback.TestStrategyActiveStatus" name="test_all_strategies_enabled" time="0.058" /><testcase classname="tests.test_iteration68_forensic_rollback.TestAdditionalConfigValues" name="test_weather_lifecycle_mode_shadow_exit" time="0.067" /><testcase classname="tests.test_iteration68_forensic_rollback.TestAdditionalConfigValues" name="test_arb_config_preserved" time="0.262" /></testsuite></testsuites>