<?xml version="1.0" encoding="utf-8"?><testsuites name="pytest tests"><testsuite name="pytest" errors="0" failures="0" skipped="0" tests="13" time="2.165" timestamp="2026-03-16T12:58:37.819618+00:00" hostname="agent-env-5a4290c7-e6bf-4aa1-8b0c-6bb32a333724"><testcase classname="backend.tests.test_telegram_noise_reduction.TestTelegramConfig" name="test_telegram_configured" time="0.340" /><testcase classname="backend.tests.test_telegram_noise_reduction.TestTelegramConfig" name="test_telegram_enabled" time="0.124" /><testcase classname="backend.tests.test_telegram_noise_reduction.TestTelegramConfig" name="test_telegram_credentials_present" time="0.109" /><testcase classname="backend.tests.test_telegram_noise_reduction.TestWeatherAlertsTelegramRemoved" name="test_weather_alerts_total_telegram_sent_zero" time="0.096" /><testcase classname="backend.tests.test_telegram_noise_reduction.TestWeatherAlertsTelegramRemoved" name="test_weather_alerts_endpoint_returns_stats" time="0.082" /><testcase classname="backend.tests.test_telegram_noise_reduction.TestTelegramTestEndpoint" name="test_telegram_test_returns_success_format" time="0.611" /><testcase classname="backend.tests.test_telegram_noise_reduction.TestRegressionEndpoints" name="test_status_endpoint" time="0.099" /><testcase classname="backend.tests.test_telegram_noise_reduction.TestRegressionEndpoints" name="test_health_endpoint" time="0.072" /><testcase classname="backend.tests.test_telegram_noise_reduction.TestRegressionEndpoints" name="test_global_analytics_endpoint" time="0.082" /><testcase classname="backend.tests.test_telegram_noise_reduction.TestRegressionEndpoints" name="test_auto_resolver_health" time="0.103" /><testcase classname="backend.tests.test_telegram_noise_reduction.TestRegressionEndpoints" name="test_weather_strategy_health" time="0.160" /><testcase classname="backend.tests.test_telegram_noise_reduction.TestRegressionEndpoints" name="test_arb_strategy_health" time="0.086" /><testcase classname="backend.tests.test_telegram_noise_reduction.TestRegressionEndpoints" name="test_sniper_strategy_health" time="0.131" /></testsuite></testsuites>