<?xml version="1.0" encoding="utf-8"?><testsuites name="pytest tests"><testsuite name="pytest" errors="0" failures="0" skipped="3" tests="22" time="2.954" timestamp="2026-03-18T18:53:46.457407+00:00" hostname="agent-env-5a4290c7-e6bf-4aa1-8b0c-6bb32a333724"><testcase classname="backend.tests.test_iteration57_slot_rotation.TestSlotRotationBackend" name="test_lifecycle_endpoint_returns_200" time="0.911" /><testcase classname="backend.tests.test_iteration57_slot_rotation.TestSlotRotationBackend" name="test_lifecycle_evaluations_have_book_fields" time="0.293"><skipped type="pytest.skip" message="No lifecycle evaluations available - no open weather positions">/app/backend/tests/test_iteration57_slot_rotation.py:53: No lifecycle evaluations available - no open weather positions</skipped></testcase><testcase classname="backend.tests.test_iteration57_slot_rotation.TestSlotRotationBackend" name="test_lifecycle_config_has_slot_rotation_settings" time="0.174" /><testcase classname="backend.tests.test_iteration57_slot_rotation.TestSlotRotationBackend" name="test_dashboard_returns_200" time="0.077" /><testcase classname="backend.tests.test_iteration57_slot_rotation.TestSlotRotationBackend" name="test_dashboard_summary_has_slot_rotations" time="0.073" /><testcase classname="backend.tests.test_iteration57_slot_rotation.TestSlotRotationBackend" name="test_dashboard_config_has_slot_rotation_settings" time="0.081" /><testcase classname="backend.tests.test_iteration57_slot_rotation.TestSlotRotationBackend" name="test_dashboard_reason_distribution_includes_slot_rotation" time="0.084" /><testcase classname="backend.tests.test_iteration57_slot_rotation.TestSlotRotationBackend" name="test_positions_by_strategy_returns_200" time="0.109" /><testcase classname="backend.tests.test_iteration57_slot_rotation.TestSlotRotationBackend" name="test_positions_by_strategy_lifecycle_has_book_fields" time="0.079" /><testcase classname="backend.tests.test_iteration57_slot_rotation.TestSlotRotationBackend" name="test_health_endpoint_returns_200" time="0.064" /><testcase classname="backend.tests.test_iteration57_slot_rotation.TestSlotRotationBackend" name="test_health_entry_quality_has_slot_rotation_config" time="0.101" /><testcase classname="backend.tests.test_iteration57_slot_rotation.TestSlotRotationBackend" name="test_health_lifecycle_has_slot_rotations_count" time="0.082" /><testcase classname="backend.tests.test_iteration57_slot_rotation.TestSlotRotationBackend" name="test_simulate_endpoint_returns_200" time="0.069" /><testcase classname="backend.tests.test_iteration57_slot_rotation.TestSlotRotationBackend" name="test_simulate_includes_slot_rotation_in_breakdown" time="0.065" /><testcase classname="backend.tests.test_iteration57_slot_rotation.TestSlotRotationBackend" name="test_simulate_with_slot_rotation_enabled" time="0.072" /><testcase classname="backend.tests.test_iteration57_slot_rotation.TestSlotRotationBackend" name="test_book_ranking_highest_rank_is_strongest" time="0.071"><skipped type="pytest.skip" message="Need at least 2 positions to test ranking">/app/backend/tests/test_iteration57_slot_rotation.py:275: Need at least 2 positions to test ranking</skipped></testcase><testcase classname="backend.tests.test_iteration57_slot_rotation.TestSlotRotationBackend" name="test_slot_rotation_only_flags_bottom_30_percent" time="0.096"><skipped type="pytest.skip" message="No evaluations to check">/app/backend/tests/test_iteration57_slot_rotation.py:304: No evaluations to check</skipped></testcase><testcase classname="backend.tests.test_iteration57_slot_rotation.TestSlotRotationBackend" name="test_asymmetric_positions_not_ranked" time="0.092" /><testcase classname="backend.tests.test_iteration57_slot_rotation.TestSlotRotationBackend" name="test_entry_quality_endpoint_returns_200" time="0.076" /><testcase classname="backend.tests.test_iteration57_slot_rotation.TestSlotRotationBackend" name="test_exit_candidates_returns_200" time="0.070" /><testcase classname="backend.tests.test_iteration57_slot_rotation.TestSlotRotationBackend" name="test_exit_candidates_has_mode_and_config" time="0.075" /><testcase classname="backend.tests.test_iteration57_slot_rotation.TestSlotRotationConfig" name="test_default_config_values" time="0.056" /></testsuite></testsuites>