<?xml version="1.0" encoding="utf-8"?><testsuites name="pytest tests"><testsuite name="pytest" errors="0" failures="0" skipped="0" tests="11" time="6.546" timestamp="2026-03-16T22:23:22.317734+00:00" hostname="agent-env-5a4290c7-e6bf-4aa1-8b0c-6bb32a333724"><testcase classname="backend.tests.test_persistence_restart.TestPersistenceRestartResilience" name="test_health_endpoint" time="3.265" /><testcase classname="backend.tests.test_persistence_restart.TestPersistenceRestartResilience" name="test_status_has_loaded_trades" time="0.062" /><testcase classname="backend.tests.test_persistence_restart.TestPersistenceRestartResilience" name="test_positions_loaded_from_snapshot" time="0.072" /><testcase classname="backend.tests.test_persistence_restart.TestPersistenceRestartResilience" name="test_pnl_history_non_empty" time="0.072" /><testcase classname="backend.tests.test_persistence_restart.TestPersistenceRestartResilience" name="test_global_analytics_strategy_performance" time="0.090" /><testcase classname="backend.tests.test_persistence_restart.TestPersistenceRestartResilience" name="test_global_analytics_timeseries" time="0.088" /><testcase classname="backend.tests.test_persistence_restart.TestPersistenceRestartResilience" name="test_data_consistency_close_count" time="0.432" /><testcase classname="backend.tests.test_persistence_restart.TestPersistenceRestartResilience" name="test_trades_endpoint_returns_data" time="0.083" /><testcase classname="backend.tests.test_persistence_restart.TestNoTradeDuplication" name="test_trade_count_stable" time="2.174" /><testcase classname="backend.tests.test_persistence_restart.TestWinRateConsistency" name="test_win_rate_calculation" time="0.064" /><testcase classname="backend.tests.test_persistence_restart.TestEngineStatusAfterLoad" name="test_engine_running" time="0.066" /></testsuite></testsuites>