<?xml version="1.0" encoding="utf-8"?><testsuites name="pytest tests"><testsuite name="pytest" errors="0" failures="0" skipped="0" tests="30" time="10.055" timestamp="2026-03-15T21:43:45.337753+00:00" hostname="agent-env-5a4290c7-e6bf-4aa1-8b0c-6bb32a333724"><testcase classname="tests.test_clob_ws_integration.TestClobWsHealth" name="test_clob_ws_health_endpoint_exists" time="0.112" /><testcase classname="tests.test_clob_ws_integration.TestClobWsHealth" name="test_clob_ws_health_has_required_fields" time="0.077" /><testcase classname="tests.test_clob_ws_integration.TestClobWsHealth" name="test_clob_ws_connected_on_server_startup" time="0.068" /><testcase classname="tests.test_clob_ws_integration.TestClobWsHealth" name="test_clob_ws_url_is_polymarket" time="0.063" /><testcase classname="tests.test_clob_ws_integration.TestWeatherHealthClobWs" name="test_weather_health_includes_clob_ws_health" time="0.076" /><testcase classname="tests.test_clob_ws_integration.TestWeatherHealthClobWs" name="test_weather_health_clob_ws_connected" time="0.059" /><testcase classname="tests.test_clob_ws_integration.TestWeatherHealthClobWs" name="test_weather_health_clob_ws_has_subscribed_tokens" time="0.067" /><testcase classname="tests.test_clob_ws_integration.TestClobWsNoStaleMarketRejections" name="test_no_stale_market_rejection_reason" time="0.073" /><testcase classname="tests.test_clob_ws_integration.TestClobWsNoStaleMarketRejections" name="test_clob_ws_receiving_messages" time="0.066" /><testcase classname="tests.test_clob_ws_integration.TestClobWsNoStaleMarketRejections" name="test_clob_ws_price_updates_received" time="0.092" /><testcase classname="tests.test_clob_ws_integration.TestWeatherEndpointsRegression" name="test_weather_health_endpoint" time="0.079" /><testcase classname="tests.test_clob_ws_integration.TestWeatherEndpointsRegression" name="test_weather_signals_endpoint" time="0.064" /><testcase classname="tests.test_clob_ws_integration.TestWeatherEndpointsRegression" name="test_weather_executions_endpoint" time="0.071" /><testcase classname="tests.test_clob_ws_integration.TestWeatherEndpointsRegression" name="test_weather_forecasts_endpoint" time="0.067" /><testcase classname="tests.test_clob_ws_integration.TestWeatherEndpointsRegression" name="test_weather_stations_endpoint" time="0.071" /><testcase classname="tests.test_clob_ws_integration.TestWeatherEndpointsRegression" name="test_weather_config_endpoint" time="0.072" /><testcase classname="tests.test_clob_ws_integration.TestCalibrationEndpointsRegression" name="test_calibration_status_endpoint" time="0.065" /><testcase classname="tests.test_clob_ws_integration.TestCalibrationEndpointsRegression" name="test_calibration_run_endpoint_exists" time="7.863" /><testcase classname="tests.test_clob_ws_integration.TestShadowModeEndpointsRegression" name="test_shadow_summary_endpoint" time="0.108" /><testcase classname="tests.test_clob_ws_integration.TestShadowModeEndpointsRegression" name="test_shadow_enable_endpoint" time="0.067" /><testcase classname="tests.test_clob_ws_integration.TestShadowModeEndpointsRegression" name="test_shadow_reset_endpoint" time="0.072" /><testcase classname="tests.test_clob_ws_integration.TestDemoModeEndpointsRegression" name="test_demo_status_endpoint" time="0.072" /><testcase classname="tests.test_clob_ws_integration.TestDemoModeEndpointsRegression" name="test_demo_weather_signals_endpoint" time="0.071" /><testcase classname="tests.test_clob_ws_integration.TestDemoModeEndpointsRegression" name="test_demo_weather_health_endpoint" time="0.071" /><testcase classname="tests.test_clob_ws_integration.TestDemoModeEndpointsRegression" name="test_demo_weather_shadow_summary_endpoint" time="0.079" /><testcase classname="tests.test_clob_ws_integration.TestOtherPagesNoRegression" name="test_positions_endpoint" time="0.060" /><testcase classname="tests.test_clob_ws_integration.TestOtherPagesNoRegression" name="test_trades_endpoint" time="0.061" /><testcase classname="tests.test_clob_ws_integration.TestOtherPagesNoRegression" name="test_analytics_summary_endpoint" time="0.065" /><testcase classname="tests.test_clob_ws_integration.TestOtherPagesNoRegression" name="test_analytics_strategies_endpoint" time="0.057" /><testcase classname="tests.test_clob_ws_integration.TestOtherPagesNoRegression" name="test_orders_endpoint" time="0.077" /></testsuite></testsuites>