<?xml version="1.0" encoding="utf-8"?><testsuites name="pytest tests"><testsuite name="pytest" errors="0" failures="0" skipped="0" tests="16" time="2.652" timestamp="2026-03-17T16:16:09.061662+00:00" hostname="agent-env-5a4290c7-e6bf-4aa1-8b0c-6bb32a333724"><testcase classname="backend.tests.test_iteration45_phase1.TestPositionsByStrategy" name="test_endpoint_returns_200" time="0.125" /><testcase classname="backend.tests.test_iteration45_phase1.TestPositionsByStrategy" name="test_response_has_required_structure" time="0.114" /><testcase classname="backend.tests.test_iteration45_phase1.TestPositionsByStrategy" name="test_positions_grouped_by_strategy" time="0.098" /><testcase classname="backend.tests.test_iteration45_phase1.TestPositionsByStrategy" name="test_summaries_have_required_fields" time="0.132" /><testcase classname="backend.tests.test_iteration45_phase1.TestPositionsByStrategy" name="test_weather_positions_have_metadata" time="0.118" /><testcase classname="backend.tests.test_iteration45_phase1.TestPositionsByStrategy" name="test_crypto_positions_have_metadata" time="0.111" /><testcase classname="backend.tests.test_iteration45_phase1.TestPositionsByStrategy" name="test_positions_have_display_fields" time="0.101" /><testcase classname="backend.tests.test_iteration45_phase1.TestPositionsByStrategy" name="test_positions_have_time_to_resolution" time="0.123" /><testcase classname="backend.tests.test_iteration45_phase1.TestPositionsByStrategy" name="test_total_open_matches_sum" time="0.102" /><testcase classname="backend.tests.test_iteration45_phase1.TestPositionsByStrategy" name="test_weather_summary_pnl_values" time="0.081" /><testcase classname="backend.tests.test_iteration45_phase1.TestPositionsByStrategy" name="test_crypto_summary_shows_realized_pnl" time="0.151" /><testcase classname="backend.tests.test_iteration45_phase1.TestAnalyticsStrategyAttribution" name="test_endpoint_returns_200" time="0.086" /><testcase classname="backend.tests.test_iteration45_phase1.TestAnalyticsStrategyAttribution" name="test_has_three_main_buckets" time="0.103" /><testcase classname="backend.tests.test_iteration45_phase1.TestAnalyticsStrategyAttribution" name="test_each_bucket_has_pnl_fields" time="0.972" /><testcase classname="backend.tests.test_iteration45_phase1.TestControlsEndpoint" name="test_endpoint_returns_200" time="0.099" /><testcase classname="backend.tests.test_iteration45_phase1.TestControlsEndpoint" name="test_returns_paper_mode" time="0.086" /></testsuite></testsuites>