<?xml version="1.0" encoding="utf-8"?><testsuites name="pytest tests"><testsuite name="pytest" errors="0" failures="0" skipped="0" tests="14" time="1.449" timestamp="2026-03-20T14:52:47.360161+00:00" hostname="agent-env-5a4290c7-e6bf-4aa1-8b0c-6bb32a333724"><testcase classname="tests.test_iteration72_dual_shadow_mode.TestShadowReportDualMode" name="test_shadow_report_returns_both_unit_and_le_sections" time="0.133" /><testcase classname="tests.test_iteration72_dual_shadow_mode.TestShadowReportDualMode" name="test_unit_size_section_has_required_fields" time="0.073" /><testcase classname="tests.test_iteration72_dual_shadow_mode.TestShadowReportDualMode" name="test_live_equivalent_section_has_required_fields" time="0.099" /><testcase classname="tests.test_iteration72_dual_shadow_mode.TestShadowReportDualMode" name="test_sizing_section_shows_accumulation_difference" time="0.102" /><testcase classname="tests.test_iteration72_dual_shadow_mode.TestShadowPositionsEndpoints" name="test_unit_positions_endpoint_works" time="0.102" /><testcase classname="tests.test_iteration72_dual_shadow_mode.TestShadowPositionsEndpoints" name="test_le_positions_endpoint_works" time="0.126" /><testcase classname="tests.test_iteration72_dual_shadow_mode.TestShadowPositionsEndpoints" name="test_le_positions_have_avg_entry_field" time="0.095" /><testcase classname="tests.test_iteration72_dual_shadow_mode.TestShadowPositionsEndpoints" name="test_le_positions_respect_max_cap" time="0.085" /><testcase classname="tests.test_iteration72_dual_shadow_mode.TestShadowClosedEndpoints" name="test_unit_closed_endpoint_works" time="0.119" /><testcase classname="tests.test_iteration72_dual_shadow_mode.TestShadowClosedEndpoints" name="test_le_closed_endpoint_works" time="0.126" /><testcase classname="tests.test_iteration72_dual_shadow_mode.TestShadowEvaluationsLEAction" name="test_evaluations_have_le_action_field" time="0.070" /><testcase classname="tests.test_iteration72_dual_shadow_mode.TestShadowDataIsolation" name="test_status_has_no_shadow_data" time="0.076" /><testcase classname="tests.test_iteration72_dual_shadow_mode.TestShadowDataIsolation" name="test_pnl_history_has_no_shadow_entries" time="0.095" /><testcase classname="tests.test_iteration72_dual_shadow_mode.TestDualModeComparison" name="test_unit_vs_le_total_size_difference" time="0.093" /></testsuite></testsuites>