<?xml version="1.0" encoding="utf-8"?><testsuites name="pytest tests"><testsuite name="pytest" errors="0" failures="0" skipped="0" tests="31" time="3.486" timestamp="2026-03-13T15:09:40.606724+00:00" hostname="agent-env-5297b10e-c6bc-411c-8cf3-0d98e9c34de4"><testcase classname="backend.tests.test_phase8a_live_execution_hardening.TestWalletEndpoint" name="test_wallet_returns_200" time="0.181" /><testcase classname="backend.tests.test_phase8a_live_execution_hardening.TestWalletEndpoint" name="test_wallet_has_expected_fields" time="0.146" /><testcase classname="backend.tests.test_phase8a_live_execution_hardening.TestWalletEndpoint" name="test_wallet_authenticated_false_without_credentials" time="0.114" /><testcase classname="backend.tests.test_phase8a_live_execution_hardening.TestWalletEndpoint" name="test_wallet_balance_null_without_authentication" time="0.121" /><testcase classname="backend.tests.test_phase8a_live_execution_hardening.TestWalletEndpoint" name="test_wallet_warnings_is_array" time="0.077" /><testcase classname="backend.tests.test_phase8a_live_execution_hardening.TestWalletEndpoint" name="test_wallet_live_ready_false_without_credentials" time="0.094" /><testcase classname="backend.tests.test_phase8a_live_execution_hardening.TestLiveOrdersEndpoint" name="test_orders_returns_200" time="0.099" /><testcase classname="backend.tests.test_phase8a_live_execution_hardening.TestLiveOrdersEndpoint" name="test_orders_returns_array" time="0.105" /><testcase classname="backend.tests.test_phase8a_live_execution_hardening.TestExecutionStatusEnhanced" name="test_execution_status_returns_200" time="0.106" /><testcase classname="backend.tests.test_phase8a_live_execution_hardening.TestExecutionStatusEnhanced" name="test_live_adapter_has_open_orders_field" time="0.117" /><testcase classname="backend.tests.test_phase8a_live_execution_hardening.TestExecutionStatusEnhanced" name="test_live_adapter_has_partial_orders_field" time="0.072" /><testcase classname="backend.tests.test_phase8a_live_execution_hardening.TestExecutionStatusEnhanced" name="test_live_adapter_has_last_api_call_field" time="0.078" /><testcase classname="backend.tests.test_phase8a_live_execution_hardening.TestExecutionStatusEnhanced" name="test_live_adapter_has_last_status_refresh_field" time="0.100" /><testcase classname="backend.tests.test_phase8a_live_execution_hardening.TestExecutionStatusEnhanced" name="test_live_adapter_has_recent_errors_field" time="0.078" /><testcase classname="backend.tests.test_phase8a_live_execution_hardening.TestExecutionStatusEnhanced" name="test_live_adapter_has_total_partial_fills_field" time="0.085" /><testcase classname="backend.tests.test_phase8a_live_execution_hardening.TestExecutionModeAPI" name="test_execution_mode_returns_200" time="0.127" /><testcase classname="backend.tests.test_phase8a_live_execution_hardening.TestExecutionModeAPI" name="test_execution_mode_has_expected_fields" time="0.126" /><testcase classname="backend.tests.test_phase8a_live_execution_hardening.TestExecutionModeAPI" name="test_post_mode_live_returns_400_without_credentials" time="0.132" /><testcase classname="backend.tests.test_phase8a_live_execution_hardening.TestExecutionModeAPI" name="test_post_mode_shadow_returns_200" time="0.103" /><testcase classname="backend.tests.test_phase8a_live_execution_hardening.TestExecutionModeAPI" name="test_post_mode_paper_returns_200" time="0.077" /><testcase classname="backend.tests.test_phase8a_live_execution_hardening.TestExecutionModeAPI" name="test_post_mode_invalid_returns_400" time="0.131" /><testcase classname="backend.tests.test_phase8a_live_execution_hardening.TestPaperModeStillWorks" name="test_engine_start_in_paper_mode" time="0.269" /><testcase classname="backend.tests.test_phase8a_live_execution_hardening.TestPaperModeStillWorks" name="test_health_endpoint_running" time="0.108" /><testcase classname="backend.tests.test_phase8a_live_execution_hardening.TestPaperModeStillWorks" name="test_engine_stop" time="0.088" /><testcase classname="backend.tests.test_phase8a_live_execution_hardening.TestRegressionEndpoints" name="test_health_returns_healthy" time="0.096" /><testcase classname="backend.tests.test_phase8a_live_execution_hardening.TestRegressionEndpoints" name="test_config_includes_persisted_and_last_saved" time="0.072" /><testcase classname="backend.tests.test_phase8a_live_execution_hardening.TestRegressionEndpoints" name="test_pnl_history_returns_expected_structure" time="0.074" /><testcase classname="backend.tests.test_phase8a_live_execution_hardening.TestRegressionEndpoints" name="test_ticker_feed_returns_array" time="0.086" /><testcase classname="backend.tests.test_phase8a_live_execution_hardening.TestRegressionEndpoints" name="test_alerts_test_endpoint" time="0.081" /><testcase classname="backend.tests.test_phase8a_live_execution_hardening.TestCleanup" name="test_reset_to_paper_mode" time="0.104" /><testcase classname="backend.tests.test_phase8a_live_execution_hardening.TestCleanup" name="test_stop_engine_cleanup" time="0.153" /></testsuite></testsuites>