<?xml version="1.0" encoding="utf-8"?><testsuites name="pytest tests"><testsuite name="pytest" errors="0" failures="0" skipped="0" tests="16" time="34.723" timestamp="2026-03-16T14:25:06.657143+00:00" hostname="agent-env-5a4290c7-e6bf-4aa1-8b0c-6bb32a333724"><testcase classname="backend.tests.test_crypto_sniper_discovery.TestCryptoSniperDiscovery" name="test_health_discovery_crypto_markets_discovered" time="13.170" /><testcase classname="backend.tests.test_crypto_sniper_discovery.TestCryptoSniperDiscovery" name="test_health_discovery_crypto_slugs_hit" time="0.074" /><testcase classname="backend.tests.test_crypto_sniper_discovery.TestCryptoSniperDiscovery" name="test_health_discovery_crypto_active_slugs_contain_btc_eth" time="0.087" /><testcase classname="backend.tests.test_crypto_sniper_discovery.TestCryptoSniperDiscovery" name="test_health_discovery_no_1h_markets" time="0.090" /><testcase classname="backend.tests.test_crypto_sniper_discovery.TestCryptoSniperDiscovery" name="test_health_discovery_slug_pattern_valid" time="0.110" /><testcase classname="backend.tests.test_crypto_sniper_discovery.TestCryptoSniperDiscovery" name="test_sniper_health_markets_classified" time="0.137" /><testcase classname="backend.tests.test_crypto_sniper_discovery.TestCryptoSniperDiscovery" name="test_sniper_health_markets_evaluated" time="0.076" /><testcase classname="backend.tests.test_crypto_sniper_discovery.TestCryptoSniperDiscovery" name="test_sniper_health_running" time="0.083" /><testcase classname="backend.tests.test_crypto_sniper_discovery.TestCryptoSniperDiscovery" name="test_sniper_signals_endpoint_works" time="0.103" /><testcase classname="backend.tests.test_crypto_sniper_discovery.TestCryptoSniperDiscovery" name="test_discovery_btc_eth_counts" time="0.073" /><testcase classname="backend.tests.test_crypto_sniper_discovery.TestCryptoSniperDiscovery" name="test_discovery_no_fetch_errors" time="0.088" /><testcase classname="backend.tests.test_crypto_sniper_discovery.TestCryptoSniperDiscovery" name="test_discovery_timestamps_present" time="0.080" /><testcase classname="backend.tests.test_crypto_sniper_discovery.TestCryptoSniperDiscovery" name="test_discovery_slugs_queried_matches_expected" time="0.090" /><testcase classname="backend.tests.test_crypto_sniper_discovery.TestDiscoveryRefresh" name="test_discovery_refresh_changes_timestamp" time="20.217" /><testcase classname="backend.tests.test_crypto_sniper_discovery.TestSniperHealthMetrics" name="test_sniper_health_has_required_fields" time="0.092" /><testcase classname="backend.tests.test_crypto_sniper_discovery.TestSniperHealthMetrics" name="test_sniper_vol_samples_warming_up" time="0.082" /></testsuite></testsuites>