<?xml version="1.0" encoding="utf-8"?><testsuites name="pytest tests"><testsuite name="pytest" errors="0" failures="0" skipped="0" tests="19" time="7.673" timestamp="2026-03-17T22:54:35.596244+00:00" hostname="agent-env-5a4290c7-e6bf-4aa1-8b0c-6bb32a333724"><testcase classname="backend.tests.test_iteration52_position_lifecycle.TestExitCandidatesEndpoint" name="test_exit_candidates_returns_200" time="5.882" /><testcase classname="backend.tests.test_iteration52_position_lifecycle.TestExitCandidatesEndpoint" name="test_exit_candidates_has_required_fields" time="0.301" /><testcase classname="backend.tests.test_iteration52_position_lifecycle.TestExitCandidatesEndpoint" name="test_exit_candidates_mode_is_tag_only" time="0.061" /><testcase classname="backend.tests.test_iteration52_position_lifecycle.TestExitCandidatesEndpoint" name="test_exit_candidates_config_has_thresholds" time="0.079" /><testcase classname="backend.tests.test_iteration52_position_lifecycle.TestExitCandidatesEndpoint" name="test_candidates_is_list" time="0.087" /><testcase classname="backend.tests.test_iteration52_position_lifecycle.TestExitCandidatesEndpoint" name="test_shadow_exits_is_list" time="0.080" /><testcase classname="backend.tests.test_iteration52_position_lifecycle.TestLifecycleEndpoint" name="test_lifecycle_returns_200" time="0.073" /><testcase classname="backend.tests.test_iteration52_position_lifecycle.TestLifecycleEndpoint" name="test_lifecycle_has_required_fields" time="0.090" /><testcase classname="backend.tests.test_iteration52_position_lifecycle.TestLifecycleEndpoint" name="test_evaluations_structure" time="0.058" /><testcase classname="backend.tests.test_iteration52_position_lifecycle.TestPositionsByStrategyLifecycle" name="test_positions_by_strategy_returns_200" time="0.074" /><testcase classname="backend.tests.test_iteration52_position_lifecycle.TestPositionsByStrategyLifecycle" name="test_weather_positions_have_lifecycle_field" time="0.078" /><testcase classname="backend.tests.test_iteration52_position_lifecycle.TestPositionsByStrategyLifecycle" name="test_lifecycle_object_structure" time="0.100" /><testcase classname="backend.tests.test_iteration52_position_lifecycle.TestPositionsByStrategyLifecycle" name="test_non_weather_positions_have_no_lifecycle" time="0.089" /><testcase classname="backend.tests.test_iteration52_position_lifecycle.TestPositionsByStrategyLifecycle" name="test_lifecycle_summary_in_response" time="0.072" /><testcase classname="backend.tests.test_iteration52_position_lifecycle.TestAsymmetricExclusion" name="test_asymmetric_positions_no_lifecycle" time="0.106" /><testcase classname="backend.tests.test_iteration52_position_lifecycle.TestExitCandidatesCounting" name="test_exit_candidates_count_matches_tagged_positions" time="0.089" /><testcase classname="backend.tests.test_iteration52_position_lifecycle.TestProfitCaptureThreshold" name="test_profit_capture_at_2x" time="0.093" /><testcase classname="backend.tests.test_iteration52_position_lifecycle.TestExitReasonEnums" name="test_exit_reason_values" time="0.092" /><testcase classname="backend.tests.test_iteration52_position_lifecycle.TestLifecycleMetrics" name="test_metrics_structure" time="0.066" /></testsuite></testsuites>