<?xml version="1.0" encoding="utf-8"?><testsuites name="pytest tests"><testsuite name="pytest" errors="0" failures="0" skipped="0" tests="33" time="8.241" timestamp="2026-03-19T00:00:02.351748+00:00" hostname="agent-env-5a4290c7-e6bf-4aa1-8b0c-6bb32a333724"><testcase classname="backend.tests.test_iteration63_expansion.TestUpgradeValidation" name="test_endpoint_returns_200" time="5.270" /><testcase classname="backend.tests.test_iteration63_expansion.TestUpgradeValidation" name="test_position_limits" time="0.136" /><testcase classname="backend.tests.test_iteration63_expansion.TestUpgradeValidation" name="test_arb_min_liquidity_200" time="0.289" /><testcase classname="backend.tests.test_iteration63_expansion.TestUpgradeValidation" name="test_arb_scanning_all_markets" time="0.070" /><testcase classname="backend.tests.test_iteration63_expansion.TestUpgradeValidation" name="test_arb_markets_scanned" time="0.082" /><testcase classname="backend.tests.test_iteration63_expansion.TestUpgradeValidation" name="test_multi_outcome_universal" time="0.085" /><testcase classname="backend.tests.test_iteration63_expansion.TestUpgradeValidation" name="test_weather_asymmetric_diagnostic" time="0.097" /><testcase classname="backend.tests.test_iteration63_expansion.TestUpgradeValidation" name="test_asymmetric_signals_generated_zero" time="0.070" /><testcase classname="backend.tests.test_iteration63_expansion.TestUpgradeValidation" name="test_pnl_no_resolver_strategy" time="0.097" /><testcase classname="backend.tests.test_iteration63_expansion.TestUpgradeValidation" name="test_zombie_resolver_stats" time="0.061" /><testcase classname="backend.tests.test_iteration63_expansion.TestUpgradeValidation" name="test_blocked_signals_sell_orders_pass" time="0.109" /><testcase classname="backend.tests.test_iteration63_expansion.TestControlsEndpoint" name="test_controls_returns_200" time="0.076" /><testcase classname="backend.tests.test_iteration63_expansion.TestControlsEndpoint" name="test_controls_exposure_by_strategy" time="0.076" /><testcase classname="backend.tests.test_iteration63_expansion.TestControlsEndpoint" name="test_controls_exposure_caps" time="0.075" /><testcase classname="backend.tests.test_iteration63_expansion.TestWeatherLifecycle" name="test_lifecycle_returns_200" time="0.085" /><testcase classname="backend.tests.test_iteration63_expansion.TestWeatherLifecycle" name="test_lifecycle_mode_shadow_exit" time="0.062" /><testcase classname="backend.tests.test_iteration63_expansion.TestWeatherLifecycle" name="test_lifecycle_config_market_collapse_threshold" time="0.088" /><testcase classname="backend.tests.test_iteration63_expansion.TestStrategyConfigs" name="test_strategy_configs_returns_200" time="0.083" /><testcase classname="backend.tests.test_iteration63_expansion.TestStrategyConfigs" name="test_arb_max_stale_age_300" time="0.082" /><testcase classname="backend.tests.test_iteration63_expansion.TestStrategyConfigs" name="test_arb_min_liquidity_config" time="0.062" /><testcase classname="backend.tests.test_iteration63_expansion.TestStrategyConfigs" name="test_weather_asymmetric_min_model_prob" time="0.073" /><testcase classname="backend.tests.test_iteration63_expansion.TestStrategyConfigs" name="test_weather_lifecycle_mode" time="0.085" /><testcase classname="backend.tests.test_iteration63_expansion.TestHealth" name="test_health_returns_200" time="0.065" /><testcase classname="backend.tests.test_iteration63_expansion.TestHealth" name="test_engine_running" time="0.062" /><testcase classname="backend.tests.test_iteration63_expansion.TestDiagnostics" name="test_diagnostics_returns_200" time="0.075" /><testcase classname="backend.tests.test_iteration63_expansion.TestDiagnostics" name="test_diagnostics_has_resolver_stats" time="0.086" /><testcase classname="backend.tests.test_iteration63_expansion.TestWeatherExitCandidates" name="test_exit_candidates_returns_200" time="0.069" /><testcase classname="backend.tests.test_iteration63_expansion.TestWeatherExitCandidates" name="test_exit_candidates_mode_shadow_exit" time="0.060" /><testcase classname="backend.tests.test_iteration63_expansion.TestWeatherExitCandidates" name="test_exit_candidates_config" time="0.075" /><testcase classname="backend.tests.test_iteration63_expansion.TestArbDiagnostics" name="test_arb_diagnostics_returns_200" time="0.116" /><testcase classname="backend.tests.test_iteration63_expansion.TestArbDiagnostics" name="test_arb_diagnostics_has_markets_scanned" time="0.115" /><testcase classname="backend.tests.test_iteration63_expansion.TestArbDiagnostics" name="test_arb_diagnostics_has_binary_pairs" time="0.097" /><testcase classname="backend.tests.test_iteration63_expansion.TestArbDiagnostics" name="test_arb_config_min_liquidity" time="0.079" /></testsuite></testsuites>