<?xml version="1.0" encoding="utf-8"?><testsuites name="pytest tests"><testsuite name="pytest" errors="0" failures="0" skipped="0" tests="14" time="9.511" timestamp="2026-03-20T15:31:01.118482+00:00" hostname="agent-env-5a4290c7-e6bf-4aa1-8b0c-6bb32a333724"><testcase classname="tests.test_iteration73_epoch_reset.TestEpochResetAPI" name="test_status_daily_pnl_near_zero" time="8.049" /><testcase classname="tests.test_iteration73_epoch_reset.TestEpochResetAPI" name="test_status_total_trades_low" time="0.323" /><testcase classname="tests.test_iteration73_epoch_reset.TestEpochResetAPI" name="test_status_win_rate_reflects_new_trades" time="0.093" /><testcase classname="tests.test_iteration73_epoch_reset.TestEpochResetAPI" name="test_pnl_history_near_zero" time="0.083" /><testcase classname="tests.test_iteration73_epoch_reset.TestEpochResetAPI" name="test_pnl_history_fresh_chart" time="0.085" /><testcase classname="tests.test_iteration73_epoch_reset.TestEpochResetAPI" name="test_shadow_system_active" time="0.092" /><testcase classname="tests.test_iteration73_epoch_reset.TestEpochResetAPI" name="test_risk_config_preserved" time="0.104" /><testcase classname="tests.test_iteration73_epoch_reset.TestEpochResetAPI" name="test_engine_running" time="0.098" /><testcase classname="tests.test_iteration73_epoch_reset.TestEpochResetAPI" name="test_strategies_enabled" time="0.081" /><testcase classname="tests.test_iteration73_epoch_reset.TestEpochDataIntegrity" name="test_current_trades_count_low" time="0.082" /><testcase classname="tests.test_iteration73_epoch_reset.TestEpochDataIntegrity" name="test_positions_count_reasonable" time="0.087" /><testcase classname="tests.test_iteration73_epoch_reset.TestEpochDataIntegrity" name="test_diagnostics_shows_clean_state" time="0.090" /><testcase classname="tests.test_iteration73_epoch_reset.TestPaperBalanceCalculation" name="test_paper_balance_near_1000" time="0.076" /><testcase classname="tests.test_iteration73_epoch_reset.TestEpochIdempotency" name="test_epoch_marker_exists" time="0.093" /></testsuite></testsuites>