<?xml version="1.0" encoding="utf-8"?><testsuites name="pytest tests"><testsuite name="pytest" errors="0" failures="0" skipped="0" tests="25" time="5.591" timestamp="2026-03-18T19:16:05.076471+00:00" hostname="agent-env-5a4290c7-e6bf-4aa1-8b0c-6bb32a333724"><testcase classname="backend.tests.test_iteration58_state_snapshot.TestStateSnapshotAuth" name="test_snapshot_returns_403_no_key" time="3.640" /><testcase classname="backend.tests.test_iteration58_state_snapshot.TestStateSnapshotAuth" name="test_snapshot_returns_403_wrong_key" time="0.074" /><testcase classname="backend.tests.test_iteration58_state_snapshot.TestStateSnapshotAuth" name="test_snapshot_works_with_header" time="0.075" /><testcase classname="backend.tests.test_iteration58_state_snapshot.TestStateSnapshotAuth" name="test_snapshot_works_with_query_param" time="0.091" /><testcase classname="backend.tests.test_iteration58_state_snapshot.TestSnapshotFreshness" name="test_freshness_snapshot_at" time="0.086" /><testcase classname="backend.tests.test_iteration58_state_snapshot.TestSnapshotFreshness" name="test_freshness_snapshot_version" time="0.077" /><testcase classname="backend.tests.test_iteration58_state_snapshot.TestSnapshotFreshness" name="test_freshness_server_start_time" time="0.079" /><testcase classname="backend.tests.test_iteration58_state_snapshot.TestSnapshotFreshness" name="test_freshness_uptime_seconds" time="0.075" /><testcase classname="backend.tests.test_iteration58_state_snapshot.TestSnapshotFreshness" name="test_freshness_last_weather_scan_time" time="0.075" /><testcase classname="backend.tests.test_iteration58_state_snapshot.TestSnapshotFreshness" name="test_freshness_weather_total_scans" time="0.068" /><testcase classname="backend.tests.test_iteration58_state_snapshot.TestSnapshotFreshness" name="test_freshness_git_commit" time="0.074" /><testcase classname="backend.tests.test_iteration58_state_snapshot.TestSnapshotPositions" name="test_positions_grouped_by_strategy" time="0.071" /><testcase classname="backend.tests.test_iteration58_state_snapshot.TestSnapshotPositions" name="test_position_token_ids_truncated" time="0.090" /><testcase classname="backend.tests.test_iteration58_state_snapshot.TestSnapshotPositions" name="test_weather_positions_have_lifecycle" time="0.070" /><testcase classname="backend.tests.test_iteration58_state_snapshot.TestSnapshotLifecycle" name="test_lifecycle_mode_and_config" time="0.081" /><testcase classname="backend.tests.test_iteration58_state_snapshot.TestSnapshotLifecycle" name="test_lifecycle_exit_candidates_detail" time="0.071" /><testcase classname="backend.tests.test_iteration58_state_snapshot.TestSnapshotEntryQuality" name="test_entry_quality_rejections_and_passed" time="0.067" /><testcase classname="backend.tests.test_iteration58_state_snapshot.TestSnapshotPnlSummary" name="test_pnl_summary_fields" time="0.074" /><testcase classname="backend.tests.test_iteration58_state_snapshot.TestSnapshotStrategyHealth" name="test_strategy_health_entries" time="0.085" /><testcase classname="backend.tests.test_iteration58_state_snapshot.TestSnapshotWeatherConfig" name="test_weather_config_fields" time="0.111" /><testcase classname="backend.tests.test_iteration58_state_snapshot.TestSnapshotSecurity" name="test_no_api_keys_exposed" time="0.077" /><testcase classname="backend.tests.test_iteration58_state_snapshot.TestPreviousFeaturesStillWork" name="test_lifecycle_mode_endpoint" time="0.079" /><testcase classname="backend.tests.test_iteration58_state_snapshot.TestPreviousFeaturesStillWork" name="test_simulator_endpoint" time="0.071" /><testcase classname="backend.tests.test_iteration58_state_snapshot.TestPreviousFeaturesStillWork" name="test_entry_quality_endpoint" time="0.063" /><testcase classname="backend.tests.test_iteration58_state_snapshot.TestPreviousFeaturesStillWork" name="test_positions_by_strategy_endpoint" time="0.081" /></testsuite></testsuites>