<?xml version="1.0" encoding="utf-8"?><testsuites name="pytest tests"><testsuite name="pytest" errors="0" failures="0" skipped="0" tests="11" time="1.160" timestamp="2026-03-18T20:33:01.205112+00:00" hostname="agent-env-5a4290c7-e6bf-4aa1-8b0c-6bb32a333724"><testcase classname="test_reports.test_iteration60_lifecycle_edge_fix.TestLifecycleEdgeFix" name="test_ui_snapshot_returns_200" time="0.318" /><testcase classname="test_reports.test_iteration60_lifecycle_edge_fix.TestLifecycleEdgeFix" name="test_position_meta_count_positive" time="0.086" /><testcase classname="test_reports.test_iteration60_lifecycle_edge_fix.TestLifecycleEdgeFix" name="test_exit_candidates_greater_than_2" time="0.066" /><testcase classname="test_reports.test_iteration60_lifecycle_edge_fix.TestLifecycleEdgeFix" name="test_exit_reasons_include_more_than_profit_capture" time="0.096" /><testcase classname="test_reports.test_iteration60_lifecycle_edge_fix.TestLifecycleEdgeFix" name="test_weather_positions_have_edge_data" time="0.087" /><testcase classname="test_reports.test_iteration60_lifecycle_edge_fix.TestLifecycleEdgeFix" name="test_weather_positions_have_hours_to_resolution" time="0.076" /><testcase classname="test_reports.test_iteration60_lifecycle_edge_fix.TestLifecycleDashboard" name="test_lifecycle_dashboard_returns_200" time="0.069" /><testcase classname="test_reports.test_iteration60_lifecycle_edge_fix.TestLifecycleDashboard" name="test_reason_distribution_has_multiple_reasons" time="0.080" /><testcase classname="test_reports.test_iteration60_lifecycle_edge_fix.TestLifecycleIndividualPositions" name="test_lifecycle_endpoint_returns_200" time="0.066" /><testcase classname="test_reports.test_iteration60_lifecycle_edge_fix.TestLifecycleIndividualPositions" name="test_individual_evals_have_real_edge_data" time="0.068" /><testcase classname="test_reports.test_iteration60_lifecycle_edge_fix.TestLifecycleMetricsSummary" name="test_lifecycle_metrics_summary" time="0.086" /></testsuite></testsuites>