<?xml version="1.0" encoding="utf-8"?><testsuites name="pytest tests"><testsuite name="pytest" errors="0" failures="0" skipped="0" tests="24" time="6.012" timestamp="2026-03-21T14:29:36.351340+00:00" hostname="agent-env-5a4290c7-e6bf-4aa1-8b0c-6bb32a333724"><testcase classname="backend.tests.test_iteration79_tier2_profit_upgrades.TestStatusEndpoint" name="test_status_returns_200" time="3.694" /><testcase classname="backend.tests.test_iteration79_tier2_profit_upgrades.TestStatusEndpoint" name="test_engine_running" time="0.282" /><testcase classname="backend.tests.test_iteration79_tier2_profit_upgrades.TestStatusEndpoint" name="test_paper_mode" time="0.063" /><testcase classname="backend.tests.test_iteration79_tier2_profit_upgrades.TestRiskConfigValues" name="test_max_position_size_35" time="0.273" /><testcase classname="backend.tests.test_iteration79_tier2_profit_upgrades.TestRiskConfigValues" name="test_max_order_size_35" time="0.068" /><testcase classname="backend.tests.test_iteration79_tier2_profit_upgrades.TestRiskConfigValues" name="test_max_daily_loss_150" time="0.083" /><testcase classname="backend.tests.test_iteration79_tier2_profit_upgrades.TestRiskConfigValues" name="test_crypto_max_exposure_150" time="0.068" /><testcase classname="backend.tests.test_iteration79_tier2_profit_upgrades.TestRiskConfigValues" name="test_arb_max_exposure_40" time="0.110" /><testcase classname="backend.tests.test_iteration79_tier2_profit_upgrades.TestRiskConfigValues" name="test_arb_reserved_capital_40" time="0.113" /><testcase classname="backend.tests.test_iteration79_tier2_profit_upgrades.TestRiskConfigValues" name="test_max_arb_positions_12" time="0.094" /><testcase classname="backend.tests.test_iteration79_tier2_profit_upgrades.TestGabagoolReport" name="test_gabagool_report_returns_200" time="0.070" /><testcase classname="backend.tests.test_iteration79_tier2_profit_upgrades.TestGabagoolReport" name="test_gabagool_threshold_0_96" time="0.068" /><testcase classname="backend.tests.test_iteration79_tier2_profit_upgrades.TestGabagoolReport" name="test_gabagool_status_active" time="0.066" /><testcase classname="backend.tests.test_iteration79_tier2_profit_upgrades.TestCryptoSniperConfig" name="test_sniper_config_returns_200" time="0.098" /><testcase classname="backend.tests.test_iteration79_tier2_profit_upgrades.TestCryptoSniperConfig" name="test_sniper_max_signal_size_35" time="0.070" /><testcase classname="backend.tests.test_iteration79_tier2_profit_upgrades.TestCryptoSniperConfig" name="test_sniper_cooldown_30" time="0.069" /><testcase classname="backend.tests.test_iteration79_tier2_profit_upgrades.TestCryptoSniperConfig" name="test_sniper_min_edge_bps_400" time="0.087" /><testcase classname="backend.tests.test_iteration79_tier2_profit_upgrades.TestWeatherConfig" name="test_weather_config_returns_200" time="0.075" /><testcase classname="backend.tests.test_iteration79_tier2_profit_upgrades.TestWeatherConfig" name="test_weather_profit_capture_threshold_1_5" time="0.077" /><testcase classname="backend.tests.test_iteration79_tier2_profit_upgrades.TestHealthEndpoint" name="test_health_returns_200" time="0.068" /><testcase classname="backend.tests.test_iteration79_tier2_profit_upgrades.TestHealthEndpoint" name="test_health_status_ok" time="0.092" /><testcase classname="backend.tests.test_iteration79_tier2_profit_upgrades.TestHealthEndpoint" name="test_health_engine_running" time="0.088" /><testcase classname="backend.tests.test_iteration79_tier2_profit_upgrades.TestConfigEndpoint" name="test_config_returns_200" time="0.052" /><testcase classname="backend.tests.test_iteration79_tier2_profit_upgrades.TestConfigEndpoint" name="test_config_has_strategy_configs" time="0.113" /></testsuite></testsuites>