<?xml version="1.0" encoding="utf-8"?><testsuites name="pytest tests"><testsuite name="pytest" errors="0" failures="0" skipped="1" tests="42" time="9.797" timestamp="2026-03-13T13:08:18.743193+00:00" hostname="agent-env-5297b10e-c6bc-411c-8cf3-0d98e9c34de4"><testcase classname="tests.test_phase5_crypto_sniper.TestSniperPricingModule" name="test_normal_cdf_at_zero" time="0.001" /><testcase classname="tests.test_phase5_crypto_sniper.TestSniperPricingModule" name="test_normal_cdf_positive" time="0.000" /><testcase classname="tests.test_phase5_crypto_sniper.TestSniperPricingModule" name="test_normal_cdf_negative" time="0.000" /><testcase classname="tests.test_phase5_crypto_sniper.TestSniperPricingModule" name="test_fair_probability_atm" time="0.000" /><testcase classname="tests.test_phase5_crypto_sniper.TestSniperPricingModule" name="test_fair_probability_itm" time="0.000" /><testcase classname="tests.test_phase5_crypto_sniper.TestSniperPricingModule" name="test_fair_probability_otm" time="0.000" /><testcase classname="tests.test_phase5_crypto_sniper.TestSniperPricingModule" name="test_fair_probability_below_direction" time="0.000" /><testcase classname="tests.test_phase5_crypto_sniper.TestSniperPricingModule" name="test_edge_bps_calculation" time="0.000" /><testcase classname="tests.test_phase5_crypto_sniper.TestSniperPricingModule" name="test_edge_bps_negative" time="0.000" /><testcase classname="tests.test_phase5_crypto_sniper.TestSniperPricingModule" name="test_realized_volatility_insufficient_samples" time="0.000" /><testcase classname="tests.test_phase5_crypto_sniper.TestSniperPricingModule" name="test_realized_volatility_sufficient_samples" time="0.000" /><testcase classname="tests.test_phase5_crypto_sniper.TestSniperPricingModule" name="test_momentum_calculation" time="0.000" /><testcase classname="tests.test_phase5_crypto_sniper.TestSniperPricingModule" name="test_signal_confidence_high_liquidity" time="0.000" /><testcase classname="tests.test_phase5_crypto_sniper.TestMarketClassification" name="test_parse_btc_above" time="0.050" /><testcase classname="tests.test_phase5_crypto_sniper.TestMarketClassification" name="test_parse_eth_below" time="0.000" /><testcase classname="tests.test_phase5_crypto_sniper.TestMarketClassification" name="test_parse_bitcoin_variant" time="0.000" /><testcase classname="tests.test_phase5_crypto_sniper.TestMarketClassification" name="test_reject_non_crypto" time="0.000" /><testcase classname="tests.test_phase5_crypto_sniper.TestMarketClassification" name="test_parse_price_without_comma" time="0.000" /><testcase classname="tests.test_phase5_crypto_sniper.TestSniperHealthEndpoint" name="test_health_returns_200" time="5.682" /><testcase classname="tests.test_phase5_crypto_sniper.TestSniperHealthEndpoint" name="test_health_contains_config" time="0.118" /><testcase classname="tests.test_phase5_crypto_sniper.TestSniperHealthEndpoint" name="test_health_contains_running_state" time="0.072" /><testcase classname="tests.test_phase5_crypto_sniper.TestSniperHealthEndpoint" name="test_health_contains_price_buffers" time="0.372" /><testcase classname="tests.test_phase5_crypto_sniper.TestSniperHealthEndpoint" name="test_health_contains_metrics" time="0.069" /><testcase classname="tests.test_phase5_crypto_sniper.TestSniperSignalsEndpoint" name="test_signals_returns_200" time="0.293" /><testcase classname="tests.test_phase5_crypto_sniper.TestSniperSignalsEndpoint" name="test_signals_structure" time="0.066" /><testcase classname="tests.test_phase5_crypto_sniper.TestSniperSignalsEndpoint" name="test_signals_limit_param" time="0.068" /><testcase classname="tests.test_phase5_crypto_sniper.TestSniperSignalsEndpoint" name="test_signal_fields_if_present" time="0.068" /><testcase classname="tests.test_phase5_crypto_sniper.TestSniperExecutionsEndpoint" name="test_executions_returns_200" time="0.072" /><testcase classname="tests.test_phase5_crypto_sniper.TestSniperExecutionsEndpoint" name="test_executions_structure" time="0.128" /><testcase classname="tests.test_phase5_crypto_sniper.TestSniperExecutionsEndpoint" name="test_completed_execution_fields_if_present" time="0.082" /><testcase classname="tests.test_phase5_crypto_sniper.TestInjectCryptoMarket" name="test_inject_requires_running_engine" time="0.197" /><testcase classname="tests.test_phase5_crypto_sniper.TestCoreEndpointsRegression" name="test_status_returns_200" time="0.099" /><testcase classname="tests.test_phase5_crypto_sniper.TestCoreEndpointsRegression" name="test_status_shows_crypto_sniper" time="0.121" /><testcase classname="tests.test_phase5_crypto_sniper.TestCoreEndpointsRegression" name="test_config_returns_200" time="0.081" /><testcase classname="tests.test_phase5_crypto_sniper.TestCoreEndpointsRegression" name="test_config_shows_crypto_sniper" time="0.106" /><testcase classname="tests.test_phase5_crypto_sniper.TestCoreEndpointsRegression" name="test_health_returns_200" time="0.102" /><testcase classname="tests.test_phase5_crypto_sniper.TestArbEndpointsRegression" name="test_arb_opportunities_returns_200" time="0.113" /><testcase classname="tests.test_phase5_crypto_sniper.TestArbEndpointsRegression" name="test_arb_health_returns_200" time="0.065" /><testcase classname="tests.test_phase5_crypto_sniper.TestArbEndpointsRegression" name="test_arb_executions_returns_200" time="0.089" /><testcase classname="tests.test_phase5_crypto_sniper.TestEngineWithSniper" name="test_engine_start_registers_both_strategies" time="1.358" /><testcase classname="tests.test_phase5_crypto_sniper.TestEngineWithSniper" name="test_engine_status_shows_running" time="0.078" /><testcase classname="tests.test_phase5_crypto_sniper.TestFullPipeline" name="test_inject_and_check_signals" time="0.154"><skipped type="pytest.skip" message="Insufficient volatility data - need 30+ samples">/app/backend/tests/test_phase5_crypto_sniper.py:477: Insufficient volatility data - need 30+ samples</skipped></testcase></testsuite></testsuites>