<?xml version="1.0" encoding="utf-8"?><testsuites name="pytest tests"><testsuite name="pytest" errors="0" failures="0" skipped="0" tests="22" time="6.641" timestamp="2026-03-15T21:29:11.556603+00:00" hostname="agent-env-5a4290c7-e6bf-4aa1-8b0c-6bb32a333724"><testcase classname="tests.test_calibration_feature.TestCalibrationRunEndpoint" name="test_run_calibration_single_station" time="2.079" /><testcase classname="tests.test_calibration_feature.TestCalibrationRunEndpoint" name="test_run_calibration_returns_sigma_by_lead" time="2.703" /><testcase classname="tests.test_calibration_feature.TestCalibrationRunEndpoint" name="test_run_calibration_unknown_station" time="0.061" /><testcase classname="tests.test_calibration_feature.TestCalibrationStatusEndpoint" name="test_calibration_status_structure" time="0.065" /><testcase classname="tests.test_calibration_feature.TestCalibrationStatusEndpoint" name="test_calibration_status_station_details" time="0.076" /><testcase classname="tests.test_calibration_feature.TestStationCalibrationEndpoint" name="test_get_klga_calibration" time="0.096" /><testcase classname="tests.test_calibration_feature.TestStationCalibrationEndpoint" name="test_get_nonexistent_station_calibration" time="0.113" /><testcase classname="tests.test_calibration_feature.TestStationCalibrationEndpoint" name="test_get_multiple_stations_calibration" time="0.373" /><testcase classname="tests.test_calibration_feature.TestCalibrationReloadEndpoint" name="test_reload_calibrations" time="0.086" /><testcase classname="tests.test_calibration_feature.TestWeatherHealthCalibrationStatus" name="test_weather_health_calibration_status" time="0.073" /><testcase classname="tests.test_calibration_feature.TestRegressionExistingWeatherEndpoints" name="test_weather_signals" time="0.075" /><testcase classname="tests.test_calibration_feature.TestRegressionExistingWeatherEndpoints" name="test_weather_executions" time="0.059" /><testcase classname="tests.test_calibration_feature.TestRegressionExistingWeatherEndpoints" name="test_weather_forecasts" time="0.084" /><testcase classname="tests.test_calibration_feature.TestRegressionExistingWeatherEndpoints" name="test_weather_stations" time="0.064" /><testcase classname="tests.test_calibration_feature.TestRegressionExistingWeatherEndpoints" name="test_weather_config" time="0.060" /><testcase classname="tests.test_calibration_feature.TestRegressionShadowModeEndpoints" name="test_shadow_summary" time="0.094" /><testcase classname="tests.test_calibration_feature.TestRegressionShadowModeEndpoints" name="test_accuracy_history" time="0.069" /><testcase classname="tests.test_calibration_feature.TestRegressionShadowModeEndpoints" name="test_accuracy_calibration" time="0.062" /><testcase classname="tests.test_calibration_feature.TestRegressionShadowModeEndpoints" name="test_accuracy_unresolved" time="0.082" /><testcase classname="tests.test_calibration_feature.TestRegressionDemoModeEndpoints" name="test_demo_weather_signals" time="0.059" /><testcase classname="tests.test_calibration_feature.TestRegressionDemoModeEndpoints" name="test_demo_weather_health" time="0.079" /><testcase classname="tests.test_calibration_feature.TestRegressionDemoModeEndpoints" name="test_demo_weather_shadow_summary" time="0.074" /></testsuite></testsuites>