<?xml version="1.0" encoding="utf-8"?><testsuites name="pytest tests"><testsuite name="pytest" errors="0" failures="0" skipped="0" tests="14" time="1.303" timestamp="2026-03-16T23:58:03.062071+00:00" hostname="agent-env-5a4290c7-e6bf-4aa1-8b0c-6bb32a333724"><testcase classname="backend.tests.test_risk_config_migration.TestRiskConfigMigration" name="test_status_returns_200" time="0.132" /><testcase classname="backend.tests.test_risk_config_migration.TestRiskConfigMigration" name="test_max_concurrent_positions_not_old_default" time="0.063" /><testcase classname="backend.tests.test_risk_config_migration.TestSniperHealth" name="test_sniper_health_returns_200" time="0.061" /><testcase classname="backend.tests.test_risk_config_migration.TestSniperHealth" name="test_sniper_is_running" time="0.073" /><testcase classname="backend.tests.test_risk_config_migration.TestSniperHealth" name="test_sniper_has_signal_history_in_trades" time="0.065" /><testcase classname="backend.tests.test_risk_config_migration.TestCryptoPositions" name="test_positions_endpoint_returns_200" time="0.081" /><testcase classname="backend.tests.test_risk_config_migration.TestCryptoPositions" name="test_trades_contain_sniper_entries" time="0.066" /><testcase classname="backend.tests.test_risk_config_migration.TestLiveResolution" name="test_pnl_history_returns_200" time="0.066" /><testcase classname="backend.tests.test_risk_config_migration.TestLiveResolution" name="test_close_trades_above_threshold" time="0.077" /><testcase classname="backend.tests.test_risk_config_migration.TestLiveResolution" name="test_latest_close_within_10_minutes" time="0.062" /><testcase classname="backend.tests.test_risk_config_migration.TestResolverActivity" name="test_market_resolver_returns_200" time="0.069" /><testcase classname="backend.tests.test_risk_config_migration.TestResolverActivity" name="test_resolver_is_running" time="0.069" /><testcase classname="backend.tests.test_risk_config_migration.TestResolverActivity" name="test_resolver_has_resolved_positions_or_has_trades" time="0.135" /><testcase classname="backend.tests.test_risk_config_migration.TestDataConsistency" name="test_close_count_matches_across_endpoints" time="0.219" /></testsuite></testsuites>