<?xml version="1.0" encoding="utf-8"?><testsuites name="pytest tests"><testsuite name="pytest" errors="0" failures="0" skipped="0" tests="17" time="9.144" timestamp="2026-03-17T13:33:23.054789+00:00" hostname="agent-env-5a4290c7-e6bf-4aa1-8b0c-6bb32a333724"><testcase classname="backend.tests.test_iteration43_features.TestStrategyStatus" name="test_status_endpoint_returns_200" time="7.491" /><testcase classname="backend.tests.test_iteration43_features.TestStrategyStatus" name="test_all_strategies_are_present" time="0.115" /><testcase classname="backend.tests.test_iteration43_features.TestStrategyStatus" name="test_all_strategies_enabled_true" time="0.097" /><testcase classname="backend.tests.test_iteration43_features.TestStrategyStatus" name="test_all_strategies_status_active" time="0.091" /><testcase classname="backend.tests.test_iteration43_features.TestStrategyTrackerPositionSlots" name="test_strategy_tracker_returns_200" time="0.073" /><testcase classname="backend.tests.test_iteration43_features.TestStrategyTrackerPositionSlots" name="test_position_slots_has_per_strategy_counts" time="0.117" /><testcase classname="backend.tests.test_iteration43_features.TestStrategyTrackerPositionSlots" name="test_position_slots_limits_structure" time="0.092" /><testcase classname="backend.tests.test_iteration43_features.TestStrategyTrackerPositionSlots" name="test_position_slots_headroom_structure" time="0.107" /><testcase classname="backend.tests.test_iteration43_features.TestStrategyTrackerPositionSlots" name="test_position_slots_sizing_structure" time="0.087" /><testcase classname="backend.tests.test_iteration43_features.TestStrategyTrackerPositionSlots" name="test_blocked_by_position_limit_is_dict" time="0.089" /><testcase classname="backend.tests.test_iteration43_features.TestWatchdogBugFix" name="test_watchdog_returns_200" time="0.093" /><testcase classname="backend.tests.test_iteration43_features.TestWatchdogBugFix" name="test_minutes_since_values_not_9999" time="0.088" /><testcase classname="backend.tests.test_iteration43_features.TestWatchdogBugFix" name="test_no_9999_anywhere_in_response" time="0.121" /><testcase classname="backend.tests.test_iteration43_features.TestWatchdogBugFix" name="test_uptime_minutes_is_positive" time="0.100" /><testcase classname="backend.tests.test_iteration43_features.TestArbPrioritySlots" name="test_arb_headroom_with_global_at_limit" time="0.131" /><testcase classname="backend.tests.test_iteration43_features.TestSignalQualityTab" name="test_signal_quality_returns_200" time="0.104" /><testcase classname="backend.tests.test_iteration43_features.TestSignalQualityTab" name="test_signal_quality_has_rejection_reasons" time="0.074" /></testsuite></testsuites>