<?xml version="1.0" encoding="utf-8"?><testsuites name="pytest tests"><testsuite name="pytest" errors="0" failures="2" skipped="0" tests="33" time="4.986" timestamp="2026-03-21T19:40:06.478857+00:00" hostname="agent-env-5a4290c7-e6bf-4aa1-8b0c-6bb32a333724"><testcase classname="tests.test_iteration80_wave2_shadows.TestHealthAndStatus" name="test_health_returns_200" time="2.741" /><testcase classname="tests.test_iteration80_wave2_shadows.TestHealthAndStatus" name="test_status_returns_200" time="0.055" /><testcase classname="tests.test_iteration80_wave2_shadows.TestRiskConfigValues" name="test_max_position_size_35" time="0.111" /><testcase classname="tests.test_iteration80_wave2_shadows.TestRiskConfigValues" name="test_max_order_size_35" time="0.063" /><testcase classname="tests.test_iteration80_wave2_shadows.TestRiskConfigValues" name="test_max_daily_loss_150" time="0.072" /><testcase classname="tests.test_iteration80_wave2_shadows.TestRiskConfigValues" name="test_crypto_max_exposure_150" time="0.095" /><testcase classname="tests.test_iteration80_wave2_shadows.TestRiskConfigValues" name="test_arb_max_exposure_40" time="0.082" /><testcase classname="tests.test_iteration80_wave2_shadows.TestRiskConfigValues" name="test_max_arb_positions_12" time="0.065" /><testcase classname="tests.test_iteration80_wave2_shadows.TestSmartExitShadow" name="test_smart_exit_report_returns_200" time="0.056" /><testcase classname="tests.test_iteration80_wave2_shadows.TestSmartExitShadow" name="test_smart_exit_report_has_trailing_section" time="0.065" /><testcase classname="tests.test_iteration80_wave2_shadows.TestSmartExitShadow" name="test_smart_exit_report_has_hold_comparison" time="0.078" /><testcase classname="tests.test_iteration80_wave2_shadows.TestSmartExitShadow" name="test_smart_exit_report_has_config" time="0.072" /><testcase classname="tests.test_iteration80_wave2_shadows.TestSmartExitShadow" name="test_smart_exit_positions_returns_array" time="0.075" /><testcase classname="tests.test_iteration80_wave2_shadows.TestSmartExitShadow" name="test_smart_exit_closed_returns_array" time="0.066" /><testcase classname="tests.test_iteration80_wave2_shadows.TestAltcoinShadow" name="test_altcoin_report_returns_200" time="0.055" /><testcase classname="tests.test_iteration80_wave2_shadows.TestAltcoinShadow" name="test_altcoin_report_has_per_asset_tracking" time="0.081" /><testcase classname="tests.test_iteration80_wave2_shadows.TestAltcoinShadow" name="test_altcoin_report_has_performance" time="0.057" /><testcase classname="tests.test_iteration80_wave2_shadows.TestAltcoinShadow" name="test_altcoin_positions_returns_array" time="0.050" /><testcase classname="tests.test_iteration80_wave2_shadows.TestAltcoinShadow" name="test_altcoin_closed_returns_array" time="0.058" /><testcase classname="tests.test_iteration80_wave2_shadows.TestAdaptiveEdgeShadow" name="test_adaptive_report_returns_200" time="0.057" /><testcase classname="tests.test_iteration80_wave2_shadows.TestAdaptiveEdgeShadow" name="test_adaptive_report_has_adaptive_edge_section" time="0.058" /><testcase classname="tests.test_iteration80_wave2_shadows.TestAdaptiveEdgeShadow" name="test_adaptive_report_has_gabagool_dynamic_section" time="0.055" /><testcase classname="tests.test_iteration80_wave2_shadows.TestAdaptiveEdgeShadow" name="test_adaptive_report_has_config_with_vol_thresholds" time="0.051" /><testcase classname="tests.test_iteration80_wave2_shadows.TestAdaptiveEdgeShadow" name="test_adaptive_positions_returns_array" time="0.063" /><testcase classname="tests.test_iteration80_wave2_shadows.TestAdaptiveEdgeShadow" name="test_adaptive_closed_returns_array" time="0.070" /><testcase classname="tests.test_iteration80_wave2_shadows.TestGabagoolLive" name="test_gabagool_report_returns_200" time="0.062" /><testcase classname="tests.test_iteration80_wave2_shadows.TestGabagoolLive" name="test_gabagool_threshold_0_96" time="0.064" /><testcase classname="tests.test_iteration80_wave2_shadows.TestGabagoolLive" name="test_gabagool_has_metrics" time="0.061" /><testcase classname="tests.test_iteration80_wave2_shadows.TestGabagoolLive" name="test_gabagool_has_performance" time="0.061" /><testcase classname="tests.test_iteration80_wave2_shadows.TestExperimentsRegistry" name="test_registry_returns_200" time="0.060" /><testcase classname="tests.test_iteration80_wave2_shadows.TestExperimentsRegistry" name="test_registry_has_wave2_experiments" time="0.058" /><testcase classname="tests.test_iteration80_wave2_shadows.TestSpotPrices" name="test_spot_prices_include_sol_xrp" time="0.059"><failure message="AssertionError: XRP not in spot_prices&#10;assert 'XRP' in {'BTC': 70330.8, 'ETH': 2149.15, 'SOL': 89.7}">tests/test_iteration80_wave2_shadows.py:337: in test_spot_prices_include_sol_xrp
    assert "XRP" in spot, "XRP not in spot_prices"
E   AssertionError: XRP not in spot_prices
E   assert 'XRP' in {'BTC': 70330.8, 'ETH': 2149.15, 'SOL': 89.7}</failure></testcase><testcase classname="tests.test_iteration80_wave2_shadows.TestSpotPrices" name="test_sol_xrp_not_stale" time="0.061"><failure message="AssertionError: XRP price is stale&#10;assert None == False&#10; +  where None = &lt;built-in method get of dict object at 0xfe8c5136cf80&gt;('spot_xrp_stale')&#10; +    where &lt;built-in method get of dict object at 0xfe8c5136cf80&gt; = {'binance_connected': True, 'clob_ws_connected': True, 'discovery': {'broad_markets_loaded': 500, 'crypto_active_slugs': ['btc-updown-5m-1774122000', 'btc-updown-5m-1774122300', 'btc-updown-5m-1774122600', 'btc-updown-5m-1774122900', 'btc-updown-15m-1774121400', 'btc-updown-15m-1774122300', ...], 'crypto_fetch_errors': 0, 'crypto_markets_discovered': 24, ...}, 'fill_update_method': 'polling', ...}.get">tests/test_iteration80_wave2_shadows.py:347: in test_sol_xrp_not_stale
    assert health.get("spot_xrp_stale") == False, "XRP price is stale"
E   AssertionError: XRP price is stale
E   assert None == False
E    +  where None = &lt;built-in method get of dict object at 0xfe8c5136cf80&gt;('spot_xrp_stale')
E    +    where &lt;built-in method get of dict object at 0xfe8c5136cf80&gt; = {'binance_connected': True, 'clob_ws_connected': True, 'discovery': {'broad_markets_loaded': 500, 'crypto_active_slugs': ['btc-updown-5m-1774122000', 'btc-updown-5m-1774122300', 'btc-updown-5m-1774122600', 'btc-updown-5m-1774122900', 'btc-updown-15m-1774121400', 'btc-updown-15m-1774122300', ...], 'crypto_fetch_errors': 0, 'crypto_markets_discovered': 24, ...}, 'fill_update_method': 'polling', ...}.get</failure></testcase></testsuite></testsuites>