<?xml version="1.0" encoding="utf-8"?><testsuites name="pytest tests"><testsuite name="pytest" errors="0" failures="0" skipped="0" tests="25" time="6.965" timestamp="2026-03-17T18:40:36.674533+00:00" hostname="agent-env-5a4290c7-e6bf-4aa1-8b0c-6bb32a333724"><testcase classname="backend.tests.test_iteration48_pnl_asymmetric_calibration.TestRealizedPnLFix" name="test_analytics_summary_returns_200" time="4.737" /><testcase classname="backend.tests.test_iteration48_pnl_asymmetric_calibration.TestRealizedPnLFix" name="test_analytics_strategies_returns_200" time="0.076" /><testcase classname="backend.tests.test_iteration48_pnl_asymmetric_calibration.TestRealizedPnLFix" name="test_strategy_attribution_returns_200" time="0.310" /><testcase classname="backend.tests.test_iteration48_pnl_asymmetric_calibration.TestRealizedPnLFix" name="test_strategy_attribution_has_pnl_fields" time="0.099" /><testcase classname="backend.tests.test_iteration48_pnl_asymmetric_calibration.TestRealizedPnLFix" name="test_strategy_attribution_weather_asymmetric_bucket" time="0.068" /><testcase classname="backend.tests.test_iteration48_pnl_asymmetric_calibration.TestRealizedPnLFix" name="test_fix_resolver_trades_endpoint_exists" time="0.086" /><testcase classname="backend.tests.test_iteration48_pnl_asymmetric_calibration.TestRealizedPnLFix" name="test_trades_have_strategy_id" time="0.090" /><testcase classname="backend.tests.test_iteration48_pnl_asymmetric_calibration.TestWeatherAsymmetricMode" name="test_asymmetric_summary_returns_200" time="0.077" /><testcase classname="backend.tests.test_iteration48_pnl_asymmetric_calibration.TestWeatherAsymmetricMode" name="test_asymmetric_config_values" time="0.111" /><testcase classname="backend.tests.test_iteration48_pnl_asymmetric_calibration.TestWeatherAsymmetricMode" name="test_asymmetric_summary_has_positions_list" time="0.101" /><testcase classname="backend.tests.test_iteration48_pnl_asymmetric_calibration.TestWeatherAsymmetricMode" name="test_weather_health_includes_asymmetric_metrics" time="0.090" /><testcase classname="backend.tests.test_iteration48_pnl_asymmetric_calibration.TestWeatherAsymmetricMode" name="test_weather_config_has_asymmetric_settings" time="0.074" /><testcase classname="backend.tests.test_iteration48_pnl_asymmetric_calibration.TestCalibrationMetrics" name="test_calibration_metrics_returns_200" time="0.075" /><testcase classname="backend.tests.test_iteration48_pnl_asymmetric_calibration.TestCalibrationMetrics" name="test_calibration_metrics_structure" time="0.070" /><testcase classname="backend.tests.test_iteration48_pnl_asymmetric_calibration.TestCalibrationMetrics" name="test_calibration_metrics_has_by_lead_bracket" time="0.077" /><testcase classname="backend.tests.test_iteration48_pnl_asymmetric_calibration.TestCalibrationMetrics" name="test_calibration_metrics_has_by_market_type" time="0.081" /><testcase classname="backend.tests.test_iteration48_pnl_asymmetric_calibration.TestCalibrationMetrics" name="test_rolling_calibration_status" time="0.080" /><testcase classname="backend.tests.test_iteration48_pnl_asymmetric_calibration.TestCalibrationMetrics" name="test_forecast_accuracy_history" time="0.077" /><testcase classname="backend.tests.test_iteration48_pnl_asymmetric_calibration.TestHealthAndStatus" name="test_health_endpoint" time="0.071" /><testcase classname="backend.tests.test_iteration48_pnl_asymmetric_calibration.TestHealthAndStatus" name="test_status_endpoint" time="0.065" /><testcase classname="backend.tests.test_iteration48_pnl_asymmetric_calibration.TestHealthAndStatus" name="test_controls_endpoint" time="0.080" /><testcase classname="backend.tests.test_iteration48_pnl_asymmetric_calibration.TestHealthAndStatus" name="test_positions_by_strategy" time="0.081" /><testcase classname="backend.tests.test_iteration48_pnl_asymmetric_calibration.TestHealthAndStatus" name="test_weather_health" time="0.067" /><testcase classname="backend.tests.test_iteration48_pnl_asymmetric_calibration.TestPaperAdapterPnL" name="test_trades_with_pnl" time="0.064" /><testcase classname="backend.tests.test_iteration48_pnl_asymmetric_calibration.TestStrategyTrackerPnL" name="test_strategy_tracker" time="0.078" /></testsuite></testsuites>