<?xml version="1.0" encoding="utf-8"?><testsuites name="pytest tests"><testsuite name="pytest" errors="0" failures="0" skipped="0" tests="30" time="15.413" timestamp="2026-03-19T00:32:30.139004+00:00" hostname="agent-env-5a4290c7-e6bf-4aa1-8b0c-6bb32a333724"><testcase classname="tests.test_iteration64_arb_upgrade.TestArbUpgradeValidation" name="test_upgrade_validation_endpoint_exists" time="3.485" /><testcase classname="tests.test_iteration64_arb_upgrade.TestArbUpgradeValidation" name="test_upgrade_validation_has_arb_performance" time="0.045" /><testcase classname="tests.test_iteration64_arb_upgrade.TestArbDiagnostics" name="test_arb_diagnostics_endpoint_exists" time="0.077" /><testcase classname="tests.test_iteration64_arb_upgrade.TestArbDiagnostics" name="test_arb_diagnostics_has_raw_edges" time="0.073" /><testcase classname="tests.test_iteration64_arb_upgrade.TestArbDiagnostics" name="test_arb_diagnostics_has_rejection_log" time="0.075" /><testcase classname="tests.test_iteration64_arb_upgrade.TestArbDiagnostics" name="test_arb_diagnostics_has_markets_scanned" time="0.077" /><testcase classname="tests.test_iteration64_arb_upgrade.TestArbDiagnostics" name="test_arb_diagnostics_has_binary_pairs_found" time="0.073" /><testcase classname="tests.test_iteration64_arb_upgrade.TestArbConfig" name="test_arb_config_max_concurrent_arbs" time="0.043" /><testcase classname="tests.test_iteration64_arb_upgrade.TestArbConfig" name="test_arb_config_min_net_edge_bps" time="0.032" /><testcase classname="tests.test_iteration64_arb_upgrade.TestArbConfig" name="test_arb_config_max_arb_size" time="0.035" /><testcase classname="tests.test_iteration64_arb_upgrade.TestArbConfig" name="test_arb_config_min_liquidity" time="0.036" /><testcase classname="tests.test_iteration64_arb_upgrade.TestArbConfig" name="test_arb_config_max_exposure_per_market" time="0.035" /><testcase classname="tests.test_iteration64_arb_upgrade.TestArbConfig" name="test_arb_config_max_consecutive_failures" time="0.034" /><testcase classname="tests.test_iteration64_arb_upgrade.TestPositionLimits" name="test_max_arb_positions" time="0.037" /><testcase classname="tests.test_iteration64_arb_upgrade.TestPositionLimits" name="test_max_concurrent_positions" time="0.037" /><testcase classname="tests.test_iteration64_arb_upgrade.TestArbScanning" name="test_arb_scanning_markets_over_1000" time="10.313" /><testcase classname="tests.test_iteration64_arb_upgrade.TestArbScanning" name="test_arb_binary_pairs_found" time="0.038" /><testcase classname="tests.test_iteration64_arb_upgrade.TestArbPerformanceEndpoint" name="test_arb_performance_has_capital_utilization" time="0.036" /><testcase classname="tests.test_iteration64_arb_upgrade.TestArbPerformanceEndpoint" name="test_arb_performance_has_consecutive_failures" time="0.036" /><testcase classname="tests.test_iteration64_arb_upgrade.TestArbOpportunitiesEndpoint" name="test_arb_opportunities_endpoint_exists" time="0.077" /><testcase classname="tests.test_iteration64_arb_upgrade.TestArbOpportunitiesEndpoint" name="test_arb_opportunities_returns_lists" time="0.072" /><testcase classname="tests.test_iteration64_arb_upgrade.TestArbExecutionsEndpoint" name="test_arb_executions_endpoint_exists" time="0.079" /><testcase classname="tests.test_iteration64_arb_upgrade.TestArbExecutionsEndpoint" name="test_arb_executions_returns_lists" time="0.079" /><testcase classname="tests.test_iteration64_arb_upgrade.TestControlsEndpoint" name="test_controls_has_exposure_by_strategy" time="0.040" /><testcase classname="tests.test_iteration64_arb_upgrade.TestControlsEndpoint" name="test_controls_has_exposure_caps" time="0.045" /><testcase classname="tests.test_iteration64_arb_upgrade.TestWeatherLifecycle" name="test_weather_lifecycle_mode_shadow_exit" time="0.078" /><testcase classname="tests.test_iteration64_arb_upgrade.TestWeatherLifecycle" name="test_weather_exit_candidates_endpoint" time="0.075" /><testcase classname="tests.test_iteration64_arb_upgrade.TestHealthEndpoint" name="test_health_endpoint" time="0.077" /><testcase classname="tests.test_iteration64_arb_upgrade.TestRiskEngineArbBypass" name="test_risk_config_min_market_freshness_seconds" time="0.033" /><testcase classname="tests.test_iteration64_arb_upgrade.TestRiskEngineArbBypass" name="test_arb_config_max_stale_age_seconds" time="0.045" /></testsuite></testsuites>