<?xml version="1.0" encoding="utf-8"?><testsuites name="pytest tests"><testsuite name="pytest" errors="0" failures="0" skipped="0" tests="10" time="1.278" timestamp="2026-03-16T22:00:13.936388+00:00" hostname="agent-env-5a4290c7-e6bf-4aa1-8b0c-6bb32a333724"><testcase classname="tests.test_analytics_fix.TestAnalyticsFix" name="test_status_returns_non_zero_stats" time="0.118" /><testcase classname="tests.test_analytics_fix.TestAnalyticsFix" name="test_global_analytics_returns_non_zero_values" time="0.101" /><testcase classname="tests.test_analytics_fix.TestAnalyticsFix" name="test_pnl_history_returns_non_empty" time="0.061" /><testcase classname="tests.test_analytics_fix.TestAnalyticsFix" name="test_data_consistency_close_count" time="0.210" /><testcase classname="tests.test_analytics_fix.TestAnalyticsFix" name="test_data_consistency_win_rate" time="0.190" /><testcase classname="tests.test_analytics_fix.TestAnalyticsFix" name="test_cumulative_pnl_timeseries_non_zero" time="0.067" /><testcase classname="tests.test_analytics_fix.TestAnalyticsFix" name="test_clear_and_reinject_trades" time="0.269" /><testcase classname="tests.test_analytics_fix.TestAnalyticsFix" name="test_daily_pnl_non_zero" time="0.077" /><testcase classname="tests.test_analytics_fix.TestEngineHealth" name="test_engine_running" time="0.062" /><testcase classname="tests.test_analytics_fix.TestEngineHealth" name="test_health_endpoint" time="0.073" /></testsuite></testsuites>