<?xml version="1.0" encoding="utf-8"?><testsuites name="pytest tests"><testsuite name="pytest" errors="0" failures="0" skipped="0" tests="15" time="6.018" timestamp="2026-03-13T14:22:48.391188+00:00" hostname="agent-env-5297b10e-c6bc-411c-8cf3-0d98e9c34de4"><testcase classname="backend.tests.test_phase6_telegram_alerts.TestTelegramAlertEndpoints" name="test_alerts_test_returns_skipped_when_no_credentials" time="0.362" /><testcase classname="backend.tests.test_phase6_telegram_alerts.TestTelegramAlertEndpoints" name="test_alerts_status_returns_correct_structure" time="0.106" /><testcase classname="backend.tests.test_phase6_telegram_alerts.TestTelegramAlertEndpoints" name="test_config_includes_telegram_section" time="0.090" /><testcase classname="backend.tests.test_phase6_telegram_alerts.TestTelegramConfigUpdates" name="test_enable_telegram_alerts" time="0.284" /><testcase classname="backend.tests.test_phase6_telegram_alerts.TestTelegramConfigUpdates" name="test_disable_telegram_alerts" time="3.623" /><testcase classname="backend.tests.test_phase6_telegram_alerts.TestTelegramConfigUpdates" name="test_enable_telegram_signals" time="0.268" /><testcase classname="backend.tests.test_phase6_telegram_alerts.TestTelegramConfigUpdates" name="test_toggle_preserves_other_setting" time="0.477" /><testcase classname="backend.tests.test_phase6_telegram_alerts.TestTelegramNotifierNoCredentials" name="test_notifier_not_configured" time="0.131" /><testcase classname="backend.tests.test_phase6_telegram_alerts.TestTelegramNotifierNoCredentials" name="test_test_alert_skips_gracefully" time="0.084" /><testcase classname="backend.tests.test_phase6_telegram_alerts.TestRegressionApis" name="test_health_endpoint" time="0.075" /><testcase classname="backend.tests.test_phase6_telegram_alerts.TestRegressionApis" name="test_ticker_feed_returns_array" time="0.090" /><testcase classname="backend.tests.test_phase6_telegram_alerts.TestRegressionApis" name="test_pnl_history_returns_correct_structure" time="0.081" /><testcase classname="backend.tests.test_phase6_telegram_alerts.TestRegressionApis" name="test_status_endpoint" time="0.085" /><testcase classname="backend.tests.test_phase6_telegram_alerts.TestRegressionApis" name="test_strategies_arb_health" time="0.092" /><testcase classname="backend.tests.test_phase6_telegram_alerts.TestRegressionApis" name="test_strategies_sniper_health" time="0.103" /></testsuite></testsuites>