<?xml version="1.0" encoding="utf-8"?><testsuites name="pytest tests"><testsuite name="pytest" errors="0" failures="0" skipped="0" tests="25" time="4.559" timestamp="2026-03-19T00:51:01.818032+00:00" hostname="agent-env-5a4290c7-e6bf-4aa1-8b0c-6bb32a333724"><testcase classname="backend.tests.test_iteration65_hybrid_dynamic_threshold.TestArbConfigDynamicThresholdParams" name="test_arb_config_has_staleness_edge_base_bps" time="1.906" /><testcase classname="backend.tests.test_iteration65_hybrid_dynamic_threshold.TestArbConfigDynamicThresholdParams" name="test_arb_config_has_staleness_edge_per_minute_bps" time="0.489" /><testcase classname="backend.tests.test_iteration65_hybrid_dynamic_threshold.TestArbConfigDynamicThresholdParams" name="test_arb_config_has_hard_max_stale_seconds" time="0.103" /><testcase classname="backend.tests.test_iteration65_hybrid_dynamic_threshold.TestArbConfigDynamicThresholdParams" name="test_arb_config_has_liquidity_deep_threshold" time="0.056" /><testcase classname="backend.tests.test_iteration65_hybrid_dynamic_threshold.TestArbConfigDynamicThresholdParams" name="test_arb_config_has_liquidity_mid_threshold" time="0.080" /><testcase classname="backend.tests.test_iteration65_hybrid_dynamic_threshold.TestArbConfigDynamicThresholdParams" name="test_arb_config_has_liquidity_buffer_thin_bps" time="0.079" /><testcase classname="backend.tests.test_iteration65_hybrid_dynamic_threshold.TestArbConfigDynamicThresholdParams" name="test_min_net_edge_bps_lowered_to_15" time="0.118" /><testcase classname="backend.tests.test_iteration65_hybrid_dynamic_threshold.TestDynamicThresholdSamples" name="test_diagnostics_has_dynamic_threshold_samples" time="0.268" /><testcase classname="backend.tests.test_iteration65_hybrid_dynamic_threshold.TestDynamicThresholdSamples" name="test_threshold_sample_structure" time="0.069" /><testcase classname="backend.tests.test_iteration65_hybrid_dynamic_threshold.TestDynamicThresholdSamples" name="test_dynamic_threshold_at_30s_3000liq_equals_15bps" time="0.065" /><testcase classname="backend.tests.test_iteration65_hybrid_dynamic_threshold.TestDynamicThresholdSamples" name="test_dynamic_threshold_at_600s_300liq" time="0.090" /><testcase classname="backend.tests.test_iteration65_hybrid_dynamic_threshold.TestDynamicThresholdSamples" name="test_dynamic_threshold_at_1200s_800liq" time="0.078" /><testcase classname="backend.tests.test_iteration65_hybrid_dynamic_threshold.TestDynamicThresholdSamples" name="test_hard_stale_reject_at_1800s" time="0.099" /><testcase classname="backend.tests.test_iteration65_hybrid_dynamic_threshold.TestHardLiquidityReject" name="test_hard_liquidity_reject_below_200" time="0.072" /><testcase classname="backend.tests.test_iteration65_hybrid_dynamic_threshold.TestRejectionLogEntries" name="test_rejection_log_present_in_diagnostics" time="0.108" /><testcase classname="backend.tests.test_iteration65_hybrid_dynamic_threshold.TestRejectionLogEntries" name="test_rejection_log_entry_has_required_fields" time="0.067" /><testcase classname="backend.tests.test_iteration65_hybrid_dynamic_threshold.TestRawEdgesEntries" name="test_raw_edges_present_in_diagnostics" time="0.097" /><testcase classname="backend.tests.test_iteration65_hybrid_dynamic_threshold.TestRawEdgesEntries" name="test_raw_edges_entry_has_stale_age_s" time="0.072" /><testcase classname="backend.tests.test_iteration65_hybrid_dynamic_threshold.TestRawEdgesEntries" name="test_raw_edges_entry_has_liquidity" time="0.071" /><testcase classname="backend.tests.test_iteration65_hybrid_dynamic_threshold.TestArbOpportunitiesEndpoint" name="test_opportunities_returns_tradable_and_rejected" time="0.077" /><testcase classname="backend.tests.test_iteration65_hybrid_dynamic_threshold.TestArbExecutionsEndpoint" name="test_executions_returns_active_and_completed" time="0.075" /><testcase classname="backend.tests.test_iteration65_hybrid_dynamic_threshold.TestArbPerformanceEndpoint" name="test_arb_health_returns_performance_metrics" time="0.060" /><testcase classname="backend.tests.test_iteration65_hybrid_dynamic_threshold.TestHealthEndpoint" name="test_health_returns_200" time="0.059" /><testcase classname="backend.tests.test_iteration65_hybrid_dynamic_threshold.TestUpgradeValidationEndpoint" name="test_upgrade_validation_returns_200" time="0.067" /><testcase classname="backend.tests.test_iteration65_hybrid_dynamic_threshold.TestUpgradeValidationEndpoint" name="test_upgrade_validation_has_arb_health" time="0.142" /></testsuite></testsuites>