<?xml version="1.0" encoding="utf-8"?><testsuites name="pytest tests"><testsuite name="pytest" errors="0" failures="0" skipped="0" tests="13" time="15.936" timestamp="2026-03-16T23:32:01.055638+00:00" hostname="agent-env-5a4290c7-e6bf-4aa1-8b0c-6bb32a333724"><testcase classname="backend.tests.test_resolver_persistence_features.TestDiagnosticsResolverFields" name="test_diagnostics_returns_resolver_field" time="4.463" /><testcase classname="backend.tests.test_resolver_persistence_features.TestDiagnosticsResolverFields" name="test_resolver_has_skip_reasons" time="10.191" /><testcase classname="backend.tests.test_resolver_persistence_features.TestDiagnosticsResolverFields" name="test_diagnostics_has_persistence_reload_flag" time="0.300" /><testcase classname="backend.tests.test_resolver_persistence_features.TestDiagnosticsResolverFields" name="test_diagnostics_trades_loaded_from_db" time="0.074" /><testcase classname="backend.tests.test_resolver_persistence_features.TestPnlHistoryNewFields" name="test_pnl_history_has_latest_close_at" time="0.063" /><testcase classname="backend.tests.test_resolver_persistence_features.TestPnlHistoryNewFields" name="test_pnl_history_has_server_time" time="0.094" /><testcase classname="backend.tests.test_resolver_persistence_features.TestPnlHistoryNewFields" name="test_pnl_history_close_trades_count" time="0.075" /><testcase classname="backend.tests.test_resolver_persistence_features.TestStatusEndpoint" name="test_status_close_count_greater_than_300" time="0.064" /><testcase classname="backend.tests.test_resolver_persistence_features.TestStatusEndpoint" name="test_status_win_rate_greater_than_zero" time="0.071" /><testcase classname="backend.tests.test_resolver_persistence_features.TestStatusEndpoint" name="test_status_daily_pnl_is_number" time="0.102" /><testcase classname="backend.tests.test_resolver_persistence_features.TestDataConsistency" name="test_close_count_consistency" time="0.206" /><testcase classname="backend.tests.test_resolver_persistence_features.TestMarketSnapshotLoading" name="test_market_resolver_no_market_skips" time="0.089" /><testcase classname="backend.tests.test_resolver_persistence_features.TestMarketResolverHealth" name="test_market_resolver_health" time="0.076" /></testsuite></testsuites>