<?xml version="1.0" encoding="utf-8"?><testsuites name="pytest tests"><testsuite name="pytest" errors="0" failures="0" skipped="0" tests="20" time="3.412" timestamp="2026-03-13T14:36:12.450627+00:00" hostname="agent-env-5297b10e-c6bc-411c-8cf3-0d98e9c34de4"><testcase classname="backend.tests.test_phase7_config_persistence.TestConfigPersistence" name="test_config_returns_persisted_true" time="0.345" /><testcase classname="backend.tests.test_phase7_config_persistence.TestConfigPersistence" name="test_config_returns_last_saved_timestamp" time="0.095" /><testcase classname="backend.tests.test_phase7_config_persistence.TestConfigPersistence" name="test_config_includes_strategy_configs" time="0.087" /><testcase classname="backend.tests.test_phase7_config_persistence.TestConfigPersistence" name="test_strategy_configs_arb_fields" time="0.073" /><testcase classname="backend.tests.test_phase7_config_persistence.TestConfigPersistence" name="test_strategy_configs_sniper_fields" time="0.100" /><testcase classname="backend.tests.test_phase7_config_persistence.TestGetStrategyConfigs" name="test_get_strategy_configs_success" time="0.101" /><testcase classname="backend.tests.test_phase7_config_persistence.TestGetStrategyConfigs" name="test_strategy_configs_has_both_strategies" time="0.092" /><testcase classname="backend.tests.test_phase7_config_persistence.TestGetStrategyConfigs" name="test_strategy_configs_include_enabled_flag" time="0.158" /><testcase classname="backend.tests.test_phase7_config_persistence.TestPostConfigUpdate" name="test_update_arb_scanner_parameter" time="0.321" /><testcase classname="backend.tests.test_phase7_config_persistence.TestPostConfigUpdate" name="test_update_persists_value" time="0.368" /><testcase classname="backend.tests.test_phase7_config_persistence.TestPostConfigUpdate" name="test_update_sniper_parameter" time="0.549" /><testcase classname="backend.tests.test_phase7_config_persistence.TestPostConfigUpdate" name="test_update_invalid_value_type_returns_400" time="0.276" /><testcase classname="backend.tests.test_phase7_config_persistence.TestPutConfig" name="test_put_config_returns_persisted_true" time="0.086" /><testcase classname="backend.tests.test_phase7_config_persistence.TestRegressionEndpoints" name="test_health_endpoint" time="0.160" /><testcase classname="backend.tests.test_phase7_config_persistence.TestRegressionEndpoints" name="test_alerts_test_endpoint" time="0.096" /><testcase classname="backend.tests.test_phase7_config_persistence.TestRegressionEndpoints" name="test_ticker_feed_returns_array" time="0.074" /><testcase classname="backend.tests.test_phase7_config_persistence.TestRegressionEndpoints" name="test_pnl_history_works" time="0.091" /><testcase classname="backend.tests.test_phase7_config_persistence.TestRegressionEndpoints" name="test_arb_health_works" time="0.094" /><testcase classname="backend.tests.test_phase7_config_persistence.TestRegressionEndpoints" name="test_sniper_health_works" time="0.091" /><testcase classname="backend.tests.test_phase7_config_persistence.TestRegressionEndpoints" name="test_status_endpoint" time="0.085" /></testsuite></testsuites>