<?xml version="1.0" encoding="utf-8"?><testsuites name="pytest tests"><testsuite name="pytest" errors="0" failures="0" skipped="3" tests="15" time="1.548" timestamp="2026-03-16T16:18:37.584537+00:00" hostname="agent-env-5a4290c7-e6bf-4aa1-8b0c-6bb32a333724"><testcase classname="backend.tests.test_market_resolver.TestMarketResolverHealth" name="test_market_resolver_health_returns_200" time="0.136" /><testcase classname="backend.tests.test_market_resolver.TestMarketResolverHealth" name="test_market_resolver_running" time="0.095" /><testcase classname="backend.tests.test_market_resolver.TestMarketResolverHealth" name="test_market_resolver_interval_seconds" time="0.075" /><testcase classname="backend.tests.test_market_resolver.TestMarketResolverHealth" name="test_market_resolver_total_runs_gt_0" time="0.129" /><testcase classname="backend.tests.test_market_resolver.TestMarketResolverHealth" name="test_market_resolver_positions_resolved_gte_0" time="0.085" /><testcase classname="backend.tests.test_market_resolver.TestMarketResolverHealth" name="test_market_resolver_recent_resolutions" time="0.108" /><testcase classname="backend.tests.test_market_resolver.TestMarketResolverManualRun" name="test_manual_resolution_run" time="0.074" /><testcase classname="backend.tests.test_market_resolver.TestPositionsEnrichment" name="test_positions_returns_200" time="0.115" /><testcase classname="backend.tests.test_market_resolver.TestPositionsEnrichment" name="test_positions_have_required_fields" time="0.077"><skipped type="pytest.skip" message="No positions to test">/app/backend/tests/test_market_resolver.py:120: No positions to test</skipped></testcase><testcase classname="backend.tests.test_market_resolver.TestPositionsEnrichment" name="test_crypto_sniper_positions_have_end_date" time="0.086"><skipped type="pytest.skip" message="No crypto sniper positions found">/app/backend/tests/test_market_resolver.py:141: No crypto sniper positions found</skipped></testcase><testcase classname="backend.tests.test_market_resolver.TestPositionsEnrichment" name="test_weather_positions_have_null_end_date" time="0.083"><skipped type="pytest.skip" message="No weather positions found">/app/backend/tests/test_market_resolver.py:160: No weather positions found</skipped></testcase><testcase classname="backend.tests.test_market_resolver.TestResolutionTrades" name="test_trades_returns_200" time="0.088" /><testcase classname="backend.tests.test_market_resolver.TestResolutionTrades" name="test_resolver_trades_exist" time="0.087" /><testcase classname="backend.tests.test_market_resolver.TestResolutionTrades" name="test_resolver_trades_have_pnl" time="0.091" /><testcase classname="backend.tests.test_market_resolver.TestResolutionTrades" name="test_resolver_trades_signal_reason" time="0.151" /></testsuite></testsuites>