<?xml version="1.0" encoding="utf-8"?><testsuites name="pytest tests"><testsuite name="pytest" errors="0" failures="0" skipped="0" tests="26" time="3.291" timestamp="2026-03-20T13:12:54.341980+00:00" hostname="agent-env-5a4290c7-e6bf-4aa1-8b0c-6bb32a333724"><testcase classname="backend.tests.test_iteration69_shadow_sniper.TestBackendHealth" name="test_health_endpoint_returns_200" time="0.712" /><testcase classname="backend.tests.test_iteration69_shadow_sniper.TestBackendHealth" name="test_root_endpoint_returns_200" time="0.072" /><testcase classname="backend.tests.test_iteration69_shadow_sniper.TestRiskConfigHardPin" name="test_status_endpoint_returns_risk_config" time="0.352" /><testcase classname="backend.tests.test_iteration69_shadow_sniper.TestRiskConfigHardPin" name="test_max_position_size_is_25" time="0.113" /><testcase classname="backend.tests.test_iteration69_shadow_sniper.TestRiskConfigHardPin" name="test_arb_max_exposure_is_8" time="0.082" /><testcase classname="backend.tests.test_iteration69_shadow_sniper.TestRiskConfigHardPin" name="test_arb_reserved_capital_is_8" time="0.101" /><testcase classname="backend.tests.test_iteration69_shadow_sniper.TestRiskConfigHardPin" name="test_max_arb_positions_is_5" time="0.076" /><testcase classname="backend.tests.test_iteration69_shadow_sniper.TestRiskConfigHardPin" name="test_crypto_max_exposure_is_250" time="0.083" /><testcase classname="backend.tests.test_iteration69_shadow_sniper.TestRiskConfigHardPin" name="test_weather_reserved_capital_is_15" time="0.075" /><testcase classname="backend.tests.test_iteration69_shadow_sniper.TestShadowSniperReport" name="test_shadow_report_endpoint_exists" time="0.089" /><testcase classname="backend.tests.test_iteration69_shadow_sniper.TestShadowSniperReport" name="test_shadow_report_has_status_field" time="0.066" /><testcase classname="backend.tests.test_iteration69_shadow_sniper.TestShadowSniperReport" name="test_shadow_report_has_total_evaluations" time="0.070" /><testcase classname="backend.tests.test_iteration69_shadow_sniper.TestShadowSniperReport" name="test_shadow_report_has_comparison_section" time="0.108" /><testcase classname="backend.tests.test_iteration69_shadow_sniper.TestShadowSniperReport" name="test_shadow_report_has_rolling_pnl" time="0.073" /><testcase classname="backend.tests.test_iteration69_shadow_sniper.TestShadowSniperReport" name="test_shadow_report_has_config" time="0.066" /><testcase classname="backend.tests.test_iteration69_shadow_sniper.TestShadowSniperEvaluations" name="test_shadow_evaluations_endpoint_exists" time="0.115" /><testcase classname="backend.tests.test_iteration69_shadow_sniper.TestShadowSniperEvaluations" name="test_shadow_evaluations_returns_list" time="0.081" /><testcase classname="backend.tests.test_iteration69_shadow_sniper.TestShadowSniperEvaluations" name="test_shadow_evaluations_record_structure" time="0.073" /><testcase classname="backend.tests.test_iteration69_shadow_sniper.TestShadowSniperPositions" name="test_shadow_positions_endpoint_exists" time="0.178" /><testcase classname="backend.tests.test_iteration69_shadow_sniper.TestShadowSniperPositions" name="test_shadow_positions_returns_list" time="0.063" /><testcase classname="backend.tests.test_iteration69_shadow_sniper.TestShadowSniperClosed" name="test_shadow_closed_endpoint_exists" time="0.095" /><testcase classname="backend.tests.test_iteration69_shadow_sniper.TestShadowSniperClosed" name="test_shadow_closed_returns_list" time="0.115" /><testcase classname="backend.tests.test_iteration69_shadow_sniper.TestShadowSniperIsolation" name="test_shadow_report_confirms_isolation" time="0.067" /><testcase classname="backend.tests.test_iteration69_shadow_sniper.TestStaleArbCleanup" name="test_stale_arb_cleanup_service_code_config" time="0.070" /><testcase classname="backend.tests.test_iteration69_shadow_sniper.TestStaleArbCleanup" name="test_diagnostics_shows_arb_cleanup_may_run" time="0.072" /><testcase classname="backend.tests.test_iteration69_shadow_sniper.TestControlsEndpoint" name="test_controls_shows_exposure_caps" time="0.090" /></testsuite></testsuites>