<?xml version="1.0" encoding="utf-8"?><testsuites name="pytest tests"><testsuite name="pytest" errors="0" failures="0" skipped="0" tests="11" time="2.328" timestamp="2026-03-16T12:33:42.455743+00:00" hostname="agent-env-5a4290c7-e6bf-4aa1-8b0c-6bb32a333724"><testcase classname="backend.tests.test_telegram_config.TestTelegramConfig" name="test_config_returns_credentials_present_telegram_true" time="0.593" /><testcase classname="backend.tests.test_telegram_config.TestTelegramConfig" name="test_config_returns_telegram_configured_true" time="0.090" /><testcase classname="backend.tests.test_telegram_config.TestTelegramConfig" name="test_config_returns_telegram_enabled_true" time="0.085" /><testcase classname="backend.tests.test_telegram_config.TestTelegramConfig" name="test_config_returns_telegram_signals_enabled_true" time="0.114" /><testcase classname="backend.tests.test_telegram_config.TestTelegramConfig" name="test_telegram_test_endpoint_success" time="0.637" /><testcase classname="backend.tests.test_telegram_config.TestRegressionEndpoints" name="test_status_returns_200" time="0.102" /><testcase classname="backend.tests.test_telegram_config.TestRegressionEndpoints" name="test_health_returns_200" time="0.103" /><testcase classname="backend.tests.test_telegram_config.TestRegressionEndpoints" name="test_global_analytics_returns_200" time="0.097" /><testcase classname="backend.tests.test_telegram_config.TestRegressionEndpoints" name="test_auto_resolver_health_returns_200" time="0.255" /><testcase classname="backend.tests.test_telegram_config.TestRegressionEndpoints" name="test_weather_strategy_health_returns_200" time="0.085" /><testcase classname="backend.tests.test_telegram_config.TestTelegramStats" name="test_telegram_stats_have_total_sent" time="0.105" /></testsuite></testsuites>