<?xml version="1.0" encoding="utf-8"?><testsuites name="pytest tests"><testsuite name="pytest" errors="0" failures="0" skipped="2" tests="22" time="113.695" timestamp="2026-03-15T23:29:01.887211+00:00" hostname="agent-env-5a4290c7-e6bf-4aa1-8b0c-6bb32a333724"><testcase classname="backend.tests.test_liquidity_heatmap_api.TestLiquidityHeatmapBasicAPI" name="test_health_check" time="0.500" /><testcase classname="backend.tests.test_liquidity_heatmap_api.TestLiquidityHeatmapBasicAPI" name="test_liquidity_heatmap_endpoint_returns_200" time="0.072" /><testcase classname="backend.tests.test_liquidity_heatmap_api.TestLiquidityHeatmapBasicAPI" name="test_liquidity_heatmap_response_shape" time="0.270" /><testcase classname="backend.tests.test_liquidity_heatmap_api.TestLiquidityHeatmapBasicAPI" name="test_liquidity_heatmap_summary_shape" time="0.091" /><testcase classname="backend.tests.test_liquidity_heatmap_api.TestLiquidityHeatmapBasicAPI" name="test_liquidity_scores_endpoint_returns_200" time="0.066" /><testcase classname="backend.tests.test_liquidity_heatmap_api.TestLiquidityHeatmapBasicAPI" name="test_liquidity_scores_returns_dict" time="0.075" /><testcase classname="backend.tests.test_liquidity_heatmap_api.TestLiquidityHeatmapBasicAPI" name="test_heatmap_empty_when_engine_stopped" time="1.139" /><testcase classname="backend.tests.test_liquidity_heatmap_api.TestMarketsEndpointsRegression" name="test_markets_endpoint_still_works" time="0.072" /><testcase classname="backend.tests.test_liquidity_heatmap_api.TestMarketsEndpointsRegression" name="test_markets_summary_still_works" time="0.067" /><testcase classname="backend.tests.test_liquidity_heatmap_api.TestLiquidityHeatmapWithEngine" name="test_heatmap_has_tiles_after_engine_start" time="21.801" /><testcase classname="backend.tests.test_liquidity_heatmap_api.TestLiquidityHeatmapWithEngine" name="test_heatmap_tile_structure" time="22.603"><skipped type="pytest.skip" message="No weather market tiles available">/app/backend/tests/test_liquidity_heatmap_api.py:166: No weather market tiles available</skipped></testcase><testcase classname="backend.tests.test_liquidity_heatmap_api.TestLiquidityHeatmapWithEngine" name="test_heatmap_bucket_structure" time="22.439"><skipped type="pytest.skip" message="No weather market tiles available">/app/backend/tests/test_liquidity_heatmap_api.py:187: No weather market tiles available</skipped></testcase><testcase classname="backend.tests.test_liquidity_heatmap_api.TestLiquidityHeatmapWithEngine" name="test_liquidity_scores_range" time="23.111" /><testcase classname="backend.tests.test_liquidity_heatmap_api.TestLiquidityHeatmapWithEngine" name="test_weather_trader_has_liquidity_scores_cached" time="20.700" /><testcase classname="backend.tests.test_liquidity_heatmap_api.TestOtherPageRegressions" name="test_overview_positions_endpoint" time="0.102" /><testcase classname="backend.tests.test_liquidity_heatmap_api.TestOtherPageRegressions" name="test_overview_trades_endpoint" time="0.076" /><testcase classname="backend.tests.test_liquidity_heatmap_api.TestOtherPageRegressions" name="test_overview_orders_endpoint" time="0.078" /><testcase classname="backend.tests.test_liquidity_heatmap_api.TestOtherPageRegressions" name="test_arb_opportunities_endpoint" time="0.062" /><testcase classname="backend.tests.test_liquidity_heatmap_api.TestOtherPageRegressions" name="test_sniper_signals_endpoint" time="0.091" /><testcase classname="backend.tests.test_liquidity_heatmap_api.TestOtherPageRegressions" name="test_weather_signals_endpoint" time="0.064" /><testcase classname="backend.tests.test_liquidity_heatmap_api.TestOtherPageRegressions" name="test_config_endpoint" time="0.072" /><testcase classname="backend.tests.test_liquidity_heatmap_api.TestOtherPageRegressions" name="test_analytics_summary_endpoint" time="0.073" /></testsuite></testsuites>