<?xml version="1.0" encoding="utf-8"?><testsuites name="pytest tests"><testsuite name="pytest" errors="0" failures="0" skipped="0" tests="12" time="1.425" timestamp="2026-03-16T14:49:24.248168+00:00" hostname="agent-env-5a4290c7-e6bf-4aa1-8b0c-6bb32a333724"><testcase classname="backend.tests.test_crypto_sniper_execution_pnl.TestSniperHealthAndExecution" name="test_sniper_health_signals_executed_gt_0" time="0.095" /><testcase classname="backend.tests.test_crypto_sniper_execution_pnl.TestSniperHealthAndExecution" name="test_sniper_health_signals_filled_gt_0" time="0.335" /><testcase classname="backend.tests.test_crypto_sniper_execution_pnl.TestSniperHealthAndExecution" name="test_sniper_health_pnl_object_exists" time="0.099" /><testcase classname="backend.tests.test_crypto_sniper_execution_pnl.TestSniperHealthAndExecution" name="test_sniper_health_pnl_fills_match_signals_filled" time="0.087" /><testcase classname="backend.tests.test_crypto_sniper_execution_pnl.TestSniperHealthAndExecution" name="test_sniper_health_rejection_reasons_specific_risk_subreasons" time="0.101" /><testcase classname="backend.tests.test_crypto_sniper_execution_pnl.TestRiskConfig" name="test_config_max_concurrent_positions_is_30" time="0.093" /><testcase classname="backend.tests.test_crypto_sniper_execution_pnl.TestRiskConfig" name="test_config_max_market_exposure_is_100" time="0.078" /><testcase classname="backend.tests.test_crypto_sniper_execution_pnl.TestSniperExecutions" name="test_sniper_executions_has_completed" time="0.092" /><testcase classname="backend.tests.test_crypto_sniper_execution_pnl.TestSniperSignals" name="test_sniper_signals_has_tradable" time="0.102" /><testcase classname="backend.tests.test_crypto_sniper_execution_pnl.TestDiscovery" name="test_discovery_crypto_markets_gt_0" time="0.090" /><testcase classname="backend.tests.test_crypto_sniper_execution_pnl.TestPositions" name="test_positions_within_risk_limit" time="0.093" /><testcase classname="backend.tests.test_crypto_sniper_execution_pnl.TestTradingMode" name="test_trading_mode_is_paper" time="0.106" /></testsuite></testsuites>