<?xml version="1.0" encoding="utf-8"?><testsuites name="pytest tests"><testsuite name="pytest" errors="0" failures="0" skipped="0" tests="23" time="43.435" timestamp="2026-03-11T00:10:56.580861+00:00" hostname="agent-env-5297b10e-c6bc-411c-8cf3-0d98e9c34de4"><testcase classname="backend.tests.test_phase4_dashboard.TestHealthEndpoints" name="test_root_endpoint" time="1.057" /><testcase classname="backend.tests.test_phase4_dashboard.TestHealthEndpoints" name="test_health_endpoint" time="0.609" /><testcase classname="backend.tests.test_phase4_dashboard.TestHealthEndpoints" name="test_status_endpoint" time="0.607" /><testcase classname="backend.tests.test_phase4_dashboard.TestConfigEndpoints" name="test_get_config" time="0.715" /><testcase classname="backend.tests.test_phase4_dashboard.TestConfigEndpoints" name="test_update_risk_config" time="2.448" /><testcase classname="backend.tests.test_phase4_dashboard.TestConfigEndpoints" name="test_mode_change_without_credentials" time="0.612" /><testcase classname="backend.tests.test_phase4_dashboard.TestEngineControl" name="test_start_engine" time="2.390" /><testcase classname="backend.tests.test_phase4_dashboard.TestEngineControl" name="test_start_already_running" time="1.702" /><testcase classname="backend.tests.test_phase4_dashboard.TestEngineControl" name="test_stop_engine" time="12.326" /><testcase classname="backend.tests.test_phase4_dashboard.TestEngineControl" name="test_stop_already_stopped" time="1.711" /><testcase classname="backend.tests.test_phase4_dashboard.TestRiskControls" name="test_activate_kill_switch" time="1.211" /><testcase classname="backend.tests.test_phase4_dashboard.TestRiskControls" name="test_deactivate_kill_switch" time="1.813" /><testcase classname="backend.tests.test_phase4_dashboard.TestDataEndpoints" name="test_get_positions" time="0.611" /><testcase classname="backend.tests.test_phase4_dashboard.TestDataEndpoints" name="test_get_trades" time="0.605" /><testcase classname="backend.tests.test_phase4_dashboard.TestDataEndpoints" name="test_get_orders" time="0.607" /><testcase classname="backend.tests.test_phase4_dashboard.TestDataEndpoints" name="test_get_markets" time="0.991" /><testcase classname="backend.tests.test_phase4_dashboard.TestDataEndpoints" name="test_get_markets_summary" time="0.604" /><testcase classname="backend.tests.test_phase4_dashboard.TestArbStrategyEndpoints" name="test_get_arb_opportunities" time="0.631" /><testcase classname="backend.tests.test_phase4_dashboard.TestArbStrategyEndpoints" name="test_get_arb_executions" time="0.607" /><testcase classname="backend.tests.test_phase4_dashboard.TestArbStrategyEndpoints" name="test_get_arb_health" time="0.602" /><testcase classname="backend.tests.test_phase4_dashboard.TestFeedHealth" name="test_get_feed_health" time="0.603" /><testcase classname="backend.tests.test_phase4_dashboard.TestInjectTestData" name="test_inject_arb_opportunity" time="8.425" /><testcase classname="backend.tests.test_phase4_dashboard.TestCleanup" name="test_final_cleanup" time="1.833" /></testsuite></testsuites>