<?xml version="1.0" encoding="utf-8"?><testsuites name="pytest tests"><testsuite name="pytest" errors="0" failures="0" skipped="0" tests="29" time="2.988" timestamp="2026-03-16T00:14:01.925328+00:00" hostname="agent-env-5a4290c7-e6bf-4aa1-8b0c-6bb32a333724"><testcase classname="backend.tests.test_fill_ws_feature.TestFillWsHealthEndpoint" name="test_fill_ws_health_returns_200" time="0.517" /><testcase classname="backend.tests.test_fill_ws_feature.TestFillWsHealthEndpoint" name="test_fill_ws_health_has_required_fields" time="0.097" /><testcase classname="backend.tests.test_fill_ws_feature.TestFillWsHealthEndpoint" name="test_fill_ws_connected_is_boolean" time="0.066" /><testcase classname="backend.tests.test_fill_ws_feature.TestFillWsHealthEndpoint" name="test_fill_ws_has_credentials_is_boolean" time="0.071" /><testcase classname="backend.tests.test_fill_ws_feature.TestFillWsHealthEndpoint" name="test_fill_ws_no_credentials_no_connection" time="0.081" /><testcase classname="backend.tests.test_fill_ws_feature.TestFillWsHealthEndpoint" name="test_fill_ws_metrics_initialized_correctly" time="0.066" /><testcase classname="backend.tests.test_fill_ws_feature.TestFillWsHealthEndpoint" name="test_fill_ws_no_error_without_credentials" time="0.069" /><testcase classname="backend.tests.test_fill_ws_feature.TestStatusEndpointFillWs" name="test_status_returns_200" time="0.107" /><testcase classname="backend.tests.test_fill_ws_feature.TestStatusEndpointFillWs" name="test_status_has_fill_ws_connected" time="0.064" /><testcase classname="backend.tests.test_fill_ws_feature.TestStatusEndpointFillWs" name="test_status_has_fill_ws_has_credentials" time="0.063" /><testcase classname="backend.tests.test_fill_ws_feature.TestStatusEndpointFillWs" name="test_status_has_fill_ws_health_object" time="0.096" /><testcase classname="backend.tests.test_fill_ws_feature.TestStatusEndpointFillWs" name="test_status_has_fill_update_method" time="0.078" /><testcase classname="backend.tests.test_fill_ws_feature.TestStatusEndpointFillWs" name="test_status_fill_update_method_is_polling_without_ws" time="0.063" /><testcase classname="backend.tests.test_fill_ws_feature.TestExecutionStatusEndpoint" name="test_execution_status_returns_200" time="0.086" /><testcase classname="backend.tests.test_fill_ws_feature.TestExecutionStatusEndpoint" name="test_execution_status_has_live_adapter" time="0.066" /><testcase classname="backend.tests.test_fill_ws_feature.TestExecutionStatusEndpoint" name="test_execution_status_live_adapter_has_fill_ws_health" time="0.068" /><testcase classname="backend.tests.test_fill_ws_feature.TestExecutionStatusEndpoint" name="test_execution_status_live_adapter_has_fill_update_method" time="0.074" /><testcase classname="backend.tests.test_fill_ws_feature.TestExecutionStatusEndpoint" name="test_execution_status_live_adapter_has_poll_interval" time="0.068" /><testcase classname="backend.tests.test_fill_ws_feature.TestExecutionModeEndpoint" name="test_execution_mode_returns_200" time="0.082" /><testcase classname="backend.tests.test_fill_ws_feature.TestExecutionModeEndpoint" name="test_execution_mode_has_credentials_info" time="0.059" /><testcase classname="backend.tests.test_fill_ws_feature.TestRegressionExistingEndpoints" name="test_health_endpoint" time="0.060" /><testcase classname="backend.tests.test_fill_ws_feature.TestRegressionExistingEndpoints" name="test_config_endpoint" time="0.081" /><testcase classname="backend.tests.test_fill_ws_feature.TestRegressionExistingEndpoints" name="test_weather_health_endpoint" time="0.072" /><testcase classname="backend.tests.test_fill_ws_feature.TestRegressionExistingEndpoints" name="test_arb_health_endpoint" time="0.135" /><testcase classname="backend.tests.test_fill_ws_feature.TestRegressionExistingEndpoints" name="test_sniper_health_endpoint" time="0.079" /><testcase classname="backend.tests.test_fill_ws_feature.TestRegressionExistingEndpoints" name="test_clob_ws_health_endpoint" time="0.063" /><testcase classname="backend.tests.test_fill_ws_feature.TestGracefulDegradation" name="test_no_errors_in_health_endpoints" time="0.289" /><testcase classname="backend.tests.test_fill_ws_feature.TestGracefulDegradation" name="test_fill_ws_graceful_degradation" time="0.094" /><testcase classname="backend.tests.test_fill_ws_feature.TestGracefulDegradation" name="test_status_endpoint_not_affected_by_missing_creds" time="0.082" /></testsuite></testsuites>