<?xml version="1.0" encoding="utf-8"?><testsuites name="pytest tests"><testsuite name="pytest" errors="0" failures="0" skipped="0" tests="31" time="16.911" timestamp="2026-03-15T22:29:10.339860+00:00" hostname="agent-env-5a4290c7-e6bf-4aa1-8b0c-6bb32a333724"><testcase classname="backend.tests.test_rolling_calibration_feature.TestRollingCalibrationStatusEndpoint" name="test_rolling_status_returns_200" time="0.498" /><testcase classname="backend.tests.test_rolling_calibration_feature.TestRollingCalibrationStatusEndpoint" name="test_rolling_status_has_required_fields" time="0.270" /><testcase classname="backend.tests.test_rolling_calibration_feature.TestRollingCalibrationStatusEndpoint" name="test_rolling_status_correct_data_types" time="0.090" /><testcase classname="backend.tests.test_rolling_calibration_feature.TestRollingCalibrationStatusEndpoint" name="test_rolling_status_shows_insufficient_data" time="0.066" /><testcase classname="backend.tests.test_rolling_calibration_feature.TestRollingCalibrationRunEndpoint" name="test_rolling_run_returns_200" time="0.078" /><testcase classname="backend.tests.test_rolling_calibration_feature.TestRollingCalibrationRunEndpoint" name="test_rolling_run_returns_results" time="0.082" /><testcase classname="backend.tests.test_rolling_calibration_feature.TestRollingCalibrationRunEndpoint" name="test_rolling_run_insufficient_data_for_all_stations" time="0.091" /><testcase classname="backend.tests.test_rolling_calibration_feature.TestRollingCalibrationReloadEndpoint" name="test_rolling_reload_returns_200" time="0.067" /><testcase classname="backend.tests.test_rolling_calibration_feature.TestRollingCalibrationReloadEndpoint" name="test_rolling_reload_returns_status" time="0.067" /><testcase classname="backend.tests.test_rolling_calibration_feature.TestWeatherHealthCalibrationStatus" name="test_health_has_calibration_status" time="0.082" /><testcase classname="backend.tests.test_rolling_calibration_feature.TestWeatherHealthCalibrationStatus" name="test_calibration_status_has_sources" time="0.059" /><testcase classname="backend.tests.test_rolling_calibration_feature.TestWeatherHealthCalibrationStatus" name="test_calibration_status_has_source_summary" time="0.078" /><testcase classname="backend.tests.test_rolling_calibration_feature.TestWeatherHealthCalibrationStatus" name="test_calibration_status_has_calibration_source" time="0.064" /><testcase classname="backend.tests.test_rolling_calibration_feature.TestWeatherHealthCalibrationStatus" name="test_calibration_status_has_note" time="0.063" /><testcase classname="backend.tests.test_rolling_calibration_feature.TestWeatherConfigRollingFields" name="test_config_has_rolling_enabled" time="0.072" /><testcase classname="backend.tests.test_rolling_calibration_feature.TestWeatherConfigRollingFields" name="test_config_has_rolling_min_samples" time="0.094" /><testcase classname="backend.tests.test_rolling_calibration_feature.TestWeatherConfigRollingFields" name="test_config_has_rolling_recalc_interval" time="0.092" /><testcase classname="backend.tests.test_rolling_calibration_feature.TestWeatherConfigRollingFields" name="test_config_has_rolling_recalc_after_n_records" time="0.072" /><testcase classname="backend.tests.test_rolling_calibration_feature.TestConfigUpdatePersistence" name="test_update_rolling_enabled_false" time="0.367" /><testcase classname="backend.tests.test_rolling_calibration_feature.TestConfigUpdatePersistence" name="test_update_rolling_min_samples" time="0.281" /><testcase classname="backend.tests.test_rolling_calibration_feature.TestEngineStartCalibrationSource" name="test_engine_start_and_check_calibration_source" time="13.310" /><testcase classname="backend.tests.test_rolling_calibration_feature.TestRegressionExistingEndpoints" name="test_weather_signals_still_works" time="0.113" /><testcase classname="backend.tests.test_rolling_calibration_feature.TestRegressionExistingEndpoints" name="test_weather_executions_still_works" time="0.064" /><testcase classname="backend.tests.test_rolling_calibration_feature.TestRegressionExistingEndpoints" name="test_weather_health_still_works" time="0.189" /><testcase classname="backend.tests.test_rolling_calibration_feature.TestRegressionExistingEndpoints" name="test_weather_forecasts_still_works" time="0.073" /><testcase classname="backend.tests.test_rolling_calibration_feature.TestRegressionExistingEndpoints" name="test_weather_alerts_still_works" time="0.069" /><testcase classname="backend.tests.test_rolling_calibration_feature.TestRegressionOtherPages" name="test_positions_endpoint" time="0.068" /><testcase classname="backend.tests.test_rolling_calibration_feature.TestRegressionOtherPages" name="test_arb_opportunities_endpoint" time="0.097" /><testcase classname="backend.tests.test_rolling_calibration_feature.TestRegressionOtherPages" name="test_sniper_signals_endpoint" time="0.082" /><testcase classname="backend.tests.test_rolling_calibration_feature.TestRegressionOtherPages" name="test_config_endpoint" time="0.061" /><testcase classname="backend.tests.test_rolling_calibration_feature.TestRegressionOtherPages" name="test_config_strategies_endpoint" time="0.067" /></testsuite></testsuites>