<?xml version="1.0" encoding="utf-8"?><testsuites name="pytest tests"><testsuite name="pytest" errors="0" failures="0" skipped="0" tests="21" time="1.909" timestamp="2026-03-17T17:08:12.484000+00:00" hostname="agent-env-5a4290c7-e6bf-4aa1-8b0c-6bb32a333724"><testcase classname="backend.tests.test_iteration46_weather_v2.TestWeatherSignalsExplanationLayer" name="test_weather_signals_endpoint_returns_200" time="0.110" /><testcase classname="backend.tests.test_iteration46_weather_v2.TestWeatherSignalsExplanationLayer" name="test_weather_signals_structure" time="0.084" /><testcase classname="backend.tests.test_iteration46_weather_v2.TestWeatherSignalsExplanationLayer" name="test_tradable_signals_have_quality_score" time="0.098" /><testcase classname="backend.tests.test_iteration46_weather_v2.TestWeatherSignalsExplanationLayer" name="test_tradable_signals_have_explanation" time="0.086" /><testcase classname="backend.tests.test_iteration46_weather_v2.TestWeatherSignalsExplanationLayer" name="test_rejected_signals_have_explanation" time="0.081" /><testcase classname="backend.tests.test_iteration46_weather_v2.TestWeatherSignalsExplanationLayer" name="test_explanation_structure_complete" time="0.113" /><testcase classname="backend.tests.test_iteration46_weather_v2.TestWeatherHealthBestSignal" name="test_weather_health_returns_200" time="0.078" /><testcase classname="backend.tests.test_iteration46_weather_v2.TestWeatherHealthBestSignal" name="test_health_has_best_signal_field" time="0.128" /><testcase classname="backend.tests.test_iteration46_weather_v2.TestWeatherHealthBestSignal" name="test_best_signal_structure_when_present" time="0.087" /><testcase classname="backend.tests.test_iteration46_weather_v2.TestWeatherPositionBreakdown" name="test_breakdown_endpoint_returns_200" time="0.082" /><testcase classname="backend.tests.test_iteration46_weather_v2.TestWeatherPositionBreakdown" name="test_breakdown_structure" time="0.066" /><testcase classname="backend.tests.test_iteration46_weather_v2.TestWeatherPositionBreakdown" name="test_by_resolution_date_structure" time="0.077" /><testcase classname="backend.tests.test_iteration46_weather_v2.TestWeatherPositionBreakdown" name="test_winners_losers_arrays" time="0.069" /><testcase classname="backend.tests.test_iteration46_weather_v2.TestExistingEndpointsStillWork" name="test_positions_by_strategy_returns_200" time="0.076" /><testcase classname="backend.tests.test_iteration46_weather_v2.TestExistingEndpointsStillWork" name="test_positions_by_strategy_has_weather" time="0.091" /><testcase classname="backend.tests.test_iteration46_weather_v2.TestExistingEndpointsStillWork" name="test_sniper_signals_returns_200" time="0.070" /><testcase classname="backend.tests.test_iteration46_weather_v2.TestExistingEndpointsStillWork" name="test_sniper_health_returns_200" time="0.083" /><testcase classname="backend.tests.test_iteration46_weather_v2.TestExistingEndpointsStillWork" name="test_analytics_strategy_attribution_returns_200" time="0.075" /><testcase classname="backend.tests.test_iteration46_weather_v2.TestExistingEndpointsStillWork" name="test_controls_returns_200" time="0.071" /><testcase classname="backend.tests.test_iteration46_weather_v2.TestQualityScoreComputation" name="test_quality_score_range" time="0.079" /><testcase classname="backend.tests.test_iteration46_weather_v2.TestQualityScoreComputation" name="test_best_signal_has_highest_quality" time="0.150" /></testsuite></testsuites>