<?xml version="1.0" encoding="utf-8"?><testsuites name="pytest tests"><testsuite name="pytest" errors="0" failures="0" skipped="0" tests="11" time="1.412" timestamp="2026-03-20T14:35:12.586183+00:00" hostname="agent-env-5a4290c7-e6bf-4aa1-8b0c-6bb32a333724"><testcase classname="backend.tests.test_iteration71_shadow_audit.TestShadowReportAPI" name="test_shadow_report_returns_sizing_section" time="0.153" /><testcase classname="backend.tests.test_iteration71_shadow_audit.TestShadowReportAPI" name="test_shadow_report_returns_meaningful_evaluations" time="0.080" /><testcase classname="backend.tests.test_iteration71_shadow_audit.TestShadowReportAPI" name="test_shadow_report_returns_binary_win_rate" time="0.079" /><testcase classname="backend.tests.test_iteration71_shadow_audit.TestShadowReportAPI" name="test_shadow_report_has_false_positive_negative_tracking" time="0.079" /><testcase classname="backend.tests.test_iteration71_shadow_audit.TestShadowPositionsAPI" name="test_shadow_positions_returns_size_and_notional" time="0.103" /><testcase classname="backend.tests.test_iteration71_shadow_audit.TestShadowClosedAPI" name="test_shadow_closed_returns_resolution_type_and_is_binary_resolved" time="0.087" /><testcase classname="backend.tests.test_iteration71_shadow_audit.TestShadowIsolation" name="test_status_has_no_shadow_strategy" time="0.078" /><testcase classname="backend.tests.test_iteration71_shadow_audit.TestShadowIsolation" name="test_pnl_history_has_no_shadow_entries" time="0.125" /><testcase classname="backend.tests.test_iteration71_shadow_audit.TestShadowIsolation" name="test_status_stats_no_shadow_position_or_pnl" time="0.111" /><testcase classname="backend.tests.test_iteration71_shadow_audit.TestShadowEndpointStructure" name="test_shadow_report_complete_structure" time="0.100" /><testcase classname="backend.tests.test_iteration71_shadow_audit.TestShadowEndpointStructure" name="test_all_shadow_endpoints_respond" time="0.358" /></testsuite></testsuites>