<?xml version="1.0" encoding="utf-8"?><testsuites name="pytest tests"><testsuite name="pytest" errors="0" failures="0" skipped="0" tests="22" time="2.894" timestamp="2026-03-15T22:08:10.553387+00:00" hostname="agent-env-5a4290c7-e6bf-4aa1-8b0c-6bb32a333724"><testcase classname="backend.tests.test_weather_alerts_feature.TestWeatherAlertsEndpoint" name="test_alerts_endpoint_returns_200" time="0.481" /><testcase classname="backend.tests.test_weather_alerts_feature.TestWeatherAlertsEndpoint" name="test_alerts_response_shape" time="0.073" /><testcase classname="backend.tests.test_weather_alerts_feature.TestWeatherAlertsEndpoint" name="test_alerts_stats_fields" time="0.275" /><testcase classname="backend.tests.test_weather_alerts_feature.TestWeatherHealthAlertStats" name="test_health_includes_alert_stats" time="0.068" /><testcase classname="backend.tests.test_weather_alerts_feature.TestWeatherHealthAlertStats" name="test_health_alert_stats_has_enabled_field" time="0.075" /><testcase classname="backend.tests.test_weather_alerts_feature.TestWeatherConfigAlertFields" name="test_config_includes_weather_alerts_enabled" time="0.075" /><testcase classname="backend.tests.test_weather_alerts_feature.TestWeatherConfigAlertFields" name="test_config_includes_min_weather_alert_edge_bps" time="0.081" /><testcase classname="backend.tests.test_weather_alerts_feature.TestWeatherConfigAlertFields" name="test_config_includes_min_weather_alert_price_move_bps" time="0.064" /><testcase classname="backend.tests.test_weather_alerts_feature.TestWeatherConfigAlertFields" name="test_config_includes_weather_alert_cooldown_seconds" time="0.075" /><testcase classname="backend.tests.test_weather_alerts_feature.TestWeatherConfigAlertFields" name="test_config_alert_fields_in_strategy_configs" time="0.066" /><testcase classname="backend.tests.test_weather_alerts_feature.TestWeatherConfigAlertFields" name="test_config_alert_fields_in_strategies_endpoint" time="0.068" /><testcase classname="backend.tests.test_weather_alerts_feature.TestConfigUpdateAlertSettings" name="test_disable_weather_alerts" time="0.364" /><testcase classname="backend.tests.test_weather_alerts_feature.TestConfigUpdateAlertSettings" name="test_update_min_weather_alert_edge_bps" time="0.291" /><testcase classname="backend.tests.test_weather_alerts_feature.TestExistingWeatherEndpointsRegression" name="test_weather_signals_endpoint" time="0.185" /><testcase classname="backend.tests.test_weather_alerts_feature.TestExistingWeatherEndpointsRegression" name="test_weather_executions_endpoint" time="0.069" /><testcase classname="backend.tests.test_weather_alerts_feature.TestExistingWeatherEndpointsRegression" name="test_weather_health_endpoint" time="0.075" /><testcase classname="backend.tests.test_weather_alerts_feature.TestExistingWeatherEndpointsRegression" name="test_weather_forecasts_endpoint" time="0.085" /><testcase classname="backend.tests.test_weather_alerts_feature.TestExistingWeatherEndpointsRegression" name="test_weather_config_endpoint" time="0.063" /><testcase classname="backend.tests.test_weather_alerts_feature.TestOtherPagesNoRegression" name="test_overview_positions" time="0.072" /><testcase classname="backend.tests.test_weather_alerts_feature.TestOtherPagesNoRegression" name="test_arbitrage_opportunities" time="0.064" /><testcase classname="backend.tests.test_weather_alerts_feature.TestOtherPagesNoRegression" name="test_sniper_signals" time="0.072" /><testcase classname="backend.tests.test_weather_alerts_feature.TestOtherPagesNoRegression" name="test_settings_config" time="0.070" /></testsuite></testsuites>