<?xml version="1.0" encoding="utf-8"?><testsuites name="pytest tests"><testsuite name="pytest" errors="0" failures="0" skipped="0" tests="14" time="7.205" timestamp="2026-03-16T22:47:39.404873+00:00" hostname="agent-env-5a4290c7-e6bf-4aa1-8b0c-6bb32a333724"><testcase classname="tests.test_diagnostics_persistence.TestDiagnosticsEndpoint" name="test_diagnostics_returns_json" time="5.895" /><testcase classname="tests.test_diagnostics_persistence.TestDiagnosticsEndpoint" name="test_diagnostics_environment" time="0.135" /><testcase classname="tests.test_diagnostics_persistence.TestDiagnosticsEndpoint" name="test_diagnostics_git_commit" time="0.072" /><testcase classname="tests.test_diagnostics_persistence.TestDiagnosticsEndpoint" name="test_diagnostics_server_start_time" time="0.060" /><testcase classname="tests.test_diagnostics_persistence.TestDiagnosticsEndpoint" name="test_diagnostics_database" time="0.058" /><testcase classname="tests.test_diagnostics_persistence.TestDiagnosticsEndpoint" name="test_diagnostics_trades_loaded_from_db" time="0.122" /><testcase classname="tests.test_diagnostics_persistence.TestDiagnosticsEndpoint" name="test_diagnostics_has_persistence_reload" time="0.068" /><testcase classname="tests.test_diagnostics_persistence.TestRestartResilience" name="test_status_close_count_nonzero" time="0.098" /><testcase classname="tests.test_diagnostics_persistence.TestRestartResilience" name="test_status_win_rate_nonzero" time="0.068" /><testcase classname="tests.test_diagnostics_persistence.TestRestartResilience" name="test_status_daily_pnl_is_number" time="0.103" /><testcase classname="tests.test_diagnostics_persistence.TestDataConsistency" name="test_close_count_consistency" time="0.229" /><testcase classname="tests.test_diagnostics_persistence.TestGlobalAnalyticsTimeseries" name="test_timeseries_cumulative_pnl_nonzero" time="0.070" /><testcase classname="tests.test_diagnostics_persistence.TestPnlHistory" name="test_pnl_history_close_trades_count" time="0.075" /><testcase classname="tests.test_diagnostics_persistence.TestPositions" name="test_positions_non_empty" time="0.084" /></testsuite></testsuites>