<?xml version="1.0" encoding="utf-8"?><testsuites name="pytest tests"><testsuite name="pytest" errors="0" failures="0" skipped="0" tests="23" time="4.830" timestamp="2026-03-20T19:43:20.116166+00:00" hostname="agent-env-5a4290c7-e6bf-4aa1-8b0c-6bb32a333724"><testcase classname="backend.tests.test_iteration74_quant_lab_experiments.TestExperimentsRegistry" name="test_registry_returns_all_experiments" time="3.235" /><testcase classname="backend.tests.test_iteration74_quant_lab_experiments.TestExperimentsRegistry" name="test_registry_active_experiments" time="0.069" /><testcase classname="backend.tests.test_iteration74_quant_lab_experiments.TestMoonDevExperiment" name="test_moondev_report" time="0.073" /><testcase classname="backend.tests.test_iteration74_quant_lab_experiments.TestMoonDevExperiment" name="test_moondev_evaluations" time="0.070" /><testcase classname="backend.tests.test_iteration74_quant_lab_experiments.TestMoonDevExperiment" name="test_moondev_positions" time="0.071" /><testcase classname="backend.tests.test_iteration74_quant_lab_experiments.TestMoonDevExperiment" name="test_moondev_closed" time="0.069" /><testcase classname="backend.tests.test_iteration74_quant_lab_experiments.TestPhantomSpreadExperiment" name="test_phantom_report" time="0.069" /><testcase classname="backend.tests.test_iteration74_quant_lab_experiments.TestPhantomSpreadExperiment" name="test_phantom_evaluations" time="0.092" /><testcase classname="backend.tests.test_iteration74_quant_lab_experiments.TestPhantomSpreadExperiment" name="test_phantom_positions" time="0.060" /><testcase classname="backend.tests.test_iteration74_quant_lab_experiments.TestPhantomSpreadExperiment" name="test_phantom_closed" time="0.066" /><testcase classname="backend.tests.test_iteration74_quant_lab_experiments.TestWhrrariLMSRExperiment" name="test_whrrari_report" time="0.054" /><testcase classname="backend.tests.test_iteration74_quant_lab_experiments.TestWhrrariLMSRExperiment" name="test_whrrari_evaluations" time="0.062" /><testcase classname="backend.tests.test_iteration74_quant_lab_experiments.TestWhrrariLMSRExperiment" name="test_whrrari_positions" time="0.062" /><testcase classname="backend.tests.test_iteration74_quant_lab_experiments.TestWhrrariLMSRExperiment" name="test_whrrari_closed" time="0.068" /><testcase classname="backend.tests.test_iteration74_quant_lab_experiments.TestExistingShadowSniper" name="test_shadow_report" time="0.078" /><testcase classname="backend.tests.test_iteration74_quant_lab_experiments.TestExistingShadowSniper" name="test_shadow_evaluations" time="0.080" /><testcase classname="backend.tests.test_iteration74_quant_lab_experiments.TestExistingShadowSniper" name="test_shadow_positions" time="0.055" /><testcase classname="backend.tests.test_iteration74_quant_lab_experiments.TestExistingShadowSniper" name="test_shadow_closed" time="0.061" /><testcase classname="backend.tests.test_iteration74_quant_lab_experiments.TestEpoch3Reset" name="test_status_endpoint" time="0.080" /><testcase classname="backend.tests.test_iteration74_quant_lab_experiments.TestEpoch3Reset" name="test_pnl_history_baseline" time="0.066" /><testcase classname="backend.tests.test_iteration74_quant_lab_experiments.TestEpoch3Reset" name="test_health_endpoint" time="0.064" /><testcase classname="backend.tests.test_iteration74_quant_lab_experiments.TestWave2PlannedExperiments" name="test_marik_in_registry" time="0.058" /><testcase classname="backend.tests.test_iteration74_quant_lab_experiments.TestWave2PlannedExperiments" name="test_argona_in_registry" time="0.074" /></testsuite></testsuites>