<?xml version="1.0" encoding="utf-8"?><testsuites name="pytest tests"><testsuite name="pytest" errors="0" failures="0" skipped="0" tests="13" time="2.498" timestamp="2026-03-13T14:01:45.488946+00:00" hostname="agent-env-5297b10e-c6bc-411c-8cf3-0d98e9c34de4"><testcase classname="backend.tests.test_ticker_feature.TestTickerFeedEndpoint" name="test_ticker_feed_returns_200" time="1.119" /><testcase classname="backend.tests.test_ticker_feature.TestTickerFeedEndpoint" name="test_ticker_feed_returns_array" time="0.086" /><testcase classname="backend.tests.test_ticker_feature.TestTickerFeedEndpoint" name="test_ticker_feed_empty_when_no_executions" time="0.075" /><testcase classname="backend.tests.test_ticker_feature.TestTickerFeedEndpoint" name="test_ticker_feed_item_structure_if_present" time="0.072" /><testcase classname="backend.tests.test_ticker_feature.TestTickerFeedEndpoint" name="test_ticker_feed_limit_parameter" time="0.086" /><testcase classname="backend.tests.test_ticker_feature.TestRegressionEndpoints" name="test_health_returns_healthy" time="0.322" /><testcase classname="backend.tests.test_ticker_feature.TestRegressionEndpoints" name="test_status_works" time="0.094" /><testcase classname="backend.tests.test_ticker_feature.TestRegressionEndpoints" name="test_pnl_history_returns_correct_structure" time="0.097" /><testcase classname="backend.tests.test_ticker_feature.TestRegressionEndpoints" name="test_positions_returns_list" time="0.092" /><testcase classname="backend.tests.test_ticker_feature.TestRegressionEndpoints" name="test_trades_returns_list" time="0.107" /><testcase classname="backend.tests.test_ticker_feature.TestRegressionEndpoints" name="test_arb_health_works" time="0.095" /><testcase classname="backend.tests.test_ticker_feature.TestRegressionEndpoints" name="test_sniper_health_works" time="0.110" /><testcase classname="backend.tests.test_ticker_feature.TestRegressionEndpoints" name="test_config_returns_valid_structure" time="0.080" /></testsuite></testsuites>