<?xml version="1.0" encoding="utf-8"?><testsuites name="pytest tests"><testsuite name="pytest" errors="0" failures="0" skipped="0" tests="25" time="8.938" timestamp="2026-03-19T08:43:39.342997+00:00" hostname="agent-env-5a4290c7-e6bf-4aa1-8b0c-6bb32a333724"><testcase classname="backend.tests.test_iteration66_profitability_upgrade.TestHealthEndpoint" name="test_health_returns_200_with_status_ok" time="6.167" /><testcase classname="backend.tests.test_iteration66_profitability_upgrade.TestUpgradeValidationEndpoint" name="test_upgrade_validation_returns_200" time="0.147" /><testcase classname="backend.tests.test_iteration66_profitability_upgrade.TestUpgradeValidationEndpoint" name="test_crypto_max_exposure_is_180" time="0.081" /><testcase classname="backend.tests.test_iteration66_profitability_upgrade.TestUpgradeValidationEndpoint" name="test_crypto_health_no_opposite_side_held_rejection" time="0.086" /><testcase classname="backend.tests.test_iteration66_profitability_upgrade.TestUpgradeValidationEndpoint" name="test_weather_lifecycle_mode_shadow_exit" time="0.071" /><testcase classname="backend.tests.test_iteration66_profitability_upgrade.TestUpgradeValidationEndpoint" name="test_weather_asymmetric_disabled" time="0.100" /><testcase classname="backend.tests.test_iteration66_profitability_upgrade.TestUpgradeValidationEndpoint" name="test_shadow_exit_includes_negative_edge_and_time_inefficiency" time="0.079" /><testcase classname="backend.tests.test_iteration66_profitability_upgrade.TestControlsEndpoint" name="test_controls_returns_200" time="0.070" /><testcase classname="backend.tests.test_iteration66_profitability_upgrade.TestControlsEndpoint" name="test_max_position_size_is_40" time="0.090" /><testcase classname="backend.tests.test_iteration66_profitability_upgrade.TestControlsEndpoint" name="test_crypto_exposure_cap_is_180" time="0.313" /><testcase classname="backend.tests.test_iteration66_profitability_upgrade.TestArbDiagnosticsEndpoint" name="test_arb_diagnostics_returns_200" time="0.104" /><testcase classname="backend.tests.test_iteration66_profitability_upgrade.TestArbDiagnosticsEndpoint" name="test_hard_max_stale_seconds_is_2400" time="0.080" /><testcase classname="backend.tests.test_iteration66_profitability_upgrade.TestArbDiagnosticsEndpoint" name="test_staleness_edge_per_minute_bps_is_6" time="0.091" /><testcase classname="backend.tests.test_iteration66_profitability_upgrade.TestArbDiagnosticsEndpoint" name="test_min_net_edge_bps_is_floor_15" time="0.106" /><testcase classname="backend.tests.test_iteration66_profitability_upgrade.TestArbOpportunitiesEndpoint" name="test_arb_opportunities_returns_200" time="0.065" /><testcase classname="backend.tests.test_iteration66_profitability_upgrade.TestUpgradeTrackingEndpoint" name="test_upgrade_tracking_returns_200" time="0.075" /><testcase classname="backend.tests.test_iteration66_profitability_upgrade.TestUpgradeTrackingEndpoint" name="test_upgrade_tracking_status_is_tracking" time="0.072" /><testcase classname="backend.tests.test_iteration66_profitability_upgrade.TestUpgradeTrackingEndpoint" name="test_baseline_pre_upgrade_has_expected_fields" time="0.086" /><testcase classname="backend.tests.test_iteration66_profitability_upgrade.TestUpgradeTrackingEndpoint" name="test_post_upgrade_has_expected_fields" time="0.087" /><testcase classname="backend.tests.test_iteration66_profitability_upgrade.TestUpgradeTrackingEndpoint" name="test_deltas_has_pnl_change_fields" time="0.073" /><testcase classname="backend.tests.test_iteration66_profitability_upgrade.TestArbPositionCount" name="test_arb_position_count_under_25" time="0.109" /><testcase classname="backend.tests.test_iteration66_profitability_upgrade.TestStrategyConfigs" name="test_crypto_sniper_max_tte_is_43200" time="0.096" /><testcase classname="backend.tests.test_iteration66_profitability_upgrade.TestStrategyConfigs" name="test_weather_asymmetric_disabled_in_config" time="0.097" /><testcase classname="backend.tests.test_iteration66_profitability_upgrade.TestStrategyConfigs" name="test_weather_min_edge_bps_long_is_500" time="0.081" /><testcase classname="backend.tests.test_iteration66_profitability_upgrade.TestStrategyConfigs" name="test_weather_lifecycle_mode_config" time="0.390" /></testsuite></testsuites>