<?xml version="1.0" encoding="utf-8"?><testsuites name="pytest tests"><testsuite name="pytest" errors="0" failures="0" skipped="0" tests="14" time="8.098" timestamp="2026-03-17T19:25:05.723987+00:00" hostname="agent-env-5a4290c7-e6bf-4aa1-8b0c-6bb32a333724"><testcase classname="backend.tests.test_iteration50_auto_tune.TestAutoTuneStatusEndpoint" name="test_auto_tune_endpoint_returns_200" time="6.856" /><testcase classname="backend.tests.test_iteration50_auto_tune.TestAutoTuneStatusEndpoint" name="test_auto_tune_has_required_fields" time="0.335" /><testcase classname="backend.tests.test_iteration50_auto_tune.TestAutoTuneStatusEndpoint" name="test_auto_tune_status_insufficient_data" time="0.083" /><testcase classname="backend.tests.test_iteration50_auto_tune.TestAutoTuneStatusEndpoint" name="test_management_mode_is_manual" time="0.067" /><testcase classname="backend.tests.test_iteration50_auto_tune.TestAutoTuneStatusEndpoint" name="test_current_multiplier_is_125" time="0.075" /><testcase classname="backend.tests.test_iteration50_auto_tune.TestAutoTuneStatusEndpoint" name="test_mode_label_describes_manual_mode" time="0.101" /><testcase classname="backend.tests.test_iteration50_auto_tune.TestAutoTuneApplyEndpoint" name="test_apply_returns_400_when_disabled" time="0.065" /><testcase classname="backend.tests.test_iteration50_auto_tune.TestWeatherHealthAutoTune" name="test_health_has_auto_tune_section" time="0.075" /><testcase classname="backend.tests.test_iteration50_auto_tune.TestWeatherHealthAutoTune" name="test_auto_tune_config_fields" time="0.060" /><testcase classname="backend.tests.test_iteration50_auto_tune.TestWeatherConfigAutoTune" name="test_config_has_auto_tune_fields" time="0.059" /><testcase classname="backend.tests.test_iteration50_auto_tune.TestExistingEndpointsStillWork" name="test_analytics_summary_realized_pnl" time="0.062" /><testcase classname="backend.tests.test_iteration50_auto_tune.TestExistingEndpointsStillWork" name="test_calibration_metrics_still_work" time="0.070" /><testcase classname="backend.tests.test_iteration50_auto_tune.TestAutoTuneIntegration" name="test_full_auto_tune_response_structure" time="0.069" /><testcase classname="backend.tests.test_iteration50_auto_tune.TestAutoTuneIntegration" name="test_coverage_trend_present_when_data_available" time="0.059" /></testsuite></testsuites>