<?xml version="1.0" encoding="utf-8"?><testsuites name="pytest tests"><testsuite name="pytest" errors="0" failures="0" skipped="0" tests="26" time="20.593" timestamp="2026-03-13T17:37:46.226068+00:00" hostname="agent-env-5a4290c7-e6bf-4aa1-8b0c-6bb32a333724"><testcase classname="backend.tests.test_phase10_integration.TestWeatherIntegrationHTTP" name="test_health_endpoint" time="0.994" /><testcase classname="backend.tests.test_phase10_integration.TestWeatherIntegrationHTTP" name="test_weather_health_endpoint" time="0.919" /><testcase classname="backend.tests.test_phase10_integration.TestWeatherIntegrationHTTP" name="test_weather_config_endpoint" time="0.706" /><testcase classname="backend.tests.test_phase10_integration.TestWeatherIntegrationHTTP" name="test_weather_stations_endpoint" time="0.688" /><testcase classname="backend.tests.test_phase10_integration.TestWeatherIntegrationHTTP" name="test_weather_signals_endpoint" time="0.946" /><testcase classname="backend.tests.test_phase10_integration.TestWeatherIntegrationHTTP" name="test_weather_executions_endpoint" time="0.702" /><testcase classname="backend.tests.test_phase10_integration.TestWeatherIntegrationHTTP" name="test_weather_forecasts_endpoint" time="0.711" /><testcase classname="backend.tests.test_phase10_integration.TestWeatherIntegrationHTTP" name="test_config_strategies_endpoint" time="0.728" /><testcase classname="backend.tests.test_phase10_integration.TestRegressionExistingEndpoints" name="test_root_endpoint" time="1.306" /><testcase classname="backend.tests.test_phase10_integration.TestRegressionExistingEndpoints" name="test_status_endpoint" time="0.697" /><testcase classname="backend.tests.test_phase10_integration.TestRegressionExistingEndpoints" name="test_config_endpoint" time="0.687" /><testcase classname="backend.tests.test_phase10_integration.TestRegressionExistingEndpoints" name="test_positions_endpoint" time="1.570" /><testcase classname="backend.tests.test_phase10_integration.TestRegressionExistingEndpoints" name="test_markets_endpoint" time="0.698" /><testcase classname="backend.tests.test_phase10_integration.TestRegressionExistingEndpoints" name="test_arb_opportunities_endpoint" time="0.729" /><testcase classname="backend.tests.test_phase10_integration.TestRegressionExistingEndpoints" name="test_arb_health_endpoint" time="0.686" /><testcase classname="backend.tests.test_phase10_integration.TestRegressionExistingEndpoints" name="test_sniper_signals_endpoint" time="0.721" /><testcase classname="backend.tests.test_phase10_integration.TestRegressionExistingEndpoints" name="test_sniper_health_endpoint" time="0.698" /><testcase classname="backend.tests.test_phase10_integration.TestRegressionExistingEndpoints" name="test_analytics_summary_endpoint" time="0.716" /><testcase classname="backend.tests.test_phase10_integration.TestRegressionExistingEndpoints" name="test_feed_health_endpoint" time="0.699" /><testcase classname="backend.tests.test_phase10_weather_api.TestWeatherAPIEndpoints" name="test_health" time="0.706" /><testcase classname="backend.tests.test_phase10_weather_api.TestWeatherAPIEndpoints" name="test_config" time="0.701" /><testcase classname="backend.tests.test_phase10_weather_api.TestWeatherAPIEndpoints" name="test_stations" time="0.705" /><testcase classname="backend.tests.test_phase10_weather_api.TestWeatherAPIEndpoints" name="test_signals" time="0.725" /><testcase classname="backend.tests.test_phase10_weather_api.TestWeatherAPIEndpoints" name="test_executions" time="0.679" /><testcase classname="backend.tests.test_phase10_weather_api.TestWeatherAPIEndpoints" name="test_forecasts" time="0.686" /><testcase classname="backend.tests.test_phase10_weather_api.TestWeatherAPIEndpoints" name="test_config_strategies_includes_weather" time="0.726" /></testsuite></testsuites>