<?xml version="1.0" encoding="utf-8"?><testsuites name="pytest tests"><testsuite name="pytest" errors="0" failures="0" skipped="0" tests="11" time="7.514" timestamp="2026-03-21T00:23:15.364502+00:00" hostname="agent-env-5a4290c7-e6bf-4aa1-8b0c-6bb32a333724"><testcase classname="tests.test_iteration77_max_signal_size_12h_analysis.TestMaxSignalSizeIncrease" name="test_sniper_health_max_signal_size_is_25" time="6.194" /><testcase classname="tests.test_iteration77_max_signal_size_12h_analysis.TestMaxSignalSizeIncrease" name="test_config_endpoint_crypto_sniper_max_signal_size" time="0.318" /><testcase classname="tests.test_iteration77_max_signal_size_12h_analysis.TestMaxSignalSizeIncrease" name="test_dynamic_sizing_tiers_uncapped" time="0.260" /><testcase classname="tests.test_iteration77_max_signal_size_12h_analysis.TestTelegram12HAnalysis" name="test_trigger_12h_analysis_endpoint_exists" time="0.070" /><testcase classname="tests.test_iteration77_max_signal_size_12h_analysis.TestTelegram12HAnalysis" name="test_trigger_12h_analysis_returns_success" time="0.068" /><testcase classname="tests.test_iteration77_max_signal_size_12h_analysis.TestTelegram12HAnalysis" name="test_telegram_notifier_configured" time="0.083" /><testcase classname="tests.test_iteration77_max_signal_size_12h_analysis.TestTelegram12HAnalysis" name="test_telegram_messages_sent" time="0.084" /><testcase classname="tests.test_iteration77_max_signal_size_12h_analysis.TestSniperHealthEndpoint" name="test_sniper_health_running" time="0.083" /><testcase classname="tests.test_iteration77_max_signal_size_12h_analysis.TestSniperHealthEndpoint" name="test_sniper_health_has_config" time="0.141" /><testcase classname="tests.test_iteration77_max_signal_size_12h_analysis.TestEngineHealth" name="test_health_endpoint" time="0.059" /><testcase classname="tests.test_iteration77_max_signal_size_12h_analysis.TestEngineHealth" name="test_strategies_active" time="0.092" /></testsuite></testsuites>