<?xml version="1.0" encoding="utf-8"?><testsuites name="pytest tests"><testsuite name="pytest" errors="0" failures="0" skipped="0" tests="16" time="5.369" timestamp="2026-03-20T20:39:22.970713+00:00" hostname="agent-env-5a4290c7-e6bf-4aa1-8b0c-6bb32a333724"><testcase classname="tests.test_iteration75_whrrari_sizing_modes.TestWhrrariReportEndpoint" name="test_report_returns_unit_size_stats" time="4.105" /><testcase classname="tests.test_iteration75_whrrari_sizing_modes.TestWhrrariReportEndpoint" name="test_report_returns_sandbox_notional_stats" time="0.086" /><testcase classname="tests.test_iteration75_whrrari_sizing_modes.TestWhrrariReportEndpoint" name="test_report_returns_crypto_mirrored_stats" time="0.098" /><testcase classname="tests.test_iteration75_whrrari_sizing_modes.TestWhrrariReportEndpoint" name="test_report_config_shows_sandbox_bands" time="0.081" /><testcase classname="tests.test_iteration75_whrrari_sizing_modes.TestWhrrariReportEndpoint" name="test_report_config_shows_crypto_mirror_cap" time="0.061" /><testcase classname="tests.test_iteration75_whrrari_sizing_modes.TestWhrrariPositionsEndpoint" name="test_positions_mode_unit" time="0.065" /><testcase classname="tests.test_iteration75_whrrari_sizing_modes.TestWhrrariPositionsEndpoint" name="test_positions_mode_sandbox" time="0.076" /><testcase classname="tests.test_iteration75_whrrari_sizing_modes.TestWhrrariPositionsEndpoint" name="test_positions_mode_crypto" time="0.085" /><testcase classname="tests.test_iteration75_whrrari_sizing_modes.TestWhrrariClosedEndpoint" name="test_closed_mode_unit" time="0.098" /><testcase classname="tests.test_iteration75_whrrari_sizing_modes.TestWhrrariClosedEndpoint" name="test_closed_mode_sandbox" time="0.079" /><testcase classname="tests.test_iteration75_whrrari_sizing_modes.TestWhrrariClosedEndpoint" name="test_closed_mode_crypto" time="0.074" /><testcase classname="tests.test_iteration75_whrrari_sizing_modes.TestExistingShadowSniperStillWorks" name="test_shadow_report_endpoint" time="0.081" /><testcase classname="tests.test_iteration75_whrrari_sizing_modes.TestExistingShadowSniperStillWorks" name="test_experiments_registry_endpoint" time="0.064" /><testcase classname="tests.test_iteration75_whrrari_sizing_modes.TestWhrrariEvaluations" name="test_evaluations_endpoint" time="0.102" /><testcase classname="tests.test_iteration75_whrrari_sizing_modes.TestHealthAndStatus" name="test_health_endpoint" time="0.064" /><testcase classname="tests.test_iteration75_whrrari_sizing_modes.TestHealthAndStatus" name="test_status_endpoint" time="0.065" /></testsuite></testsuites>