<?xml version="1.0" encoding="utf-8"?><testsuites name="pytest tests"><testsuite name="pytest" errors="0" failures="0" skipped="0" tests="23" time="20.111" timestamp="2026-03-13T18:33:07.211426+00:00" hostname="agent-env-5a4290c7-e6bf-4aa1-8b0c-6bb32a333724"><testcase classname="backend.tests.test_demo_mode.TestDemoModeStatus" name="test_demo_status_returns_enabled_field" time="1.292" /><testcase classname="backend.tests.test_demo_mode.TestDemoModeStatus" name="test_demo_enable_endpoint" time="0.713" /><testcase classname="backend.tests.test_demo_mode.TestDemoModeStatus" name="test_demo_disable_endpoint" time="2.200" /><testcase classname="backend.tests.test_demo_mode.TestDemoModeStatus" name="test_demo_regenerate_creates_new_seed" time="1.670" /><testcase classname="backend.tests.test_demo_mode.TestDemoStatusSnapshot" name="test_demo_status_snapshot_returns_running_state" time="0.698" /><testcase classname="backend.tests.test_demo_mode.TestDemoStatusSnapshot" name="test_demo_status_snapshot_has_expected_stats" time="0.714" /><testcase classname="backend.tests.test_demo_mode.TestDemoPositionsAndTrades" name="test_demo_positions_returns_list" time="0.700" /><testcase classname="backend.tests.test_demo_mode.TestDemoPositionsAndTrades" name="test_demo_trades_returns_list" time="0.975" /><testcase classname="backend.tests.test_demo_mode.TestDemoPositionsAndTrades" name="test_demo_orders_returns_list" time="0.902" /><testcase classname="backend.tests.test_demo_mode.TestDemoAnalytics" name="test_demo_analytics_summary_returns_stats" time="0.696" /><testcase classname="backend.tests.test_demo_mode.TestDemoAnalytics" name="test_demo_analytics_timeseries" time="0.745" /><testcase classname="backend.tests.test_demo_mode.TestDemoAnalytics" name="test_demo_pnl_history" time="0.689" /><testcase classname="backend.tests.test_demo_mode.TestDemoStrategyEndpoints" name="test_demo_arb_opportunities" time="0.688" /><testcase classname="backend.tests.test_demo_mode.TestDemoStrategyEndpoints" name="test_demo_arb_executions" time="0.682" /><testcase classname="backend.tests.test_demo_mode.TestDemoStrategyEndpoints" name="test_demo_sniper_signals" time="0.691" /><testcase classname="backend.tests.test_demo_mode.TestDemoStrategyEndpoints" name="test_demo_weather_signals" time="0.907" /><testcase classname="backend.tests.test_demo_mode.TestDemoStrategyEndpoints" name="test_demo_weather_forecasts" time="0.694" /><testcase classname="backend.tests.test_demo_mode.TestDemoTickerAndWallet" name="test_demo_ticker_feed" time="0.919" /><testcase classname="backend.tests.test_demo_mode.TestDemoTickerAndWallet" name="test_demo_wallet_status" time="0.685" /><testcase classname="backend.tests.test_demo_mode.TestDemoConfigAndHealth" name="test_demo_config" time="0.691" /><testcase classname="backend.tests.test_demo_mode.TestDemoConfigAndHealth" name="test_demo_health" time="0.684" /><testcase classname="backend.tests.test_demo_mode.TestRealEndpointsUnaffected" name="test_real_health_unaffected" time="0.675" /><testcase classname="backend.tests.test_demo_mode.TestRealEndpointsUnaffected" name="test_real_status_unaffected" time="0.700" /></testsuite></testsuites>