<?xml version="1.0" encoding="utf-8"?><testsuites name="pytest tests"><testsuite name="pytest" errors="0" failures="0" skipped="0" tests="33" time="2.487" timestamp="2026-03-21T00:04:50.703740+00:00" hostname="agent-env-5a4290c7-e6bf-4aa1-8b0c-6bb32a333724"><testcase classname="backend.tests.test_iteration76_sanity_audit.TestCoreBackendAPIs" name="test_status_endpoint" time="0.131" /><testcase classname="backend.tests.test_iteration76_sanity_audit.TestCoreBackendAPIs" name="test_positions_endpoint" time="0.074" /><testcase classname="backend.tests.test_iteration76_sanity_audit.TestCoreBackendAPIs" name="test_trades_endpoint" time="0.064" /><testcase classname="backend.tests.test_iteration76_sanity_audit.TestCoreBackendAPIs" name="test_diagnostics_endpoint" time="0.060" /><testcase classname="backend.tests.test_iteration76_sanity_audit.TestSniperHealth" name="test_sniper_health_endpoint" time="0.069" /><testcase classname="backend.tests.test_iteration76_sanity_audit.TestSniperHealth" name="test_sniper_dislocation_filtered_field_exists" time="0.124" /><testcase classname="backend.tests.test_iteration76_sanity_audit.TestSniperHealth" name="test_sniper_position_capped_field_exists" time="0.073" /><testcase classname="backend.tests.test_iteration76_sanity_audit.TestSniperHealth" name="test_sniper_rejection_reasons_field_exists" time="0.066" /><testcase classname="backend.tests.test_iteration76_sanity_audit.TestShadowReport" name="test_shadow_report_status" time="0.070" /><testcase classname="backend.tests.test_iteration76_sanity_audit.TestShadowReport" name="test_shadow_report_structure" time="0.059" /><testcase classname="backend.tests.test_iteration76_sanity_audit.TestMoonDevReport" name="test_moondev_report_status" time="0.062" /><testcase classname="backend.tests.test_iteration76_sanity_audit.TestMoonDevReport" name="test_moondev_report_has_metrics" time="0.071" /><testcase classname="backend.tests.test_iteration76_sanity_audit.TestPhantomReport" name="test_phantom_report_status" time="0.070" /><testcase classname="backend.tests.test_iteration76_sanity_audit.TestPhantomReport" name="test_phantom_gabagool_threshold" time="0.074" /><testcase classname="backend.tests.test_iteration76_sanity_audit.TestPhantomReport" name="test_phantom_gabagool_trades_field_exists" time="0.062" /><testcase classname="backend.tests.test_iteration76_sanity_audit.TestPhantomReport" name="test_phantom_gabagool_stats" time="0.078" /><testcase classname="backend.tests.test_iteration76_sanity_audit.TestPhantomGabagoolPositions" name="test_phantom_gabagool_positions_returns_array" time="0.060" /><testcase classname="backend.tests.test_iteration76_sanity_audit.TestPhantomGabagoolPositions" name="test_phantom_gabagool_closed_returns_array" time="0.067" /><testcase classname="backend.tests.test_iteration76_sanity_audit.TestPhantomGabagoolPositions" name="test_phantom_gabagool_closed_returns_valid_structure" time="0.061" /><testcase classname="backend.tests.test_iteration76_sanity_audit.TestPhantomGabagoolPositions" name="test_phantom_gabagool_closed_structure" time="0.060" /><testcase classname="backend.tests.test_iteration76_sanity_audit.TestPhantomOneSide" name="test_phantom_unit_positions_returns_array" time="0.062" /><testcase classname="backend.tests.test_iteration76_sanity_audit.TestPhantomOneSide" name="test_phantom_unit_closed_returns_array" time="0.059" /><testcase classname="backend.tests.test_iteration76_sanity_audit.TestPhantomEvaluations" name="test_phantom_evaluations_returns_array" time="0.106" /><testcase classname="backend.tests.test_iteration76_sanity_audit.TestPhantomEvaluations" name="test_phantom_evaluations_has_gabagool_eligible_field" time="0.072" /><testcase classname="backend.tests.test_iteration76_sanity_audit.TestWhrrariModes" name="test_whrrari_report_returns_valid_status" time="0.065" /><testcase classname="backend.tests.test_iteration76_sanity_audit.TestWhrrariModes" name="test_whrrari_report_has_3_mode_stats" time="0.076" /><testcase classname="backend.tests.test_iteration76_sanity_audit.TestWhrrariModes" name="test_whrrari_positions_mode_unit" time="0.064" /><testcase classname="backend.tests.test_iteration76_sanity_audit.TestWhrrariModes" name="test_whrrari_positions_mode_sandbox" time="0.087" /><testcase classname="backend.tests.test_iteration76_sanity_audit.TestWhrrariModes" name="test_whrrari_positions_mode_crypto" time="0.065" /><testcase classname="backend.tests.test_iteration76_sanity_audit.TestExperimentsRegistry" name="test_registry_returns_all_6_experiments" time="0.063" /><testcase classname="backend.tests.test_iteration76_sanity_audit.TestExperimentsRegistry" name="test_registry_experiment_ids" time="0.068" /><testcase classname="backend.tests.test_iteration76_sanity_audit.TestExperimentsRegistry" name="test_registry_active_experiments" time="0.075" /><testcase classname="backend.tests.test_iteration76_sanity_audit.TestExperimentsRegistry" name="test_registry_planned_experiments" time="0.072" /></testsuite></testsuites>