<?xml version="1.0" encoding="utf-8"?><testsuites name="pytest tests"><testsuite name="pytest" errors="0" failures="0" skipped="0" tests="14" time="5.103" timestamp="2026-03-17T19:13:37.092201+00:00" hostname="agent-env-5a4290c7-e6bf-4aa1-8b0c-6bb32a333724"><testcase classname="backend.tests.test_iteration49_sigma_calibration.TestP1P2SigmaPipelineAndConfig" name="test_weather_health_has_sigma_pipeline" time="4.139" /><testcase classname="backend.tests.test_iteration49_sigma_calibration.TestP1P2SigmaPipelineAndConfig" name="test_weather_config_has_calibration_fields" time="0.068" /><testcase classname="backend.tests.test_iteration49_sigma_calibration.TestP3CalibrationMetrics" name="test_calibration_metrics_returns_all_fields" time="0.066" /><testcase classname="backend.tests.test_iteration49_sigma_calibration.TestP3CalibrationMetrics" name="test_calibration_segments_by_lead_bracket" time="0.068" /><testcase classname="backend.tests.test_iteration49_sigma_calibration.TestP3CalibrationMetrics" name="test_calibration_segments_by_market_type" time="0.075" /><testcase classname="backend.tests.test_iteration49_sigma_calibration.TestP4AsymmetricWeatherSummary" name="test_asymmetric_summary_returns_all_fields" time="0.067" /><testcase classname="backend.tests.test_iteration49_sigma_calibration.TestP4AsymmetricWeatherSummary" name="test_asymmetric_config_values" time="0.065" /><testcase classname="backend.tests.test_iteration49_sigma_calibration.TestP5WeatherByType" name="test_weather_by_type_returns_all_types" time="0.069" /><testcase classname="backend.tests.test_iteration49_sigma_calibration.TestP5WeatherByType" name="test_weather_by_type_has_pnl_fields" time="0.070" /><testcase classname="backend.tests.test_iteration49_sigma_calibration.TestBackendRealizedPnL" name="test_analytics_summary_has_realized_pnl" time="0.085" /><testcase classname="backend.tests.test_iteration49_sigma_calibration.TestBackendRealizedPnL" name="test_strategy_attribution_correct_pnl" time="0.066" /><testcase classname="backend.tests.test_iteration49_sigma_calibration.TestSigmaTraceInExplanation" name="test_weather_signals_have_sigma_trace" time="0.073" /><testcase classname="backend.tests.test_iteration49_sigma_calibration.TestHealthEndpoint" name="test_health_endpoint" time="0.059" /><testcase classname="backend.tests.test_iteration49_sigma_calibration.TestHealthEndpoint" name="test_status_endpoint" time="0.057" /></testsuite></testsuites>