<?xml version="1.0" encoding="utf-8"?><testsuites name="pytest tests"><testsuite name="pytest" errors="0" failures="0" skipped="0" tests="15" time="1.470" timestamp="2026-03-18T19:36:26.639451+00:00" hostname="agent-env-5a4290c7-e6bf-4aa1-8b0c-6bb32a333724"><testcase classname="backend.tests.test_iteration59_snapshot_export.TestUISnapshotEndpoint" name="test_ui_snapshot_no_auth_required" time="0.307" /><testcase classname="backend.tests.test_iteration59_snapshot_export.TestUISnapshotEndpoint" name="test_ui_snapshot_returns_json_structure" time="0.104" /><testcase classname="backend.tests.test_iteration59_snapshot_export.TestKeyedSnapshotEndpoint" name="test_state_snapshot_requires_key" time="0.063" /><testcase classname="backend.tests.test_iteration59_snapshot_export.TestKeyedSnapshotEndpoint" name="test_state_snapshot_wrong_key" time="0.058" /><testcase classname="backend.tests.test_iteration59_snapshot_export.TestKeyedSnapshotEndpoint" name="test_state_snapshot_with_header_key" time="0.069" /><testcase classname="backend.tests.test_iteration59_snapshot_export.TestSnapshotFreshnessData" name="test_freshness_contains_snapshot_at" time="0.070" /><testcase classname="backend.tests.test_iteration59_snapshot_export.TestSnapshotFreshnessData" name="test_freshness_contains_required_fields" time="0.089" /><testcase classname="backend.tests.test_iteration59_snapshot_export.TestSnapshotPositionsData" name="test_positions_grouped_by_strategy" time="0.081" /><testcase classname="backend.tests.test_iteration59_snapshot_export.TestSnapshotPositionsData" name="test_position_counts_key_present" time="0.073" /><testcase classname="backend.tests.test_iteration59_snapshot_export.TestSnapshotPnlSummary" name="test_pnl_summary_contains_required_fields" time="0.069" /><testcase classname="backend.tests.test_iteration59_snapshot_export.TestSnapshotLifecycleData" name="test_lifecycle_contains_mode_and_config" time="0.071" /><testcase classname="backend.tests.test_iteration59_snapshot_export.TestSnapshotStrategyHealth" name="test_strategy_health_contains_weather_crypto_arb" time="0.093" /><testcase classname="backend.tests.test_iteration59_snapshot_export.TestSnapshotWeatherConfig" name="test_weather_config_present" time="0.107" /><testcase classname="backend.tests.test_iteration59_snapshot_export.TestSnapshotEntryQuality" name="test_entry_quality_structure" time="0.087" /><testcase classname="backend.tests.test_iteration59_snapshot_export.TestSnapshotJSONSize" name="test_snapshot_is_reasonable_size" time="0.071" /></testsuite></testsuites>