<?xml version="1.0" encoding="utf-8"?><testsuites name="pytest tests"><testsuite name="pytest" errors="0" failures="0" skipped="0" tests="17" time="5.756" timestamp="2026-03-13T16:03:28.569678+00:00" hostname="agent-env-5297b10e-c6bc-411c-8cf3-0d98e9c34de4"><testcase classname="backend.tests.test_phase9_analytics.TestAnalyticsEmptyState" name="test_summary_empty_state" time="0.987" /><testcase classname="backend.tests.test_phase9_analytics.TestAnalyticsEmptyState" name="test_strategies_empty_state" time="0.175" /><testcase classname="backend.tests.test_phase9_analytics.TestAnalyticsEmptyState" name="test_execution_quality_empty_state" time="0.148" /><testcase classname="backend.tests.test_phase9_analytics.TestAnalyticsEmptyState" name="test_timeseries_empty_state" time="0.203" /><testcase classname="backend.tests.test_phase9_analytics.TestAnalyticsWithData" name="test_inject_trades_endpoint" time="0.292" /><testcase classname="backend.tests.test_phase9_analytics.TestAnalyticsWithData" name="test_summary_with_trades" time="0.389" /><testcase classname="backend.tests.test_phase9_analytics.TestAnalyticsWithData" name="test_summary_all_fields_present" time="0.404" /><testcase classname="backend.tests.test_phase9_analytics.TestAnalyticsWithData" name="test_strategies_arb_scanner" time="0.310" /><testcase classname="backend.tests.test_phase9_analytics.TestAnalyticsWithData" name="test_strategies_crypto_sniper" time="0.348" /><testcase classname="backend.tests.test_phase9_analytics.TestAnalyticsWithData" name="test_execution_quality_with_orders" time="0.345" /><testcase classname="backend.tests.test_phase9_analytics.TestAnalyticsWithData" name="test_timeseries_with_data" time="0.318" /><testcase classname="backend.tests.test_phase9_analytics.TestAnalyticsWithData" name="test_timeseries_daily_pnl_structure" time="0.334" /><testcase classname="backend.tests.test_phase9_analytics.TestAnalyticsWithData" name="test_timeseries_equity_curve_structure" time="0.338" /><testcase classname="backend.tests.test_phase9_analytics.TestAnalyticsWithData" name="test_timeseries_drawdown_curve_structure" time="0.322" /><testcase classname="backend.tests.test_phase9_analytics.TestAnalyticsWithData" name="test_timeseries_executions_by_strategy" time="0.326" /><testcase classname="backend.tests.test_phase9_analytics.TestClearTrades" name="test_clear_trades_endpoint" time="0.366" /><testcase classname="backend.tests.test_phase9_analytics.TestRegressionEndpoints" name="test_pnl_history_endpoint" time="0.071" /></testsuite></testsuites>