<?xml version="1.0" encoding="utf-8"?><testsuites name="pytest tests"><testsuite name="pytest" errors="0" failures="0" skipped="0" tests="32" time="6.102" timestamp="2026-03-18T18:25:29.558454+00:00" hostname="agent-env-5a4290c7-e6bf-4aa1-8b0c-6bb32a333724"><testcase classname="backend.tests.test_iteration56_entry_quality.TestEntryQualityEndpoint" name="test_entry_quality_endpoint_exists" time="3.130" /><testcase classname="backend.tests.test_iteration56_entry_quality.TestEntryQualityEndpoint" name="test_entry_quality_has_config_field" time="0.086" /><testcase classname="backend.tests.test_iteration56_entry_quality.TestEntryQualityEndpoint" name="test_entry_quality_has_rejections_field" time="0.095" /><testcase classname="backend.tests.test_iteration56_entry_quality.TestEntryQualityEndpoint" name="test_entry_quality_has_passed_signals_field" time="0.303" /><testcase classname="backend.tests.test_iteration56_entry_quality.TestEntryQualityEndpoint" name="test_entry_quality_has_open_positions_field" time="0.088" /><testcase classname="backend.tests.test_iteration56_entry_quality.TestEntryQualityConfig" name="test_config_has_min_quality_score" time="0.066" /><testcase classname="backend.tests.test_iteration56_entry_quality.TestEntryQualityConfig" name="test_config_has_min_edge_bps_long" time="0.079" /><testcase classname="backend.tests.test_iteration56_entry_quality.TestEntryQualityConfig" name="test_config_has_long_resolution_hours" time="0.079" /><testcase classname="backend.tests.test_iteration56_entry_quality.TestEntryQualityConfig" name="test_config_has_time_preference_weight" time="0.076" /><testcase classname="backend.tests.test_iteration56_entry_quality.TestEntryQualityConfig" name="test_config_has_long_hold_penalty" time="0.103" /><testcase classname="backend.tests.test_iteration56_entry_quality.TestEntryQualityRejections" name="test_rejections_has_low_quality_counter" time="0.087" /><testcase classname="backend.tests.test_iteration56_entry_quality.TestEntryQualityRejections" name="test_rejections_has_low_edge_long_counter" time="0.078" /><testcase classname="backend.tests.test_iteration56_entry_quality.TestEntryQualityRejections" name="test_rejections_has_long_hold_penalty_counter" time="0.100" /><testcase classname="backend.tests.test_iteration56_entry_quality.TestEntryQualityPassedSignals" name="test_passed_signals_has_total" time="0.063" /><testcase classname="backend.tests.test_iteration56_entry_quality.TestEntryQualityPassedSignals" name="test_passed_signals_has_avg_quality" time="0.094" /><testcase classname="backend.tests.test_iteration56_entry_quality.TestEntryQualityPassedSignals" name="test_passed_signals_has_avg_edge_bps" time="0.071" /><testcase classname="backend.tests.test_iteration56_entry_quality.TestEntryQualityPassedSignals" name="test_passed_signals_has_avg_lead_hours" time="0.077" /><testcase classname="backend.tests.test_iteration56_entry_quality.TestEntryQualityOpenPositions" name="test_open_positions_has_count" time="0.076" /><testcase classname="backend.tests.test_iteration56_entry_quality.TestEntryQualityOpenPositions" name="test_open_positions_has_avg_profit_multiple" time="0.075" /><testcase classname="backend.tests.test_iteration56_entry_quality.TestEntryQualityOpenPositions" name="test_open_positions_has_avg_edge_at_entry_bps" time="0.080" /><testcase classname="backend.tests.test_iteration56_entry_quality.TestEntryQualityOpenPositions" name="test_open_positions_has_avg_hours_to_resolution" time="0.107" /><testcase classname="backend.tests.test_iteration56_entry_quality.TestWeatherHealthEntryQuality" name="test_health_includes_entry_quality_section" time="0.109" /><testcase classname="backend.tests.test_iteration56_entry_quality.TestWeatherHealthEntryQuality" name="test_health_entry_quality_has_config" time="0.063" /><testcase classname="backend.tests.test_iteration56_entry_quality.TestWeatherHealthEntryQuality" name="test_health_entry_quality_has_rejections" time="0.064" /><testcase classname="backend.tests.test_iteration56_entry_quality.TestAsymmetricUnaffected" name="test_asymmetric_summary_endpoint_works" time="0.065" /><testcase classname="backend.tests.test_iteration56_entry_quality.TestAsymmetricUnaffected" name="test_asymmetric_config_separate_from_standard" time="0.086" /><testcase classname="backend.tests.test_iteration56_entry_quality.TestPreviousFeaturesRegression" name="test_lifecycle_mode_endpoint_works" time="0.137" /><testcase classname="backend.tests.test_iteration56_entry_quality.TestPreviousFeaturesRegression" name="test_lifecycle_dashboard_works" time="0.114" /><testcase classname="backend.tests.test_iteration56_entry_quality.TestPreviousFeaturesRegression" name="test_exit_candidates_endpoint_works" time="0.087" /><testcase classname="backend.tests.test_iteration56_entry_quality.TestPreviousFeaturesRegression" name="test_positions_by_strategy_works" time="0.087" /><testcase classname="backend.tests.test_iteration56_entry_quality.TestIntegrationDataFlow" name="test_entry_quality_rejection_counters_increment" time="0.063" /><testcase classname="backend.tests.test_iteration56_entry_quality.TestIntegrationDataFlow" name="test_entry_quality_passed_metrics_reasonable" time="0.078" /></testsuite></testsuites>