<?xml version="1.0" encoding="utf-8"?><testsuites name="pytest tests"><testsuite name="pytest" errors="0" failures="0" skipped="0" tests="28" time="6.967" timestamp="2026-03-17T17:31:50.793049+00:00" hostname="agent-env-5a4290c7-e6bf-4aa1-8b0c-6bb32a333724"><testcase classname="tests.test_iteration47_weather_v2_upgrade.TestWeatherHealthByMarketType" name="test_weather_health_returns_200" time="5.525" /><testcase classname="tests.test_iteration47_weather_v2_upgrade.TestWeatherHealthByMarketType" name="test_by_market_type_exists" time="0.132" /><testcase classname="tests.test_iteration47_weather_v2_upgrade.TestWeatherHealthByMarketType" name="test_by_market_type_has_four_categories" time="0.083" /><testcase classname="tests.test_iteration47_weather_v2_upgrade.TestWeatherHealthByMarketType" name="test_temperature_classified_count" time="0.290" /><testcase classname="tests.test_iteration47_weather_v2_upgrade.TestWeatherSignalsMarketType" name="test_signals_endpoint_returns_200" time="0.086" /><testcase classname="tests.test_iteration47_weather_v2_upgrade.TestWeatherSignalsMarketType" name="test_tradable_signals_have_market_type" time="0.093" /><testcase classname="tests.test_iteration47_weather_v2_upgrade.TestWeatherSignalsMarketType" name="test_rejected_signals_have_market_type_or_explanation" time="0.079" /><testcase classname="tests.test_iteration47_weather_v2_upgrade.TestBestSignalMarketType" name="test_best_signal_has_market_type" time="0.100" /><testcase classname="tests.test_iteration47_weather_v2_upgrade.TestNegativeCelsiusParsing" name="test_parse_bucket_negative_exact" time="0.060" /><testcase classname="tests.test_iteration47_weather_v2_upgrade.TestNegativeCelsiusParsing" name="test_parse_bucket_negative_or_below" time="0.000" /><testcase classname="tests.test_iteration47_weather_v2_upgrade.TestNegativeCelsiusParsing" name="test_parse_bucket_negative_or_higher" time="0.000" /><testcase classname="tests.test_iteration47_weather_v2_upgrade.TestNegativeCelsiusParsing" name="test_celsius_to_fahrenheit_conversion" time="0.000" /><testcase classname="tests.test_iteration47_weather_v2_upgrade.TestNonTemperatureParsing" name="test_detect_market_type_precipitation" time="0.000" /><testcase classname="tests.test_iteration47_weather_v2_upgrade.TestNonTemperatureParsing" name="test_detect_market_type_snowfall" time="0.000" /><testcase classname="tests.test_iteration47_weather_v2_upgrade.TestNonTemperatureParsing" name="test_detect_market_type_wind" time="0.000" /><testcase classname="tests.test_iteration47_weather_v2_upgrade.TestNonTemperatureParsing" name="test_parse_amount_bucket_precip" time="0.000" /><testcase classname="tests.test_iteration47_weather_v2_upgrade.TestNonTemperatureParsing" name="test_parse_amount_bucket_snow" time="0.000" /><testcase classname="tests.test_iteration47_weather_v2_upgrade.TestNonTemperatureParsing" name="test_parse_amount_bucket_wind" time="0.000" /><testcase classname="tests.test_iteration47_weather_v2_upgrade.TestAmountProbabilityComputation" name="test_compute_amount_bucket_probability_precip" time="0.001" /><testcase classname="tests.test_iteration47_weather_v2_upgrade.TestAmountProbabilityComputation" name="test_compute_amount_bucket_probability_snow" time="0.000" /><testcase classname="tests.test_iteration47_weather_v2_upgrade.TestAmountProbabilityComputation" name="test_compute_amount_bucket_probability_wind" time="0.000" /><testcase classname="tests.test_iteration47_weather_v2_upgrade.TestAmountProbabilityComputation" name="test_get_amount_sigma" time="0.000" /><testcase classname="tests.test_iteration47_weather_v2_upgrade.TestForecastSnapshotFields" name="test_forecast_snapshot_has_precip_snow_wind_fields" time="0.000" /><testcase classname="tests.test_iteration47_weather_v2_upgrade.TestPositionsEndpoints" name="test_weather_breakdown_returns_200" time="0.104" /><testcase classname="tests.test_iteration47_weather_v2_upgrade.TestPositionsEndpoints" name="test_by_strategy_returns_200" time="0.108" /><testcase classname="tests.test_iteration47_weather_v2_upgrade.TestSniperAndAnalytics" name="test_sniper_signals_returns_200" time="0.085" /><testcase classname="tests.test_iteration47_weather_v2_upgrade.TestSniperAndAnalytics" name="test_sniper_health_returns_200" time="0.072" /><testcase classname="tests.test_iteration47_weather_v2_upgrade.TestSniperAndAnalytics" name="test_strategy_attribution_returns_200" time="0.068" /></testsuite></testsuites>