<?xml version="1.0" encoding="utf-8"?><testsuites name="pytest tests"><testsuite name="pytest" errors="0" failures="0" skipped="0" tests="22" time="2.935" timestamp="2026-03-16T12:00:37.998602+00:00" hostname="agent-env-5a4290c7-e6bf-4aa1-8b0c-6bb32a333724"><testcase classname="tests.test_auto_resolver.TestAutoResolverHealth" name="test_auto_resolver_health_returns_200" time="0.528" /><testcase classname="tests.test_auto_resolver.TestAutoResolverHealth" name="test_auto_resolver_health_has_required_fields" time="0.320" /><testcase classname="tests.test_auto_resolver.TestAutoResolverHealth" name="test_auto_resolver_is_running" time="0.082" /><testcase classname="tests.test_auto_resolver.TestAutoResolverHealth" name="test_auto_resolver_interval_hours" time="0.089" /><testcase classname="tests.test_auto_resolver.TestAutoResolverManualTrigger" name="test_manual_trigger_returns_200" time="0.094" /><testcase classname="tests.test_auto_resolver.TestAutoResolverManualTrigger" name="test_manual_trigger_response_format" time="0.071" /><testcase classname="tests.test_auto_resolver.TestAutoResolverManualTrigger" name="test_manual_trigger_idempotent" time="0.214" /><testcase classname="tests.test_auto_resolver.TestAutoResolverManualTrigger" name="test_no_pending_returns_zeros" time="0.089" /><testcase classname="tests.test_auto_resolver.TestWeatherHealthWithAutoResolver" name="test_weather_health_returns_200" time="0.084" /><testcase classname="tests.test_auto_resolver.TestWeatherHealthWithAutoResolver" name="test_weather_health_includes_auto_resolver" time="0.076" /><testcase classname="tests.test_auto_resolver.TestGlobalAnalyticsWithAutoResolver" name="test_global_analytics_returns_200" time="0.071" /><testcase classname="tests.test_auto_resolver.TestGlobalAnalyticsWithAutoResolver" name="test_global_analytics_includes_auto_resolver" time="0.083" /><testcase classname="tests.test_auto_resolver.TestGlobalAnalyticsWithAutoResolver" name="test_forecast_quality_resolved_forecasts" time="0.185" /><testcase classname="tests.test_auto_resolver.TestGlobalAnalyticsWithAutoResolver" name="test_forecast_quality_five_stations" time="0.086" /><testcase classname="tests.test_auto_resolver.TestGlobalAnalyticsWithAutoResolver" name="test_forecast_quality_improved_mae" time="0.082" /><testcase classname="tests.test_auto_resolver.TestGlobalAnalyticsWithAutoResolver" name="test_forecast_quality_error_distribution" time="0.105" /><testcase classname="tests.test_auto_resolver.TestRegressionEndpoints" name="test_status_returns_200" time="0.086" /><testcase classname="tests.test_auto_resolver.TestRegressionEndpoints" name="test_health_returns_200" time="0.115" /><testcase classname="tests.test_auto_resolver.TestRegressionEndpoints" name="test_accuracy_history_returns_200" time="0.083" /><testcase classname="tests.test_auto_resolver.TestRegressionEndpoints" name="test_accuracy_calibration_returns_200" time="0.126" /><testcase classname="tests.test_auto_resolver.TestStationMetricsDetail" name="test_each_station_has_required_fields" time="0.085" /><testcase classname="tests.test_auto_resolver.TestStationMetricsDetail" name="test_each_station_has_samples" time="0.080" /></testsuite></testsuites>