<?xml version="1.0" encoding="utf-8"?><testsuites name="pytest tests"><testsuite name="pytest" errors="0" failures="0" skipped="0" tests="14" time="8.780" timestamp="2026-03-18T00:19:07.938867+00:00" hostname="agent-env-5a4290c7-e6bf-4aa1-8b0c-6bb32a333724"><testcase classname="backend.tests.test_iteration55_lifecycle_mode_control.TestLifecycleModeEndpoint" name="test_endpoint_accepts_valid_modes" time="6.256" /><testcase classname="backend.tests.test_iteration55_lifecycle_mode_control.TestLifecycleModeEndpoint" name="test_endpoint_returns_required_fields" time="0.141" /><testcase classname="backend.tests.test_iteration55_lifecycle_mode_control.TestLifecycleModeEndpoint" name="test_endpoint_rejects_invalid_mode" time="0.424" /><testcase classname="backend.tests.test_iteration55_lifecycle_mode_control.TestLifecycleModeEndpoint" name="test_same_mode_returns_unchanged" time="0.136" /><testcase classname="backend.tests.test_iteration55_lifecycle_mode_control.TestLifecycleModeEndpoint" name="test_mode_persists_to_lifecycle_endpoint" time="0.308" /><testcase classname="backend.tests.test_iteration55_lifecycle_mode_control.TestLifecycleModeEndpoint" name="test_mode_change_tag_only_to_shadow_exit" time="0.130" /><testcase classname="backend.tests.test_iteration55_lifecycle_mode_control.TestLifecycleModeEndpoint" name="test_mode_change_shadow_exit_back_to_tag_only" time="0.152" /><testcase classname="backend.tests.test_iteration55_lifecycle_mode_control.TestLifecycleModeEndpoint" name="test_mode_change_to_auto_exit_and_back" time="0.099" /><testcase classname="backend.tests.test_iteration55_lifecycle_mode_control.TestLifecycleModeEndpoint" name="test_mode_persisted_field_present" time="0.066" /><testcase classname="backend.tests.test_iteration55_lifecycle_mode_control.TestLifecycleModeEndpoint" name="test_timestamp_field_present_on_update" time="0.145" /><testcase classname="backend.tests.test_iteration55_lifecycle_mode_control.TestLifecycleModeIntegration" name="test_positions_by_strategy_reflects_mode" time="0.288" /><testcase classname="backend.tests.test_iteration55_lifecycle_mode_control.TestLifecycleModeIntegration" name="test_lifecycle_dashboard_shows_correct_mode" time="0.199" /><testcase classname="backend.tests.test_iteration55_lifecycle_mode_control.TestLifecycleModeIntegration" name="test_exit_candidates_endpoint_works_with_mode" time="0.224" /><testcase classname="backend.tests.test_iteration55_lifecycle_mode_control.TestRestoreModeAfterTests" name="test_restore_mode_to_tag_only" time="0.144" /></testsuite></testsuites>