<?xml version="1.0" encoding="utf-8"?><testsuites name="pytest tests"><testsuite name="pytest" errors="0" failures="0" skipped="0" tests="28" time="8.337" timestamp="2026-03-18T22:25:51.464481+00:00" hostname="agent-env-5a4290c7-e6bf-4aa1-8b0c-6bb32a333724"><testcase classname="backend.tests.test_iteration62_critical_upgrade.TestControlsEndpoint" name="test_controls_returns_200" time="5.963" /><testcase classname="backend.tests.test_iteration62_critical_upgrade.TestControlsEndpoint" name="test_controls_has_max_market_exposure_360" time="0.300" /><testcase classname="backend.tests.test_iteration62_critical_upgrade.TestControlsEndpoint" name="test_controls_has_exposure_by_strategy" time="0.079" /><testcase classname="backend.tests.test_iteration62_critical_upgrade.TestControlsEndpoint" name="test_controls_has_exposure_caps" time="0.097" /><testcase classname="backend.tests.test_iteration62_critical_upgrade.TestUpgradeValidationEndpoint" name="test_upgrade_validation_returns_200" time="0.076" /><testcase classname="backend.tests.test_iteration62_critical_upgrade.TestUpgradeValidationEndpoint" name="test_upgrade_validation_capital_allocation" time="0.082" /><testcase classname="backend.tests.test_iteration62_critical_upgrade.TestUpgradeValidationEndpoint" name="test_upgrade_validation_has_current_exposure" time="0.090" /><testcase classname="backend.tests.test_iteration62_critical_upgrade.TestUpgradeValidationEndpoint" name="test_upgrade_validation_weather_lifecycle" time="0.065" /><testcase classname="backend.tests.test_iteration62_critical_upgrade.TestUpgradeValidationEndpoint" name="test_upgrade_validation_shadow_exit_counts" time="0.060" /><testcase classname="backend.tests.test_iteration62_critical_upgrade.TestUpgradeValidationEndpoint" name="test_upgrade_validation_arb_health" time="0.080" /><testcase classname="backend.tests.test_iteration62_critical_upgrade.TestUpgradeValidationEndpoint" name="test_upgrade_validation_resolver_stats" time="0.083" /><testcase classname="backend.tests.test_iteration62_critical_upgrade.TestUpgradeValidationEndpoint" name="test_upgrade_validation_weather_asymmetric_config" time="0.065" /><testcase classname="backend.tests.test_iteration62_critical_upgrade.TestConfigEndpoint" name="test_config_returns_200" time="0.070" /><testcase classname="backend.tests.test_iteration62_critical_upgrade.TestConfigEndpoint" name="test_config_risk_has_new_exposure_fields" time="0.073" /><testcase classname="backend.tests.test_iteration62_critical_upgrade.TestWeatherLifecycleEndpoint" name="test_weather_lifecycle_returns_200" time="0.063" /><testcase classname="backend.tests.test_iteration62_critical_upgrade.TestWeatherLifecycleEndpoint" name="test_weather_lifecycle_config_has_market_collapse" time="0.095" /><testcase classname="backend.tests.test_iteration62_critical_upgrade.TestWeatherLifecycleEndpoint" name="test_weather_lifecycle_mode_is_shadow_exit" time="0.065" /><testcase classname="backend.tests.test_iteration62_critical_upgrade.TestStrategyConfigsEndpoint" name="test_strategy_configs_returns_200" time="0.076" /><testcase classname="backend.tests.test_iteration62_critical_upgrade.TestStrategyConfigsEndpoint" name="test_arb_max_stale_age_is_300" time="0.071" /><testcase classname="backend.tests.test_iteration62_critical_upgrade.TestStrategyConfigsEndpoint" name="test_weather_asymmetric_min_model_prob_is_020" time="0.070" /><testcase classname="backend.tests.test_iteration62_critical_upgrade.TestStrategyConfigsEndpoint" name="test_weather_lifecycle_mode_is_shadow_exit" time="0.063" /><testcase classname="backend.tests.test_iteration62_critical_upgrade.TestResolverStatsInTrades" name="test_trades_strategy_attribution" time="0.078" /><testcase classname="backend.tests.test_iteration62_critical_upgrade.TestResolverStatsInTrades" name="test_recent_resolutions_have_zombie_type" time="0.060" /><testcase classname="backend.tests.test_iteration62_critical_upgrade.TestHealthEndpoint" name="test_health_returns_200" time="0.138" /><testcase classname="backend.tests.test_iteration62_critical_upgrade.TestHealthEndpoint" name="test_engine_is_running" time="0.078" /><testcase classname="backend.tests.test_iteration62_critical_upgrade.TestExitCandidatesEndpoint" name="test_exit_candidates_returns_200" time="0.066" /><testcase classname="backend.tests.test_iteration62_critical_upgrade.TestExitCandidatesEndpoint" name="test_exit_candidates_config_has_market_collapse" time="0.070" /><testcase classname="backend.tests.test_iteration62_critical_upgrade.TestExitCandidatesEndpoint" name="test_exit_candidates_mode_is_shadow_exit" time="0.069" /></testsuite></testsuites>