<?xml version="1.0" encoding="utf-8"?><testsuites name="pytest tests"><testsuite name="pytest" errors="0" failures="0" skipped="0" tests="25" time="2.055" timestamp="2026-03-16T00:34:16.852767+00:00" hostname="agent-env-5a4290c7-e6bf-4aa1-8b0c-6bb32a333724"><testcase classname="backend.tests.test_global_analytics_feature.TestGlobalAnalyticsEndpoint" name="test_global_analytics_returns_200" time="0.129" /><testcase classname="backend.tests.test_global_analytics_feature.TestGlobalAnalyticsEndpoint" name="test_global_analytics_has_required_sections" time="0.070" /><testcase classname="backend.tests.test_global_analytics_feature.TestStrategyPerformanceSection" name="test_strategy_performance_aggregate_fields" time="0.084" /><testcase classname="backend.tests.test_global_analytics_feature.TestStrategyPerformanceSection" name="test_strategy_performance_by_strategy" time="0.097" /><testcase classname="backend.tests.test_global_analytics_feature.TestStrategyPerformanceSection" name="test_weather_trader_strategy_fields" time="0.134" /><testcase classname="backend.tests.test_global_analytics_feature.TestStrategyPerformanceSection" name="test_arb_scanner_strategy_fields" time="0.083" /><testcase classname="backend.tests.test_global_analytics_feature.TestStrategyPerformanceSection" name="test_crypto_sniper_strategy_fields" time="0.068" /><testcase classname="backend.tests.test_global_analytics_feature.TestForecastQualitySection" name="test_forecast_quality_global_metrics" time="0.073" /><testcase classname="backend.tests.test_global_analytics_feature.TestForecastQualitySection" name="test_forecast_quality_has_real_data" time="0.064" /><testcase classname="backend.tests.test_global_analytics_feature.TestForecastQualitySection" name="test_forecast_quality_global_mae" time="0.062" /><testcase classname="backend.tests.test_global_analytics_feature.TestForecastQualitySection" name="test_forecast_quality_error_distribution" time="0.063" /><testcase classname="backend.tests.test_global_analytics_feature.TestForecastQualitySection" name="test_forecast_quality_station_metrics" time="0.097" /><testcase classname="backend.tests.test_global_analytics_feature.TestForecastQualitySection" name="test_klga_station_metrics_structure" time="0.085" /><testcase classname="backend.tests.test_global_analytics_feature.TestLiquidityInsightsSection" name="test_liquidity_insights_score_fields" time="0.068" /><testcase classname="backend.tests.test_global_analytics_feature.TestLiquidityInsightsSection" name="test_liquidity_insights_rejection_fields" time="0.083" /><testcase classname="backend.tests.test_global_analytics_feature.TestTimeseriesSection" name="test_timeseries_has_required_arrays" time="0.089" /><testcase classname="backend.tests.test_global_analytics_feature.TestTimeseriesSection" name="test_timeseries_empty_when_no_trades" time="0.070" /><testcase classname="backend.tests.test_global_analytics_feature.TestRegressionExistingEndpoints" name="test_health_endpoint" time="0.065" /><testcase classname="backend.tests.test_global_analytics_feature.TestRegressionExistingEndpoints" name="test_status_endpoint" time="0.096" /><testcase classname="backend.tests.test_global_analytics_feature.TestRegressionExistingEndpoints" name="test_config_endpoint" time="0.063" /><testcase classname="backend.tests.test_global_analytics_feature.TestRegressionExistingEndpoints" name="test_analytics_summary_endpoint" time="0.066" /><testcase classname="backend.tests.test_global_analytics_feature.TestRegressionExistingEndpoints" name="test_analytics_strategies_endpoint" time="0.074" /><testcase classname="backend.tests.test_global_analytics_feature.TestRegressionExistingEndpoints" name="test_weather_health_endpoint" time="0.073" /><testcase classname="backend.tests.test_global_analytics_feature.TestRegressionExistingEndpoints" name="test_arb_health_endpoint" time="0.062" /><testcase classname="backend.tests.test_global_analytics_feature.TestRegressionExistingEndpoints" name="test_sniper_health_endpoint" time="0.063" /></testsuite></testsuites>