<?xml version="1.0" encoding="utf-8"?><testsuites name="pytest tests"><testsuite name="pytest" errors="0" failures="0" skipped="0" tests="30" time="3.967" timestamp="2026-03-14T14:46:20.690417+00:00" hostname="agent-env-5a4290c7-e6bf-4aa1-8b0c-6bb32a333724"><testcase classname="backend.tests.test_weather_shadow_accuracy.TestWeatherShadowSummary" name="test_shadow_summary_returns_200" time="0.824" /><testcase classname="backend.tests.test_weather_shadow_accuracy.TestWeatherShadowSummary" name="test_shadow_summary_config_snapshot_fields" time="0.084" /><testcase classname="backend.tests.test_weather_shadow_accuracy.TestWeatherShadowSummary" name="test_shadow_summary_operational_stats_fields" time="0.083" /><testcase classname="backend.tests.test_weather_shadow_accuracy.TestWeatherShadowEnable" name="test_shadow_enable_returns_200" time="0.083" /><testcase classname="backend.tests.test_weather_shadow_accuracy.TestWeatherShadowEnable" name="test_shadow_enable_applies_conservative_overrides" time="0.095" /><testcase classname="backend.tests.test_weather_shadow_accuracy.TestWeatherShadowEnable" name="test_shadow_enable_reflected_in_summary" time="0.399" /><testcase classname="backend.tests.test_weather_shadow_accuracy.TestWeatherShadowReset" name="test_shadow_reset_returns_200" time="0.063" /><testcase classname="backend.tests.test_weather_shadow_accuracy.TestWeatherShadowReset" name="test_shadow_reset_restores_default_config" time="0.171" /><testcase classname="backend.tests.test_weather_shadow_accuracy.TestWeatherAccuracyHistory" name="test_accuracy_history_returns_200" time="0.112" /><testcase classname="backend.tests.test_weather_shadow_accuracy.TestWeatherAccuracyHistory" name="test_accuracy_history_with_limit" time="0.072" /><testcase classname="backend.tests.test_weather_shadow_accuracy.TestWeatherAccuracyHistory" name="test_accuracy_history_with_station_filter" time="0.092" /><testcase classname="backend.tests.test_weather_shadow_accuracy.TestWeatherAccuracyHistory" name="test_accuracy_history_record_structure" time="0.081" /><testcase classname="backend.tests.test_weather_shadow_accuracy.TestWeatherCalibration" name="test_calibration_returns_200" time="0.087" /><testcase classname="backend.tests.test_weather_shadow_accuracy.TestWeatherCalibration" name="test_calibration_has_required_fields" time="0.075" /><testcase classname="backend.tests.test_weather_shadow_accuracy.TestWeatherCalibration" name="test_calibration_status_values" time="0.099" /><testcase classname="backend.tests.test_weather_shadow_accuracy.TestWeatherCalibration" name="test_calibration_station_summaries" time="0.109" /><testcase classname="backend.tests.test_weather_shadow_accuracy.TestWeatherUnresolved" name="test_unresolved_returns_200" time="0.087" /><testcase classname="backend.tests.test_weather_shadow_accuracy.TestWeatherUnresolved" name="test_unresolved_records_not_resolved" time="0.084" /><testcase classname="backend.tests.test_weather_shadow_accuracy.TestWeatherResolve" name="test_resolve_requires_fields" time="0.193" /><testcase classname="backend.tests.test_weather_shadow_accuracy.TestWeatherResolve" name="test_resolve_returns_200_on_valid_input" time="0.088" /><testcase classname="backend.tests.test_weather_shadow_accuracy.TestExistingWeatherEndpointsRegression" name="test_weather_health_returns_200" time="0.090" /><testcase classname="backend.tests.test_weather_shadow_accuracy.TestExistingWeatherEndpointsRegression" name="test_weather_signals_returns_200" time="0.074" /><testcase classname="backend.tests.test_weather_shadow_accuracy.TestExistingWeatherEndpointsRegression" name="test_weather_executions_returns_200" time="0.093" /><testcase classname="backend.tests.test_weather_shadow_accuracy.TestExistingWeatherEndpointsRegression" name="test_weather_forecasts_returns_200" time="0.099" /><testcase classname="backend.tests.test_weather_shadow_accuracy.TestExistingWeatherEndpointsRegression" name="test_weather_stations_returns_200" time="0.074" /><testcase classname="backend.tests.test_weather_shadow_accuracy.TestExistingWeatherEndpointsRegression" name="test_weather_config_returns_200" time="0.078" /><testcase classname="backend.tests.test_weather_shadow_accuracy.TestDemoModeWeatherEndpoints" name="test_demo_shadow_summary_returns_200" time="0.084" /><testcase classname="backend.tests.test_weather_shadow_accuracy.TestDemoModeWeatherEndpoints" name="test_demo_accuracy_history_returns_200" time="0.104" /><testcase classname="backend.tests.test_weather_shadow_accuracy.TestDemoModeWeatherEndpoints" name="test_demo_accuracy_calibration_returns_200" time="0.084" /><testcase classname="backend.tests.test_weather_shadow_accuracy.TestMongoDBCollection" name="test_accuracy_data_isolated_to_forecast_accuracy_collection" time="0.076" /></testsuite></testsuites>