<?xml version="1.0" encoding="utf-8"?><testsuites name="pytest tests"><testsuite name="pytest" errors="0" failures="0" skipped="0" tests="21" time="2.732" timestamp="2026-03-13T15:35:33.768496+00:00" hostname="agent-env-5297b10e-c6bc-411c-8cf3-0d98e9c34de4"><testcase classname="backend.tests.test_phase8b_live_safeguards.TestCancelOrderEndpoint" name="test_cancel_nonexistent_order_returns_404" time="0.143" /><testcase classname="backend.tests.test_phase8b_live_safeguards.TestCancelOrderEndpoint" name="test_cancel_random_uuid_returns_404" time="0.103" /><testcase classname="backend.tests.test_phase8b_live_safeguards.TestSlippageProtectionConfig" name="test_execution_status_has_slippage_protection" time="0.081" /><testcase classname="backend.tests.test_phase8b_live_safeguards.TestSlippageProtectionConfig" name="test_execution_status_default_slippage_values" time="0.078" /><testcase classname="backend.tests.test_phase8b_live_safeguards.TestLiveAdapterEnhancements" name="test_live_adapter_has_fill_update_method" time="0.093" /><testcase classname="backend.tests.test_phase8b_live_safeguards.TestLiveAdapterEnhancements" name="test_live_adapter_has_poll_interval_seconds" time="0.104" /><testcase classname="backend.tests.test_phase8b_live_safeguards.TestLiveAdapterEnhancements" name="test_live_adapter_has_cancelled_and_slippage_rejected_counters" time="0.075" /><testcase classname="backend.tests.test_phase8b_live_safeguards.TestWalletEndpoint" name="test_wallet_has_correct_structure" time="0.493" /><testcase classname="backend.tests.test_phase8b_live_safeguards.TestExecutionOrdersEndpoint" name="test_execution_orders_returns_array" time="0.100" /><testcase classname="backend.tests.test_phase8b_live_safeguards.TestExecutionModeEndpoint" name="test_execution_mode_get" time="0.109" /><testcase classname="backend.tests.test_phase8b_live_safeguards.TestExecutionModeEndpoint" name="test_execution_mode_set_live_without_creds_returns_400" time="0.074" /><testcase classname="backend.tests.test_phase8b_live_safeguards.TestExecutionModeEndpoint" name="test_execution_mode_set_shadow_works" time="0.078" /><testcase classname="backend.tests.test_phase8b_live_safeguards.TestExecutionModeEndpoint" name="test_execution_mode_set_paper_works" time="0.078" /><testcase classname="backend.tests.test_phase8b_live_safeguards.TestPaperModeEngineControl" name="test_engine_start_in_paper_mode" time="0.411" /><testcase classname="backend.tests.test_phase8b_live_safeguards.TestPaperModeEngineControl" name="test_engine_stop" time="0.075" /><testcase classname="backend.tests.test_phase8b_live_safeguards.TestRegressionEndpoints" name="test_health_returns_healthy" time="0.090" /><testcase classname="backend.tests.test_phase8b_live_safeguards.TestRegressionEndpoints" name="test_config_includes_persisted_and_last_saved" time="0.090" /><testcase classname="backend.tests.test_phase8b_live_safeguards.TestRegressionEndpoints" name="test_config_risk_has_slippage_fields" time="0.120" /><testcase classname="backend.tests.test_phase8b_live_safeguards.TestRegressionEndpoints" name="test_pnl_history_works" time="0.087" /><testcase classname="backend.tests.test_phase8b_live_safeguards.TestRegressionEndpoints" name="test_ticker_feed_returns_array" time="0.071" /><testcase classname="backend.tests.test_phase8b_live_safeguards.TestCleanup" name="test_reset_to_paper_mode" time="0.122" /></testsuite></testsuites>