<?xml version="1.0" encoding="utf-8"?><testsuites name="pytest tests"><testsuite name="pytest" errors="0" failures="0" skipped="0" tests="8" time="5.544" timestamp="2026-03-17T00:20:52.704837+00:00" hostname="agent-env-5a4290c7-e6bf-4aa1-8b0c-6bb32a333724"><testcase classname="backend.tests.test_pnl_chart_fix.TestPnlHistoryEndpoint" name="test_pnl_history_returns_200" time="4.398" /><testcase classname="backend.tests.test_pnl_chart_fix.TestPnlHistoryEndpoint" name="test_pnl_history_contains_latest_close_at" time="0.065" /><testcase classname="backend.tests.test_pnl_chart_fix.TestPnlHistoryEndpoint" name="test_pnl_history_contains_server_time" time="0.085" /><testcase classname="backend.tests.test_pnl_chart_fix.TestPnlHistoryEndpoint" name="test_pnl_history_points_have_full_timestamp" time="0.096" /><testcase classname="backend.tests.test_pnl_chart_fix.TestPnlHistoryEndpoint" name="test_pnl_history_has_expected_fields" time="0.518" /><testcase classname="backend.tests.test_pnl_chart_fix.TestDataConsistency" name="test_close_count_matches_across_endpoints" time="0.174" /><testcase classname="backend.tests.test_pnl_chart_fix.TestDataConsistency" name="test_pnl_history_points_count_matches_close_trades" time="0.082" /><testcase classname="backend.tests.test_pnl_chart_fix.TestTimestampRangeForXAxisFormat" name="test_data_spans_multiple_days" time="0.065" /></testsuite></testsuites>