<?xml version="1.0" encoding="utf-8"?><testsuites name="pytest tests"><testsuite name="pytest" errors="0" failures="0" skipped="0" tests="14" time="7.290" timestamp="2026-03-17T19:51:43.224180+00:00" hostname="agent-env-5a4290c7-e6bf-4aa1-8b0c-6bb32a333724"><testcase classname="tests.test_iteration51_resolution_time.TestResolutionTimeFields" name="test_positions_by_strategy_returns_200" time="5.936" /><testcase classname="tests.test_iteration51_resolution_time.TestResolutionTimeFields" name="test_weather_positions_have_resolution_fields" time="0.115" /><testcase classname="tests.test_iteration51_resolution_time.TestResolutionTimeFields" name="test_resolves_at_is_valid_iso_timestamp" time="0.311" /><testcase classname="tests.test_iteration51_resolution_time.TestResolutionTimeFields" name="test_resolution_category_values" time="0.090" /><testcase classname="tests.test_iteration51_resolution_time.TestResolutionTimeFields" name="test_opened_at_is_valid_timestamp" time="0.077" /><testcase classname="tests.test_iteration51_resolution_time.TestResolutionTimeFields" name="test_time_open_seconds_positive" time="0.069" /><testcase classname="tests.test_iteration51_resolution_time.TestResolutionTimeFields" name="test_time_to_resolution_seconds_consistent" time="0.079" /><testcase classname="tests.test_iteration51_resolution_time.TestDateParser" name="test_weather_object_has_parsed_data" time="0.070" /><testcase classname="tests.test_iteration51_resolution_time.TestDateParser" name="test_target_date_format" time="0.080" /><testcase classname="tests.test_iteration51_resolution_time.TestAnalyticsSummary" name="test_analytics_summary_returns_200" time="0.070" /><testcase classname="tests.test_iteration51_resolution_time.TestAnalyticsSummary" name="test_analytics_summary_has_realized_pnl" time="0.083" /><testcase classname="tests.test_iteration51_resolution_time.TestAnalyticsSummary" name="test_analytics_summary_positive_pnl" time="0.065" /><testcase classname="tests.test_iteration51_resolution_time.TestPositionCounts" name="test_weather_position_count" time="0.107" /><testcase classname="tests.test_iteration51_resolution_time.TestPositionCounts" name="test_summaries_included" time="0.071" /></testsuite></testsuites>