<?xml version="1.0" encoding="utf-8"?><testsuites name="pytest tests"><testsuite name="pytest" errors="0" failures="0" skipped="0" tests="22" time="2.229" timestamp="2026-03-13T13:37:06.370246+00:00" hostname="agent-env-5297b10e-c6bc-411c-8cf3-0d98e9c34de4"><testcase classname="backend.tests.test_phase5b_sniper_integration.TestSniperSignalsEndpoint" name="test_signals_endpoint_returns_200" time="0.145" /><testcase classname="backend.tests.test_phase5b_sniper_integration.TestSniperSignalsEndpoint" name="test_signals_has_correct_structure" time="0.092" /><testcase classname="backend.tests.test_phase5b_sniper_integration.TestSniperSignalsEndpoint" name="test_signals_limit_parameter" time="0.112" /><testcase classname="backend.tests.test_phase5b_sniper_integration.TestSniperExecutionsEndpoint" name="test_executions_endpoint_returns_200" time="0.076" /><testcase classname="backend.tests.test_phase5b_sniper_integration.TestSniperExecutionsEndpoint" name="test_executions_has_correct_structure" time="0.107" /><testcase classname="backend.tests.test_phase5b_sniper_integration.TestSniperHealthEndpoint" name="test_health_endpoint_returns_200" time="0.076" /><testcase classname="backend.tests.test_phase5b_sniper_integration.TestSniperHealthEndpoint" name="test_health_has_config" time="0.088" /><testcase classname="backend.tests.test_phase5b_sniper_integration.TestSniperHealthEndpoint" name="test_health_has_running_state" time="0.103" /><testcase classname="backend.tests.test_phase5b_sniper_integration.TestSniperHealthEndpoint" name="test_health_has_price_buffer_sizes" time="0.112" /><testcase classname="backend.tests.test_phase5b_sniper_integration.TestSniperHealthEndpoint" name="test_health_has_scanner_metrics" time="0.073" /><testcase classname="backend.tests.test_phase5b_sniper_integration.TestSniperHealthEndpoint" name="test_health_has_rejection_reasons" time="0.111" /><testcase classname="backend.tests.test_phase5b_sniper_integration.TestSniperHealthEndpoint" name="test_health_has_volatility_data" time="0.097" /><testcase classname="backend.tests.test_phase5b_sniper_integration.TestExistingEndpointsRegression" name="test_health_endpoint" time="0.110" /><testcase classname="backend.tests.test_phase5b_sniper_integration.TestExistingEndpointsRegression" name="test_status_shows_crypto_sniper_strategy" time="0.100" /><testcase classname="backend.tests.test_phase5b_sniper_integration.TestExistingEndpointsRegression" name="test_arb_opportunities_endpoint" time="0.080" /><testcase classname="backend.tests.test_phase5b_sniper_integration.TestExistingEndpointsRegression" name="test_arb_health_endpoint" time="0.068" /><testcase classname="backend.tests.test_phase5b_sniper_integration.TestExistingEndpointsRegression" name="test_arb_executions_endpoint" time="0.084" /><testcase classname="backend.tests.test_phase5b_sniper_integration.TestExistingEndpointsRegression" name="test_positions_endpoint" time="0.101" /><testcase classname="backend.tests.test_phase5b_sniper_integration.TestExistingEndpointsRegression" name="test_trades_endpoint" time="0.102" /><testcase classname="backend.tests.test_phase5b_sniper_integration.TestExistingEndpointsRegression" name="test_orders_endpoint" time="0.092" /><testcase classname="backend.tests.test_phase5b_sniper_integration.TestExistingEndpointsRegression" name="test_markets_endpoint" time="0.125" /><testcase classname="backend.tests.test_phase5b_sniper_integration.TestExistingEndpointsRegression" name="test_config_endpoint" time="0.092" /></testsuite></testsuites>