<?xml version="1.0" encoding="utf-8"?><testsuites name="pytest tests"><testsuite name="pytest" errors="0" failures="0" skipped="0" tests="23" time="6.689" timestamp="2026-03-16T20:16:51.937330+00:00" hostname="agent-env-5a4290c7-e6bf-4aa1-8b0c-6bb32a333724"><testcase classname="backend.tests.test_spa_routing_and_apis.TestSPARouting" name="test_root_returns_html" time="0.120" /><testcase classname="backend.tests.test_spa_routing_and_apis.TestSPARouting" name="test_positions_page_returns_html" time="0.070" /><testcase classname="backend.tests.test_spa_routing_and_apis.TestSPARouting" name="test_sniper_page_returns_html" time="0.086" /><testcase classname="backend.tests.test_spa_routing_and_apis.TestSPARouting" name="test_weather_page_returns_html" time="0.072" /><testcase classname="backend.tests.test_spa_routing_and_apis.TestSPARouting" name="test_analytics_page_returns_html" time="0.082" /><testcase classname="backend.tests.test_spa_routing_and_apis.TestSPARouting" name="test_global_analytics_page_returns_html" time="0.064" /><testcase classname="backend.tests.test_spa_routing_and_apis.TestSPARouting" name="test_risk_page_returns_html" time="0.059" /><testcase classname="backend.tests.test_spa_routing_and_apis.TestSPARouting" name="test_markets_page_returns_html" time="0.079" /><testcase classname="backend.tests.test_spa_routing_and_apis.TestSPARouting" name="test_settings_page_returns_html" time="0.061" /><testcase classname="backend.tests.test_spa_routing_and_apis.TestSPARouting" name="test_arbitrage_page_returns_html" time="0.096" /><testcase classname="backend.tests.test_spa_routing_and_apis.TestCoreAPIs" name="test_api_health_returns_json" time="4.876" /><testcase classname="backend.tests.test_spa_routing_and_apis.TestCoreAPIs" name="test_api_positions_returns_json_array" time="0.107" /><testcase classname="backend.tests.test_spa_routing_and_apis.TestCoreAPIs" name="test_api_health_discovery_returns_json" time="0.068" /><testcase classname="backend.tests.test_spa_routing_and_apis.TestCoreAPIs" name="test_api_status_returns_json" time="0.078" /><testcase classname="backend.tests.test_spa_routing_and_apis.TestCoreAPIs" name="test_api_config_returns_json" time="0.080" /><testcase classname="backend.tests.test_spa_routing_and_apis.TestCoreAPIs" name="test_api_markets_returns_json" time="0.078" /><testcase classname="backend.tests.test_spa_routing_and_apis.TestCoreAPIs" name="test_api_trades_returns_json" time="0.067" /><testcase classname="backend.tests.test_spa_routing_and_apis.TestCoreAPIs" name="test_api_orders_returns_json" time="0.068" /><testcase classname="backend.tests.test_spa_routing_and_apis.TestStrategyAPIs" name="test_api_sniper_health" time="0.080" /><testcase classname="backend.tests.test_spa_routing_and_apis.TestStrategyAPIs" name="test_api_weather_health" time="0.058" /><testcase classname="backend.tests.test_spa_routing_and_apis.TestStrategyAPIs" name="test_api_arb_health" time="0.088" /><testcase classname="backend.tests.test_spa_routing_and_apis.TestStrategyAPIs" name="test_api_market_resolver_health" time="0.070" /><testcase classname="backend.tests.test_spa_routing_and_apis.TestTelegramNotifierEndpoints" name="test_api_alerts_status" time="0.062" /></testsuite></testsuites>