<?xml version="1.0" encoding="utf-8"?><testsuites name="pytest tests"><testsuite name="pytest" errors="0" failures="0" skipped="0" tests="17" time="6.840" timestamp="2026-03-19T08:57:02.736641+00:00" hostname="agent-env-5a4290c7-e6bf-4aa1-8b0c-6bb32a333724"><testcase classname="backend.tests.test_iteration67_rolling_pnl.TestHealthEndpoint" name="test_health_returns_200" time="4.943" /><testcase classname="backend.tests.test_iteration67_rolling_pnl.TestUpgradeTrackingRollingPnL" name="test_upgrade_tracking_returns_200" time="0.304" /><testcase classname="backend.tests.test_iteration67_rolling_pnl.TestUpgradeTrackingRollingPnL" name="test_rolling_pnl_has_all_sections" time="0.130" /><testcase classname="backend.tests.test_iteration67_rolling_pnl.TestUpgradeTrackingRollingPnL" name="test_rolling_pnl_pnl_per_hour_fields" time="0.085" /><testcase classname="backend.tests.test_iteration67_rolling_pnl.TestUpgradeTrackingRollingPnL" name="test_rolling_pnl_trades_fields" time="0.074" /><testcase classname="backend.tests.test_iteration67_rolling_pnl.TestUpgradeTrackingRollingPnL" name="test_rolling_pnl_trades_per_hour_fields" time="0.102" /><testcase classname="backend.tests.test_iteration67_rolling_pnl.TestUpgradeTrackingRollingPnL" name="test_system_status_fields" time="0.095" /><testcase classname="backend.tests.test_iteration67_rolling_pnl.TestUISnapshotRollingPnL" name="test_ui_snapshot_returns_200" time="0.085" /><testcase classname="backend.tests.test_iteration67_rolling_pnl.TestUISnapshotRollingPnL" name="test_portfolio_rolling_pnl_has_all_sections" time="0.095" /><testcase classname="backend.tests.test_iteration67_rolling_pnl.TestUISnapshotRollingPnL" name="test_portfolio_rolling_pnl_window_structure" time="0.105" /><testcase classname="backend.tests.test_iteration67_rolling_pnl.TestRollingPnLValues" name="test_rolling_pnl_values_not_null" time="0.108" /><testcase classname="backend.tests.test_iteration67_rolling_pnl.TestRollingPnLValues" name="test_rolling_pnl_window_consistency" time="0.086" /><testcase classname="backend.tests.test_iteration67_rolling_pnl.TestRollingPnLValues" name="test_crypto_pnl_per_hour_differs_across_windows" time="0.095" /><testcase classname="backend.tests.test_iteration67_rolling_pnl.TestOtherEndpoints" name="test_upgrade_validation_returns_200" time="0.096" /><testcase classname="backend.tests.test_iteration67_rolling_pnl.TestOtherEndpoints" name="test_arb_diagnostics_returns_200" time="0.077" /><testcase classname="backend.tests.test_iteration67_rolling_pnl.TestOtherEndpoints" name="test_controls_returns_200" time="0.076" /><testcase classname="backend.tests.test_iteration67_rolling_pnl.TestRollingPnLModuleIntegration" name="test_ui_snapshot_and_upgrade_tracking_consistency" time="0.214" /></testsuite></testsuites>