<?xml version="1.0" encoding="utf-8"?><testsuites name="pytest tests"><testsuite name="pytest" errors="0" failures="0" skipped="0" tests="13" time="1.550" timestamp="2026-03-13T13:50:48.016496+00:00" hostname="agent-env-5297b10e-c6bc-411c-8cf3-0d98e9c34de4"><testcase classname="backend.tests.test_pnl_chart_feature.TestPnlHistoryEndpoint" name="test_pnl_history_returns_200" time="0.171" /><testcase classname="backend.tests.test_pnl_chart_feature.TestPnlHistoryEndpoint" name="test_pnl_history_structure" time="0.317" /><testcase classname="backend.tests.test_pnl_chart_feature.TestPnlHistoryEndpoint" name="test_pnl_history_empty_state" time="0.091" /><testcase classname="backend.tests.test_pnl_chart_feature.TestPnlHistoryEndpoint" name="test_pnl_history_point_structure" time="0.105" /><testcase classname="backend.tests.test_pnl_chart_feature.TestRegressionEndpoints" name="test_health_endpoint" time="0.074" /><testcase classname="backend.tests.test_pnl_chart_feature.TestRegressionEndpoints" name="test_status_endpoint" time="0.085" /><testcase classname="backend.tests.test_pnl_chart_feature.TestRegressionEndpoints" name="test_sniper_health_endpoint" time="0.078" /><testcase classname="backend.tests.test_pnl_chart_feature.TestRegressionEndpoints" name="test_arb_health_endpoint" time="0.098" /><testcase classname="backend.tests.test_pnl_chart_feature.TestRegressionEndpoints" name="test_positions_endpoint" time="0.077" /><testcase classname="backend.tests.test_pnl_chart_feature.TestRegressionEndpoints" name="test_trades_endpoint" time="0.093" /><testcase classname="backend.tests.test_pnl_chart_feature.TestRegressionEndpoints" name="test_orders_endpoint" time="0.094" /><testcase classname="backend.tests.test_pnl_chart_feature.TestRegressionEndpoints" name="test_markets_endpoint" time="0.100" /><testcase classname="backend.tests.test_pnl_chart_feature.TestRegressionEndpoints" name="test_config_endpoint" time="0.106" /></testsuite></testsuites>