<?xml version="1.0" encoding="utf-8"?><testsuites name="pytest tests"><testsuite name="pytest" errors="0" failures="0" skipped="0" tests="16" time="1.794" timestamp="2026-03-17T23:38:53.220286+00:00" hostname="agent-env-5a4290c7-e6bf-4aa1-8b0c-6bb32a333724"><testcase classname="backend.tests.test_iteration54_threshold_simulator.TestSimulateEndpointBasics" name="test_simulate_endpoint_returns_200" time="0.236" /><testcase classname="backend.tests.test_iteration54_threshold_simulator.TestSimulateEndpointBasics" name="test_simulate_returns_required_fields" time="0.088" /><testcase classname="backend.tests.test_iteration54_threshold_simulator.TestSimulateEndpointBasics" name="test_simulate_returns_sim_thresholds" time="0.074" /><testcase classname="backend.tests.test_iteration54_threshold_simulator.TestSimulateEndpointBasics" name="test_simulate_returns_live_thresholds" time="0.080" /><testcase classname="backend.tests.test_iteration54_threshold_simulator.TestSimulatePerReasonBreakdown" name="test_per_reason_structure" time="0.068" /><testcase classname="backend.tests.test_iteration54_threshold_simulator.TestSimulatePerReasonBreakdown" name="test_per_reason_delta_calculated_correctly" time="0.062" /><testcase classname="backend.tests.test_iteration54_threshold_simulator.TestSimulateDecisionQuality" name="test_decision_quality_structure" time="0.063" /><testcase classname="backend.tests.test_iteration54_threshold_simulator.TestSimulateDecisionQuality" name="test_decision_quality_percentages_add_up" time="0.071" /><testcase classname="backend.tests.test_iteration54_threshold_simulator.TestSimulateComparison" name="test_comparison_structure" time="0.088" /><testcase classname="backend.tests.test_iteration54_threshold_simulator.TestSimulateComparison" name="test_comparison_delta_matches_candidates" time="0.060" /><testcase classname="backend.tests.test_iteration54_threshold_simulator.TestThresholdPresets" name="test_aggressive_produces_more_candidates" time="0.136" /><testcase classname="backend.tests.test_iteration54_threshold_simulator.TestThresholdPresets" name="test_conservative_produces_fewer_candidates" time="0.135" /><testcase classname="backend.tests.test_iteration54_threshold_simulator.TestSimulationDoesNotModifyLive" name="test_simulation_does_not_modify_live_data" time="0.210" /><testcase classname="backend.tests.test_iteration54_threshold_simulator.TestSimulationDoesNotModifyLive" name="test_simulation_does_not_affect_exit_candidates_endpoint" time="0.207" /><testcase classname="backend.tests.test_iteration54_threshold_simulator.TestRegressionPreviousFeatures" name="test_lifecycle_dashboard_still_works" time="0.060" /><testcase classname="backend.tests.test_iteration54_threshold_simulator.TestRegressionPreviousFeatures" name="test_positions_by_strategy_still_enriched" time="0.085" /></testsuite></testsuites>