<?xml version="1.0" encoding="utf-8"?><testsuites name="pytest tests"><testsuite name="pytest" errors="0" failures="1" skipped="0" tests="16" time="3.174" timestamp="2026-03-17T23:20:25.159863+00:00" hostname="agent-env-5a4290c7-e6bf-4aa1-8b0c-6bb32a333724"><testcase classname="backend.tests.test_iteration53_lifecycle_dashboard.TestLifecycleDashboardAPI" name="test_lifecycle_dashboard_returns_200" time="0.950"><failure message="AssertionError: Expected 200, got 500&#10;assert 500 == 200&#10; +  where 500 = &lt;Response [500]&gt;.status_code">backend/tests/test_iteration53_lifecycle_dashboard.py:20: in test_lifecycle_dashboard_returns_200
    assert response.status_code == 200, f"Expected 200, got {response.status_code}"
E   AssertionError: Expected 200, got 500
E   assert 500 == 200
E    +  where 500 = &lt;Response [500]&gt;.status_code</failure></testcase><testcase classname="backend.tests.test_iteration53_lifecycle_dashboard.TestLifecycleDashboardAPI" name="test_dashboard_has_all_required_sections" time="1.052" /><testcase classname="backend.tests.test_iteration53_lifecycle_dashboard.TestLifecycleDashboardAPI" name="test_summary_has_required_fields" time="0.083" /><testcase classname="backend.tests.test_iteration53_lifecycle_dashboard.TestLifecycleDashboardAPI" name="test_reason_distribution_structure" time="0.086" /><testcase classname="backend.tests.test_iteration53_lifecycle_dashboard.TestLifecycleDashboardAPI" name="test_time_buckets_has_required_keys" time="0.081" /><testcase classname="backend.tests.test_iteration53_lifecycle_dashboard.TestLifecycleDashboardAPI" name="test_sold_vs_held_structure" time="0.086" /><testcase classname="backend.tests.test_iteration53_lifecycle_dashboard.TestLifecycleDashboardAPI" name="test_sold_vs_held_by_reason_structure" time="0.080" /><testcase classname="backend.tests.test_iteration53_lifecycle_dashboard.TestLifecycleDashboardAPI" name="test_profit_distribution_has_all_ranges" time="0.072" /><testcase classname="backend.tests.test_iteration53_lifecycle_dashboard.TestLifecycleDashboardAPI" name="test_config_contains_all_thresholds" time="0.068" /><testcase classname="backend.tests.test_iteration53_lifecycle_dashboard.TestLifecycleDashboardAPI" name="test_shadow_exits_is_list" time="0.089" /><testcase classname="backend.tests.test_iteration53_lifecycle_dashboard.TestLifecycleDashboardDataIntegrity" name="test_exit_candidate_counts_match" time="0.070" /><testcase classname="backend.tests.test_iteration53_lifecycle_dashboard.TestLifecycleDashboardDataIntegrity" name="test_time_bucket_totals_match_positions_evaluated" time="0.065" /><testcase classname="backend.tests.test_iteration53_lifecycle_dashboard.TestLifecycleDashboardDataIntegrity" name="test_profit_distribution_total_matches_positions_evaluated" time="0.060" /><testcase classname="backend.tests.test_iteration53_lifecycle_dashboard.TestPreviousLifecycleFeatures" name="test_exit_candidates_endpoint_still_works" time="0.061" /><testcase classname="backend.tests.test_iteration53_lifecycle_dashboard.TestPreviousLifecycleFeatures" name="test_lifecycle_endpoint_still_works" time="0.080" /><testcase classname="backend.tests.test_iteration53_lifecycle_dashboard.TestPreviousLifecycleFeatures" name="test_positions_by_strategy_has_lifecycle_data" time="0.102" /></testsuite></testsuites>