<?xml version="1.0" encoding="utf-8"?><testsuites name="pytest tests"><testsuite name="pytest" errors="0" failures="0" skipped="0" tests="18" time="2.011" timestamp="2026-03-16T13:47:47.719990+00:00" hostname="agent-env-5a4290c7-e6bf-4aa1-8b0c-6bb32a333724"><testcase classname="tests.test_dual_layer_discovery.TestDiscoveryHealthEndpoint" name="test_discovery_endpoint_returns_200" time="0.142" /><testcase classname="tests.test_dual_layer_discovery.TestDiscoveryHealthEndpoint" name="test_discovery_stats_structure" time="0.080" /><testcase classname="tests.test_dual_layer_discovery.TestDiscoveryHealthEndpoint" name="test_broad_markets_loaded_500" time="0.100" /><testcase classname="tests.test_dual_layer_discovery.TestDiscoveryHealthEndpoint" name="test_crypto_events_scanned_3000" time="0.099" /><testcase classname="tests.test_dual_layer_discovery.TestDiscoveryHealthEndpoint" name="test_no_crypto_fetch_errors" time="0.151" /><testcase classname="tests.test_dual_layer_discovery.TestDiscoveryHealthEndpoint" name="test_timestamps_present" time="0.075" /><testcase classname="tests.test_dual_layer_discovery.TestDiscoveryHealthEndpoint" name="test_crypto_markets_discovered_zero_expected" time="0.083" /><testcase classname="tests.test_dual_layer_discovery.TestDiscoveryInStatus" name="test_status_contains_discovery" time="0.082" /><testcase classname="tests.test_dual_layer_discovery.TestDiscoveryInStatus" name="test_status_discovery_matches_endpoint" time="0.159" /><testcase classname="tests.test_dual_layer_discovery.TestSniperHealthWithDiscovery" name="test_sniper_health_returns_200" time="0.075" /><testcase classname="tests.test_dual_layer_discovery.TestSniperHealthWithDiscovery" name="test_sniper_has_markets_classified" time="0.125" /><testcase classname="tests.test_dual_layer_discovery.TestArbHealthWithDiscovery" name="test_arb_health_returns_200" time="0.071" /><testcase classname="tests.test_dual_layer_discovery.TestArbHealthWithDiscovery" name="test_arb_pairs_scanned_500" time="0.095" /><testcase classname="tests.test_dual_layer_discovery.TestRegressionEndpoints" name="test_health_returns_200" time="0.093" /><testcase classname="tests.test_dual_layer_discovery.TestRegressionEndpoints" name="test_status_returns_200" time="0.120" /><testcase classname="tests.test_dual_layer_discovery.TestRegressionEndpoints" name="test_weather_health_returns_200" time="0.092" /><testcase classname="tests.test_dual_layer_discovery.TestRegressionEndpoints" name="test_global_analytics_returns_200" time="0.129" /><testcase classname="tests.test_dual_layer_discovery.TestRegressionEndpoints" name="test_auto_resolver_running" time="0.183" /></testsuite></testsuites>