<?xml version="1.0" encoding="utf-8"?><testsuites name="pytest tests"><testsuite name="pytest" errors="0" failures="0" skipped="0" tests="23" time="4.176" timestamp="2026-03-21T01:56:52.895872+00:00" hostname="agent-env-5a4290c7-e6bf-4aa1-8b0c-6bb32a333724"><testcase classname="backend.tests.test_iteration78_gabagool_kelly_regime.TestSniperHealthKellyTiers" name="test_sniper_health_max_signal_size_25" time="2.620" /><testcase classname="backend.tests.test_iteration78_gabagool_kelly_regime.TestSniperHealthKellyTiers" name="test_sniper_health_min_edge_bps_400" time="0.081" /><testcase classname="backend.tests.test_iteration78_gabagool_kelly_regime.TestSniperHealthKellyTiers" name="test_sniper_health_regime_paused_false" time="0.071" /><testcase classname="backend.tests.test_iteration78_gabagool_kelly_regime.TestSniperHealthKellyTiers" name="test_sniper_health_effective_min_edge_bps" time="0.061" /><testcase classname="backend.tests.test_iteration78_gabagool_kelly_regime.TestGabagoolLiveArb" name="test_gabagool_report_status_active" time="0.069" /><testcase classname="backend.tests.test_iteration78_gabagool_kelly_regime.TestGabagoolLiveArb" name="test_gabagool_report_threshold" time="0.065" /><testcase classname="backend.tests.test_iteration78_gabagool_kelly_regime.TestGabagoolLiveArb" name="test_gabagool_report_size_per_side" time="0.061" /><testcase classname="backend.tests.test_iteration78_gabagool_kelly_regime.TestGabagoolLiveArb" name="test_gabagool_positions_endpoint" time="0.065" /><testcase classname="backend.tests.test_iteration78_gabagool_kelly_regime.TestGabagoolLiveArb" name="test_gabagool_closed_endpoint" time="0.072" /><testcase classname="backend.tests.test_iteration78_gabagool_kelly_regime.TestEngineStatus" name="test_status_engine_running" time="0.059" /><testcase classname="backend.tests.test_iteration78_gabagool_kelly_regime.TestEngineStatus" name="test_status_paper_mode" time="0.064" /><testcase classname="backend.tests.test_iteration78_gabagool_kelly_regime.TestEngineStatus" name="test_status_three_strategies_active" time="0.063" /><testcase classname="backend.tests.test_iteration78_gabagool_kelly_regime.TestPositionsAndTrades" name="test_positions_endpoint" time="0.057" /><testcase classname="backend.tests.test_iteration78_gabagool_kelly_regime.TestPositionsAndTrades" name="test_trades_endpoint" time="0.072" /><testcase classname="backend.tests.test_iteration78_gabagool_kelly_regime.TestPositionsAndTrades" name="test_no_5_dollar_trades_in_recent" time="0.071" /><testcase classname="backend.tests.test_iteration78_gabagool_kelly_regime.TestShadowEngineRegression" name="test_phantom_report_active" time="0.066" /><testcase classname="backend.tests.test_iteration78_gabagool_kelly_regime.TestShadowEngineRegression" name="test_shadow_report_active" time="0.067" /><testcase classname="backend.tests.test_iteration78_gabagool_kelly_regime.TestTelegramIntegration" name="test_trigger_12h_analysis_endpoint" time="0.065" /><testcase classname="backend.tests.test_iteration78_gabagool_kelly_regime.TestRiskConfigKellyTiers" name="test_max_order_size_25" time="0.087" /><testcase classname="backend.tests.test_iteration78_gabagool_kelly_regime.TestRiskConfigKellyTiers" name="test_arb_max_exposure_60" time="0.055" /><testcase classname="backend.tests.test_iteration78_gabagool_kelly_regime.TestRiskConfigKellyTiers" name="test_weather_position_size_8" time="0.060" /><testcase classname="backend.tests.test_iteration78_gabagool_kelly_regime.TestHealthEndpoint" name="test_health_ok" time="0.076" /><testcase classname="backend.tests.test_iteration78_gabagool_kelly_regime.TestHealthEndpoint" name="test_health_engine_running" time="0.064" /></testsuite></testsuites>