<?xml version="1.0" encoding="utf-8"?><testsuites name="pytest tests"><testsuite name="pytest" errors="0" failures="0" skipped="0" tests="29" time="8.246" timestamp="2026-03-17T12:52:33.481089+00:00" hostname="agent-env-5a4290c7-e6bf-4aa1-8b0c-6bb32a333724"><testcase classname="tests.test_iteration42_features.TestStrategyTracker" name="test_strategy_tracker_returns_200" time="2.264" /><testcase classname="tests.test_iteration42_features.TestStrategyTracker" name="test_strategy_tracker_has_performance" time="0.082" /><testcase classname="tests.test_iteration42_features.TestStrategyTracker" name="test_strategy_tracker_has_rejections" time="0.072" /><testcase classname="tests.test_iteration42_features.TestStrategyTracker" name="test_strategy_tracker_has_signals" time="0.088" /><testcase classname="tests.test_iteration42_features.TestStrategyTracker" name="test_strategy_tracker_has_watchdog" time="0.097" /><testcase classname="tests.test_iteration42_features.TestStrategyTracker" name="test_strategy_tracker_has_position_slots" time="0.086" /><testcase classname="tests.test_iteration42_features.TestStrategyTracker" name="test_position_slots_has_headroom" time="0.078" /><testcase classname="tests.test_iteration42_features.TestStrategyTracker" name="test_position_slots_has_blocked_counts" time="3.148" /><testcase classname="tests.test_iteration42_features.TestSignalQuality" name="test_signal_quality_returns_200" time="0.129" /><testcase classname="tests.test_iteration42_features.TestSignalQuality" name="test_signal_quality_has_per_strategy_data" time="0.083" /><testcase classname="tests.test_iteration42_features.TestSignalQuality" name="test_signal_quality_shows_rejection_reasons" time="0.161" /><testcase classname="tests.test_iteration42_features.TestWatchdog" name="test_watchdog_returns_200" time="0.089" /><testcase classname="tests.test_iteration42_features.TestWatchdog" name="test_watchdog_has_timestamps" time="0.094" /><testcase classname="tests.test_iteration42_features.TestWatchdog" name="test_watchdog_has_thresholds" time="0.087" /><testcase classname="tests.test_iteration42_features.TestArbDiagnostics" name="test_arb_diagnostics_returns_200" time="0.088" /><testcase classname="tests.test_iteration42_features.TestArbDiagnostics" name="test_arb_diagnostics_has_markets_scanned" time="0.088" /><testcase classname="tests.test_iteration42_features.TestArbDiagnostics" name="test_arb_diagnostics_has_binary_pairs" time="0.096" /><testcase classname="tests.test_iteration42_features.TestArbDiagnostics" name="test_arb_diagnostics_has_multi_outcome_groups" time="0.109" /><testcase classname="tests.test_iteration42_features.TestArbDiagnostics" name="test_arb_diagnostics_has_raw_edges" time="0.089" /><testcase classname="tests.test_iteration42_features.TestArbDiagnostics" name="test_arb_diagnostics_has_rejection_log" time="0.064" /><testcase classname="tests.test_iteration42_features.TestArbHealth" name="test_arb_health_returns_200" time="0.357" /><testcase classname="tests.test_iteration42_features.TestArbHealth" name="test_arb_health_has_multi_groups_scanned" time="0.097" /><testcase classname="tests.test_iteration42_features.TestArbHealth" name="test_arb_health_has_total_scans" time="0.093" /><testcase classname="tests.test_iteration42_features.TestWeatherHealth" name="test_weather_health_returns_200" time="0.091" /><testcase classname="tests.test_iteration42_features.TestWeatherHealth" name="test_weather_health_markets_classified_field_exists" time="0.088" /><testcase classname="tests.test_iteration42_features.TestWeatherHealth" name="test_weather_health_gamma_events_discovered" time="0.077" /><testcase classname="tests.test_iteration42_features.TestWeatherGlobalExpansion" name="test_weather_stations_endpoint_exists" time="0.097" /><testcase classname="tests.test_iteration42_features.TestPositionSlotClassification" name="test_positions_classified_by_strategy" time="0.093" /><testcase classname="tests.test_iteration42_features.TestPositionSlotClassification" name="test_weather_vs_nonweather_counts" time="0.081" /></testsuite></testsuites>