<?xml version="1.0" encoding="utf-8"?><testsuites name="pytest tests"><testsuite name="pytest" errors="0" failures="0" skipped="0" tests="25" time="12.977" timestamp="2026-03-13T14:52:42.898895+00:00" hostname="agent-env-5297b10e-c6bc-411c-8cf3-0d98e9c34de4"><testcase classname="backend.tests.test_phase8_live_execution_adapter.TestExecutionModeAPI" name="test_execution_mode_returns_200" time="0.163" /><testcase classname="backend.tests.test_phase8_live_execution_adapter.TestExecutionModeAPI" name="test_execution_mode_has_expected_fields" time="0.098" /><testcase classname="backend.tests.test_phase8_live_execution_adapter.TestExecutionModeAPI" name="test_live_enabled_false_without_credentials" time="0.090" /><testcase classname="backend.tests.test_phase8_live_execution_adapter.TestExecutionModeAPI" name="test_safe_to_switch_live_false_without_credentials" time="0.090" /><testcase classname="backend.tests.test_phase8_live_execution_adapter.TestExecutionModeAPI" name="test_credentials_all_five_env_vars_false" time="0.090" /><testcase classname="backend.tests.test_phase8_live_execution_adapter.TestExecutionStatusAPI" name="test_execution_status_returns_200" time="0.096" /><testcase classname="backend.tests.test_phase8_live_execution_adapter.TestExecutionStatusAPI" name="test_execution_status_has_expected_fields" time="0.087" /><testcase classname="backend.tests.test_phase8_live_execution_adapter.TestExecutionStatusAPI" name="test_live_adapter_authenticated_false_without_credentials" time="0.088" /><testcase classname="backend.tests.test_phase8_live_execution_adapter.TestExecutionModePostAPI" name="test_post_mode_paper_returns_200" time="0.096" /><testcase classname="backend.tests.test_phase8_live_execution_adapter.TestExecutionModePostAPI" name="test_post_mode_live_returns_400_without_credentials" time="0.069" /><testcase classname="backend.tests.test_phase8_live_execution_adapter.TestExecutionModePostAPI" name="test_post_mode_shadow_returns_200" time="0.084" /><testcase classname="backend.tests.test_phase8_live_execution_adapter.TestExecutionModePostAPI" name="test_post_mode_invalid_returns_400" time="0.124" /><testcase classname="backend.tests.test_phase8_live_execution_adapter.TestExecutionModePostAPI" name="test_mode_paper_persists" time="0.195" /><testcase classname="backend.tests.test_phase8_live_execution_adapter.TestPaperModeExecution" name="test_paper_mode_engine_start" time="0.302" /><testcase classname="backend.tests.test_phase8_live_execution_adapter.TestPaperModeExecution" name="test_inject_arb_opportunity_in_paper_mode" time="0.230" /><testcase classname="backend.tests.test_phase8_live_execution_adapter.TestRiskEngineGating" name="test_risk_kill_switch_endpoints" time="0.261" /><testcase classname="backend.tests.test_phase8_live_execution_adapter.TestRegressionEndpoints" name="test_health_returns_healthy" time="0.108" /><testcase classname="backend.tests.test_phase8_live_execution_adapter.TestRegressionEndpoints" name="test_config_includes_persisted_and_last_saved" time="0.080" /><testcase classname="backend.tests.test_phase8_live_execution_adapter.TestRegressionEndpoints" name="test_ticker_feed_returns_array" time="0.070" /><testcase classname="backend.tests.test_phase8_live_execution_adapter.TestRegressionEndpoints" name="test_pnl_history_returns_expected_structure" time="0.082" /><testcase classname="backend.tests.test_phase8_live_execution_adapter.TestRegressionEndpoints" name="test_strategies_arb_health" time="0.082" /><testcase classname="backend.tests.test_phase8_live_execution_adapter.TestRegressionEndpoints" name="test_strategies_sniper_health" time="0.076" /><testcase classname="backend.tests.test_phase8_live_execution_adapter.TestRegressionEndpoints" name="test_status_endpoint" time="0.091" /><testcase classname="backend.tests.test_phase8_live_execution_adapter.TestCleanup" name="test_reset_to_paper_mode" time="0.088" /><testcase classname="backend.tests.test_phase8_live_execution_adapter.TestCleanup" name="test_stop_engine" time="10.079" /></testsuite></testsuites>