<?xml version="1.0" encoding="utf-8"?><testsuites name="pytest tests"><testsuite name="pytest" errors="0" failures="0" skipped="0" tests="21" time="8.062" timestamp="2026-03-18T21:22:34.292093+00:00" hostname="agent-env-5a4290c7-e6bf-4aa1-8b0c-6bb32a333724"><testcase classname="tests.test_iteration61_global_snapshot.TestDebugSnapshotV2Structure" name="test_ui_snapshot_returns_200" time="6.082" /><testcase classname="tests.test_iteration61_global_snapshot.TestDebugSnapshotV2Structure" name="test_snapshot_has_toplevel_keys" time="0.315" /><testcase classname="tests.test_iteration61_global_snapshot.TestFreshnessSection" name="test_freshness_has_required_fields" time="0.095" /><testcase classname="tests.test_iteration61_global_snapshot.TestPortfolioSection" name="test_portfolio_has_capital_allocation" time="0.080" /><testcase classname="tests.test_iteration61_global_snapshot.TestPortfolioSection" name="test_portfolio_has_pnl_by_strategy" time="0.098" /><testcase classname="tests.test_iteration61_global_snapshot.TestPortfolioSection" name="test_portfolio_has_concentration_risk" time="0.095" /><testcase classname="tests.test_iteration61_global_snapshot.TestStrategiesSection" name="test_strategies_has_all_four_sections" time="0.102" /><testcase classname="tests.test_iteration61_global_snapshot.TestStrategiesSection" name="test_weather_section_structure" time="0.084" /><testcase classname="tests.test_iteration61_global_snapshot.TestStrategiesSection" name="test_weather_asymmetric_section_structure" time="0.075" /><testcase classname="tests.test_iteration61_global_snapshot.TestStrategiesSection" name="test_crypto_section_structure" time="0.082" /><testcase classname="tests.test_iteration61_global_snapshot.TestStrategiesSection" name="test_arb_section_structure" time="0.079" /><testcase classname="tests.test_iteration61_global_snapshot.TestPositionFields" name="test_all_positions_have_required_fields" time="0.068" /><testcase classname="tests.test_iteration61_global_snapshot.TestPositionFields" name="test_crypto_positions_have_strategy_meta" time="0.102" /><testcase classname="tests.test_iteration61_global_snapshot.TestPositionFields" name="test_arb_positions_have_strategy_meta" time="0.083" /><testcase classname="tests.test_iteration61_global_snapshot.TestPositionFields" name="test_weather_positions_have_lifecycle" time="0.071" /><testcase classname="tests.test_iteration61_global_snapshot.TestStateSnapshotAuth" name="test_state_snapshot_requires_key" time="0.094" /><testcase classname="tests.test_iteration61_global_snapshot.TestStateSnapshotAuth" name="test_state_snapshot_returns_200_with_header" time="0.069" /><testcase classname="tests.test_iteration61_global_snapshot.TestStateSnapshotAuth" name="test_state_snapshot_returns_200_with_query_param" time="0.068" /><testcase classname="tests.test_iteration61_global_snapshot.TestPositionCounts" name="test_position_counts_match" time="0.082" /><testcase classname="tests.test_iteration61_global_snapshot.TestPositionCounts" name="test_capital_allocation_position_counts" time="0.087" /><testcase classname="tests.test_iteration61_global_snapshot.TestSnapshotBalanceVerification" name="test_snapshot_not_weather_biased" time="0.068" /></testsuite></testsuites>