<?xml version="1.0" encoding="utf-8"?><testsuites name="pytest tests"><testsuite name="pytest" errors="0" failures="0" skipped="0" tests="14" time="1.684" timestamp="2026-03-17T14:54:18.471314+00:00" hostname="agent-env-5a4290c7-e6bf-4aa1-8b0c-6bb32a333724"><testcase classname="tests.test_iteration44_features.TestStrategyAttributionEndpoint" name="test_endpoint_returns_200" time="0.196" /><testcase classname="tests.test_iteration44_features.TestStrategyAttributionEndpoint" name="test_returns_four_buckets" time="0.079" /><testcase classname="tests.test_iteration44_features.TestStrategyAttributionEndpoint" name="test_each_bucket_has_required_fields" time="0.114" /><testcase classname="tests.test_iteration44_features.TestStrategyAttributionEndpoint" name="test_crypto_has_trades_and_pnl" time="0.092" /><testcase classname="tests.test_iteration44_features.TestStrategyAttributionEndpoint" name="test_arb_has_positive_win_rate" time="0.089" /><testcase classname="tests.test_iteration44_features.TestStrategyAttributionEndpoint" name="test_arb_is_top_pnl_strategy" time="0.246" /><testcase classname="tests.test_iteration44_features.TestControlsEndpoint" name="test_endpoint_returns_200" time="0.088" /><testcase classname="tests.test_iteration44_features.TestControlsEndpoint" name="test_returns_paper_mode" time="0.111" /><testcase classname="tests.test_iteration44_features.TestControlsEndpoint" name="test_kill_switch_inactive" time="0.101" /><testcase classname="tests.test_iteration44_features.TestControlsEndpoint" name="test_has_limit_fields" time="0.073" /><testcase classname="tests.test_iteration44_features.TestControlsEndpoint" name="test_has_daily_pnl_and_exposure" time="0.103" /><testcase classname="tests.test_iteration44_features.TestControlsEndpoint" name="test_limits_status_has_remaining_values" time="0.147" /><testcase classname="tests.test_iteration44_features.TestStatusEndpoint" name="test_all_strategies_active" time="0.087" /><testcase classname="tests.test_iteration44_features.TestStrategyTrackerEndpoint" name="test_position_slots_has_per_strategy_headroom" time="0.106" /></testsuite></testsuites>