<?xml version="1.0" encoding="utf-8"?><testsuites name="pytest tests"><testsuite name="pytest" errors="0" failures="0" skipped="1" tests="65" time="11.100" timestamp="2026-03-16T13:28:49.901280+00:00" hostname="agent-env-5a4290c7-e6bf-4aa1-8b0c-6bb32a333724"><testcase classname="tests.test_phase5_crypto_sniper.TestSniperPricingModule" name="test_normal_cdf_at_zero" time="0.001" /><testcase classname="tests.test_phase5_crypto_sniper.TestSniperPricingModule" name="test_normal_cdf_positive" time="0.000" /><testcase classname="tests.test_phase5_crypto_sniper.TestSniperPricingModule" name="test_normal_cdf_negative" time="0.000" /><testcase classname="tests.test_phase5_crypto_sniper.TestSniperPricingModule" name="test_fair_probability_atm" time="0.000" /><testcase classname="tests.test_phase5_crypto_sniper.TestSniperPricingModule" name="test_fair_probability_itm" time="0.000" /><testcase classname="tests.test_phase5_crypto_sniper.TestSniperPricingModule" name="test_fair_probability_otm" time="0.000" /><testcase classname="tests.test_phase5_crypto_sniper.TestSniperPricingModule" name="test_fair_probability_below_direction" time="0.000" /><testcase classname="tests.test_phase5_crypto_sniper.TestSniperPricingModule" name="test_edge_bps_calculation" time="0.000" /><testcase classname="tests.test_phase5_crypto_sniper.TestSniperPricingModule" name="test_edge_bps_negative" time="0.000" /><testcase classname="tests.test_phase5_crypto_sniper.TestSniperPricingModule" name="test_realized_volatility_insufficient_samples" time="0.000" /><testcase classname="tests.test_phase5_crypto_sniper.TestSniperPricingModule" name="test_realized_volatility_sufficient_samples" time="0.000" /><testcase classname="tests.test_phase5_crypto_sniper.TestSniperPricingModule" name="test_momentum_calculation" time="0.000" /><testcase classname="tests.test_phase5_crypto_sniper.TestSniperPricingModule" name="test_signal_confidence_high_liquidity" time="0.000" /><testcase classname="tests.test_phase5_crypto_sniper.TestMarketClassification" name="test_parse_btc_above" time="0.000" /><testcase classname="tests.test_phase5_crypto_sniper.TestMarketClassification" name="test_parse_eth_below" time="0.000" /><testcase classname="tests.test_phase5_crypto_sniper.TestMarketClassification" name="test_parse_bitcoin_variant" time="0.000" /><testcase classname="tests.test_phase5_crypto_sniper.TestMarketClassification" name="test_reject_non_crypto" time="0.000" /><testcase classname="tests.test_phase5_crypto_sniper.TestMarketClassification" name="test_parse_price_without_comma" time="0.000" /><testcase classname="tests.test_phase5_crypto_sniper.TestSniperHealthEndpoint" name="test_health_returns_200" time="0.123" /><testcase classname="tests.test_phase5_crypto_sniper.TestSniperHealthEndpoint" name="test_health_contains_config" time="0.087" /><testcase classname="tests.test_phase5_crypto_sniper.TestSniperHealthEndpoint" name="test_health_contains_running_state" time="0.093" /><testcase classname="tests.test_phase5_crypto_sniper.TestSniperHealthEndpoint" name="test_health_contains_price_buffers" time="0.084" /><testcase classname="tests.test_phase5_crypto_sniper.TestSniperHealthEndpoint" name="test_health_contains_metrics" time="0.075" /><testcase classname="tests.test_phase5_crypto_sniper.TestSniperSignalsEndpoint" name="test_signals_returns_200" time="0.083" /><testcase classname="tests.test_phase5_crypto_sniper.TestSniperSignalsEndpoint" name="test_signals_structure" time="0.072" /><testcase classname="tests.test_phase5_crypto_sniper.TestSniperSignalsEndpoint" name="test_signals_limit_param" time="0.110" /><testcase classname="tests.test_phase5_crypto_sniper.TestSniperSignalsEndpoint" name="test_signal_fields_if_present" time="0.109" /><testcase classname="tests.test_phase5_crypto_sniper.TestSniperExecutionsEndpoint" name="test_executions_returns_200" time="0.095" /><testcase classname="tests.test_phase5_crypto_sniper.TestSniperExecutionsEndpoint" name="test_executions_structure" time="0.101" /><testcase classname="tests.test_phase5_crypto_sniper.TestSniperExecutionsEndpoint" name="test_completed_execution_fields_if_present" time="0.079" /><testcase classname="tests.test_phase5_crypto_sniper.TestInjectCryptoMarket" name="test_inject_requires_running_engine" time="0.079" /><testcase classname="tests.test_phase5_crypto_sniper.TestCoreEndpointsRegression" name="test_status_returns_200" time="0.117" /><testcase classname="tests.test_phase5_crypto_sniper.TestCoreEndpointsRegression" name="test_status_shows_crypto_sniper" time="0.102" /><testcase classname="tests.test_phase5_crypto_sniper.TestCoreEndpointsRegression" name="test_config_returns_200" time="0.115" /><testcase classname="tests.test_phase5_crypto_sniper.TestCoreEndpointsRegression" name="test_config_shows_crypto_sniper" time="0.092" /><testcase classname="tests.test_phase5_crypto_sniper.TestCoreEndpointsRegression" name="test_health_returns_200" time="0.091" /><testcase classname="tests.test_phase5_crypto_sniper.TestArbEndpointsRegression" name="test_arb_opportunities_returns_200" time="0.125" /><testcase classname="tests.test_phase5_crypto_sniper.TestArbEndpointsRegression" name="test_arb_health_returns_200" time="0.073" /><testcase classname="tests.test_phase5_crypto_sniper.TestArbEndpointsRegression" name="test_arb_executions_returns_200" time="0.079" /><testcase classname="tests.test_phase5_crypto_sniper.TestEngineWithSniper" name="test_engine_start_registers_both_strategies" time="8.690" /><testcase classname="tests.test_phase5_crypto_sniper.TestEngineWithSniper" name="test_engine_status_shows_running" time="0.095" /><testcase classname="tests.test_phase5_crypto_sniper.TestFullPipeline" name="test_inject_and_check_signals" time="0.185"><skipped type="pytest.skip" message="Insufficient volatility data - need 30+ samples">/app/backend/tests/test_phase5_crypto_sniper.py:477: Insufficient volatility data - need 30+ samples</skipped></testcase><testcase classname="tests.test_slug_classifier.TestStrikeParser" name="test_parse_strike_plain_number" time="0.000" /><testcase classname="tests.test_slug_classifier.TestStrikeParser" name="test_parse_strike_with_comma" time="0.000" /><testcase classname="tests.test_slug_classifier.TestStrikeParser" name="test_parse_strike_k_suffix" time="0.000" /><testcase classname="tests.test_slug_classifier.TestStrikeParser" name="test_parse_strike_m_suffix" time="0.000" /><testcase classname="tests.test_slug_classifier.TestStrikeParser" name="test_parse_strike_decimal_with_k" time="0.000" /><testcase classname="tests.test_slug_classifier.TestStrikeParser" name="test_parse_strike_decimal_with_m" time="0.000" /><testcase classname="tests.test_slug_classifier.TestSlugPatterns" name="test_updown_slug_pattern" time="0.000" /><testcase classname="tests.test_slug_classifier.TestSlugPatterns" name="test_bitcoin_up_or_down_slug_pattern" time="0.000" /><testcase classname="tests.test_slug_classifier.TestSlugPatterns" name="test_bitcoin_above_price_slug_pattern" time="0.000" /><testcase classname="tests.test_slug_classifier.TestSlugPatterns" name="test_will_bitcoin_hit_slug_pattern" time="0.000" /><testcase classname="tests.test_slug_classifier.TestSlugPatterns" name="test_will_bitcoin_hit_1m_slug_pattern" time="0.000" /><testcase classname="tests.test_slug_classifier.TestSlugClassification" name="test_classify_updown_slug" time="0.000" /><testcase classname="tests.test_slug_classifier.TestSlugClassification" name="test_classify_bitcoin_up_or_down_slug" time="0.000" /><testcase classname="tests.test_slug_classifier.TestSlugClassification" name="test_classify_bitcoin_above_price_slug" time="0.000" /><testcase classname="tests.test_slug_classifier.TestSlugClassification" name="test_classify_will_bitcoin_hit_slug" time="0.000" /><testcase classname="tests.test_slug_classifier.TestSlugClassification" name="test_classify_will_bitcoin_hit_1m_slug" time="0.000" /><testcase classname="tests.test_slug_classifier.TestQuestionFallbackClassification" name="test_question_fallback_hit" time="0.000" /><testcase classname="tests.test_slug_classifier.TestQuestionFallbackClassification" name="test_question_fallback_reach" time="0.000" /><testcase classname="tests.test_slug_classifier.TestQuestionFallbackClassification" name="test_question_fallback_dip" time="0.000" /><testcase classname="tests.test_slug_classifier.TestQuestionFallbackClassification" name="test_question_fallback_between_range" time="0.000" /><testcase classname="tests.test_slug_classifier.TestQuestionFallbackClassification" name="test_question_fallback_bitcoin_up_or_down" time="0.000" /><testcase classname="tests.test_slug_classifier.TestBackwardCompatibility" name="test_question_only_btc_above" time="0.000" /><testcase classname="tests.test_slug_classifier.TestBackwardCompatibility" name="test_question_only_eth_below" time="0.000" /></testsuite></testsuites>