<?xml version="1.0" encoding="utf-8"?><testsuites name="pytest tests"><testsuite name="pytest" errors="0" failures="0" skipped="0" tests="28" time="4.858" timestamp="2026-03-16T18:20:13.295721+00:00" hostname="agent-env-5a4290c7-e6bf-4aa1-8b0c-6bb32a333724"><testcase classname="backend.tests.test_railway_deployment.TestHealthEndpoint" name="test_health_endpoint_returns_200" time="3.010" /><testcase classname="backend.tests.test_railway_deployment.TestHealthEndpoint" name="test_health_status_healthy_or_starting" time="0.076" /><testcase classname="backend.tests.test_railway_deployment.TestHealthEndpoint" name="test_health_engine_running" time="0.127" /><testcase classname="backend.tests.test_railway_deployment.TestHealthEndpoint" name="test_health_market_feeds_active_or_initializing" time="0.073" /><testcase classname="backend.tests.test_railway_deployment.TestHealthEndpoint" name="test_health_resolver_running" time="0.071" /><testcase classname="backend.tests.test_railway_deployment.TestHealthEndpoint" name="test_health_mode_paper" time="0.362" /><testcase classname="backend.tests.test_railway_deployment.TestHealthEndpoint" name="test_health_strategies_enabled" time="0.092" /><testcase classname="backend.tests.test_railway_deployment.TestEngineAutoStart" name="test_status_endpoint_returns_200" time="0.084" /><testcase classname="backend.tests.test_railway_deployment.TestEngineAutoStart" name="test_engine_running_with_uptime" time="0.067" /><testcase classname="backend.tests.test_railway_deployment.TestEngineAutoStart" name="test_engine_started_without_manual_call" time="0.084" /><testcase classname="backend.tests.test_railway_deployment.TestMarketDataFeedAutoStart" name="test_discovery_health_returns_200" time="0.074" /><testcase classname="backend.tests.test_railway_deployment.TestMarketDataFeedAutoStart" name="test_crypto_markets_discovered" time="0.077" /><testcase classname="backend.tests.test_railway_deployment.TestCryptoSniperAutoStart" name="test_sniper_health_returns_200" time="0.068" /><testcase classname="backend.tests.test_railway_deployment.TestCryptoSniperAutoStart" name="test_sniper_running" time="0.074" /><testcase classname="backend.tests.test_railway_deployment.TestWeatherTraderAutoStart" name="test_weather_health_returns_200" time="0.071" /><testcase classname="backend.tests.test_railway_deployment.TestWeatherTraderAutoStart" name="test_weather_running" time="0.064" /><testcase classname="backend.tests.test_railway_deployment.TestMarketResolverAutoStart" name="test_market_resolver_health_returns_200" time="0.081" /><testcase classname="backend.tests.test_railway_deployment.TestMarketResolverAutoStart" name="test_market_resolver_running" time="0.075" /><testcase classname="backend.tests.test_railway_deployment.TestDeploymentFilesExistence" name="test_requirements_txt_exists" time="0.000" /><testcase classname="backend.tests.test_railway_deployment.TestDeploymentFilesExistence" name="test_requirements_txt_has_required_packages" time="0.000" /><testcase classname="backend.tests.test_railway_deployment.TestDeploymentFilesExistence" name="test_procfile_exists" time="0.000" /><testcase classname="backend.tests.test_railway_deployment.TestDeploymentFilesExistence" name="test_procfile_has_web_command" time="0.000" /><testcase classname="backend.tests.test_railway_deployment.TestDeploymentFilesExistence" name="test_railway_toml_exists" time="0.000" /><testcase classname="backend.tests.test_railway_deployment.TestDeploymentFilesExistence" name="test_railway_toml_has_healthcheck_path" time="0.000" /><testcase classname="backend.tests.test_railway_deployment.TestServerCodeConfiguration" name="test_server_has_main_block_with_port" time="0.000" /><testcase classname="backend.tests.test_railway_deployment.TestServerCodeConfiguration" name="test_server_supports_mongo_uri" time="0.000" /><testcase classname="backend.tests.test_railway_deployment.TestArbScannerAutoStart" name="test_arb_health_returns_200" time="0.071" /><testcase classname="backend.tests.test_railway_deployment.TestArbScannerAutoStart" name="test_arb_running" time="0.081" /></testsuite></testsuites>